----------------------------------------
Begin PBS Prologue Sat Mar 31 09:07:39 EDT 2012 1333199259
Job ID:		155192.egeon2
Username:	hoangha1
Group:		jaumard1
Nodes:		node-c1-01
End PBS Prologue Sat Mar 31 09:07:40 EDT 2012 1333199260
----------------------------------------
converting ../RWA/atlanta.rwa  --> atlanta.ran
converting atlanta.ran  --> atlanta-d0-t0-q0.net
converting atlanta.ran  --> atlanta-d10-t0-q0.net
converting atlanta.ran  --> atlanta-d20-t0-q0.net
converting atlanta.ran  --> atlanta-d30-t0-q0.net
converting atlanta.ran  --> atlanta-d40-t0-q0.net
converting atlanta.ran  --> atlanta-d50-t0-q0.net
converting atlanta.ran  --> atlanta-d60-t0-q0.net
converting atlanta.ran  --> atlanta-d70-t0-q0.net
converting atlanta.ran  --> atlanta-d80-t0-q0.net
converting atlanta.ran  --> atlanta-d90-t0-q0.net
converting atlanta.ran  --> atlanta-d100-t0-q0.net
converting atlanta.ran  --> atlanta-d50-t10-q0.net
converting atlanta.ran  --> atlanta-d50-t20-q10.net
converting ../RWA/cost266.rwa  --> cost266.ran
converting cost266.ran  --> cost266-d0-t0-q0.net
converting cost266.ran  --> cost266-d10-t0-q0.net
converting cost266.ran  --> cost266-d20-t0-q0.net
converting cost266.ran  --> cost266-d30-t0-q0.net
converting cost266.ran  --> cost266-d40-t0-q0.net
converting cost266.ran  --> cost266-d50-t0-q0.net
converting cost266.ran  --> cost266-d60-t0-q0.net
converting cost266.ran  --> cost266-d70-t0-q0.net
converting cost266.ran  --> cost266-d80-t0-q0.net
converting cost266.ran  --> cost266-d90-t0-q0.net
converting cost266.ran  --> cost266-d100-t0-q0.net
converting cost266.ran  --> cost266-d50-t10-q0.net
converting cost266.ran  --> cost266-d50-t20-q10.net
converting ../RWA/dfn-bwin.rwa  --> dfn-bwin.ran
converting dfn-bwin.ran  --> dfn-bwin-d0-t0-q0.net
converting dfn-bwin.ran  --> dfn-bwin-d10-t0-q0.net
converting dfn-bwin.ran  --> dfn-bwin-d20-t0-q0.net
converting dfn-bwin.ran  --> dfn-bwin-d30-t0-q0.net
converting dfn-bwin.ran  --> dfn-bwin-d40-t0-q0.net
converting dfn-bwin.ran  --> dfn-bwin-d50-t0-q0.net
converting dfn-bwin.ran  --> dfn-bwin-d60-t0-q0.net
converting dfn-bwin.ran  --> dfn-bwin-d70-t0-q0.net
converting dfn-bwin.ran  --> dfn-bwin-d80-t0-q0.net
converting dfn-bwin.ran  --> dfn-bwin-d90-t0-q0.net
converting dfn-bwin.ran  --> dfn-bwin-d100-t0-q0.net
converting dfn-bwin.ran  --> dfn-bwin-d50-t10-q0.net
converting dfn-bwin.ran  --> dfn-bwin-d50-t20-q10.net
converting ../RWA/dfn-gwin.rwa  --> dfn-gwin.ran
converting dfn-gwin.ran  --> dfn-gwin-d0-t0-q0.net
converting dfn-gwin.ran  --> dfn-gwin-d10-t0-q0.net
converting dfn-gwin.ran  --> dfn-gwin-d20-t0-q0.net
converting dfn-gwin.ran  --> dfn-gwin-d30-t0-q0.net
converting dfn-gwin.ran  --> dfn-gwin-d40-t0-q0.net
converting dfn-gwin.ran  --> dfn-gwin-d50-t0-q0.net
converting dfn-gwin.ran  --> dfn-gwin-d60-t0-q0.net
converting dfn-gwin.ran  --> dfn-gwin-d70-t0-q0.net
converting dfn-gwin.ran  --> dfn-gwin-d80-t0-q0.net
converting dfn-gwin.ran  --> dfn-gwin-d90-t0-q0.net
converting dfn-gwin.ran  --> dfn-gwin-d100-t0-q0.net
converting dfn-gwin.ran  --> dfn-gwin-d50-t10-q0.net
converting dfn-gwin.ran  --> dfn-gwin-d50-t20-q10.net
converting ../RWA/di-yuan.rwa  --> di-yuan.ran
converting di-yuan.ran  --> di-yuan-d0-t0-q0.net
converting di-yuan.ran  --> di-yuan-d10-t0-q0.net
converting di-yuan.ran  --> di-yuan-d20-t0-q0.net
converting di-yuan.ran  --> di-yuan-d30-t0-q0.net
converting di-yuan.ran  --> di-yuan-d40-t0-q0.net
converting di-yuan.ran  --> di-yuan-d50-t0-q0.net
converting di-yuan.ran  --> di-yuan-d60-t0-q0.net
converting di-yuan.ran  --> di-yuan-d70-t0-q0.net
converting di-yuan.ran  --> di-yuan-d80-t0-q0.net
converting di-yuan.ran  --> di-yuan-d90-t0-q0.net
converting di-yuan.ran  --> di-yuan-d100-t0-q0.net
converting di-yuan.ran  --> di-yuan-d50-t10-q0.net
converting di-yuan.ran  --> di-yuan-d50-t20-q10.net
converting ../RWA/france.rwa  --> france.ran
converting france.ran  --> france-d0-t0-q0.net
converting france.ran  --> france-d10-t0-q0.net
converting france.ran  --> france-d20-t0-q0.net
converting france.ran  --> france-d30-t0-q0.net
converting france.ran  --> france-d40-t0-q0.net
converting france.ran  --> france-d50-t0-q0.net
converting france.ran  --> france-d60-t0-q0.net
converting france.ran  --> france-d70-t0-q0.net
converting france.ran  --> france-d80-t0-q0.net
converting france.ran  --> france-d90-t0-q0.net
converting france.ran  --> france-d100-t0-q0.net
converting france.ran  --> france-d50-t10-q0.net
converting france.ran  --> france-d50-t20-q10.net
converting ../RWA/geant.rwa  --> geant.ran
converting geant.ran  --> geant-d0-t0-q0.net
converting geant.ran  --> geant-d10-t0-q0.net
converting geant.ran  --> geant-d20-t0-q0.net
converting geant.ran  --> geant-d30-t0-q0.net
converting geant.ran  --> geant-d40-t0-q0.net
converting geant.ran  --> geant-d50-t0-q0.net
converting geant.ran  --> geant-d60-t0-q0.net
converting geant.ran  --> geant-d70-t0-q0.net
converting geant.ran  --> geant-d80-t0-q0.net
converting geant.ran  --> geant-d90-t0-q0.net
converting geant.ran  --> geant-d100-t0-q0.net
converting geant.ran  --> geant-d50-t10-q0.net
converting geant.ran  --> geant-d50-t20-q10.net
converting ../RWA/germany50.rwa  --> germany50.ran
converting germany50.ran  --> germany50-d0-t0-q0.net
converting germany50.ran  --> germany50-d10-t0-q0.net
converting germany50.ran  --> germany50-d20-t0-q0.net
converting germany50.ran  --> germany50-d30-t0-q0.net
converting germany50.ran  --> germany50-d40-t0-q0.net
converting germany50.ran  --> germany50-d50-t0-q0.net
converting germany50.ran  --> germany50-d60-t0-q0.net
converting germany50.ran  --> germany50-d70-t0-q0.net
converting germany50.ran  --> germany50-d80-t0-q0.net
converting germany50.ran  --> germany50-d90-t0-q0.net
converting germany50.ran  --> germany50-d100-t0-q0.net
converting germany50.ran  --> germany50-d50-t10-q0.net
converting germany50.ran  --> germany50-d50-t20-q10.net
converting ../RWA/newyork.rwa  --> newyork.ran
converting newyork.ran  --> newyork-d0-t0-q0.net
converting newyork.ran  --> newyork-d10-t0-q0.net
converting newyork.ran  --> newyork-d20-t0-q0.net
converting newyork.ran  --> newyork-d30-t0-q0.net
converting newyork.ran  --> newyork-d40-t0-q0.net
converting newyork.ran  --> newyork-d50-t0-q0.net
converting newyork.ran  --> newyork-d60-t0-q0.net
converting newyork.ran  --> newyork-d70-t0-q0.net
converting newyork.ran  --> newyork-d80-t0-q0.net
converting newyork.ran  --> newyork-d90-t0-q0.net
converting newyork.ran  --> newyork-d100-t0-q0.net
converting newyork.ran  --> newyork-d50-t10-q0.net
converting newyork.ran  --> newyork-d50-t20-q10.net
converting ../RWA/nobel-eu.rwa  --> nobel-eu.ran
converting nobel-eu.ran  --> nobel-eu-d0-t0-q0.net
converting nobel-eu.ran  --> nobel-eu-d10-t0-q0.net
converting nobel-eu.ran  --> nobel-eu-d20-t0-q0.net
converting nobel-eu.ran  --> nobel-eu-d30-t0-q0.net
converting nobel-eu.ran  --> nobel-eu-d40-t0-q0.net
converting nobel-eu.ran  --> nobel-eu-d50-t0-q0.net
converting nobel-eu.ran  --> nobel-eu-d60-t0-q0.net
converting nobel-eu.ran  --> nobel-eu-d70-t0-q0.net
converting nobel-eu.ran  --> nobel-eu-d80-t0-q0.net
converting nobel-eu.ran  --> nobel-eu-d90-t0-q0.net
converting nobel-eu.ran  --> nobel-eu-d100-t0-q0.net
converting nobel-eu.ran  --> nobel-eu-d50-t10-q0.net
converting nobel-eu.ran  --> nobel-eu-d50-t20-q10.net
converting ../RWA/nobel-germany.rwa  --> nobel-germany.ran
converting nobel-germany.ran  --> nobel-germany-d0-t0-q0.net
converting nobel-germany.ran  --> nobel-germany-d10-t0-q0.net
converting nobel-germany.ran  --> nobel-germany-d20-t0-q0.net
converting nobel-germany.ran  --> nobel-germany-d30-t0-q0.net
converting nobel-germany.ran  --> nobel-germany-d40-t0-q0.net
converting nobel-germany.ran  --> nobel-germany-d50-t0-q0.net
converting nobel-germany.ran  --> nobel-germany-d60-t0-q0.net
converting nobel-germany.ran  --> nobel-germany-d70-t0-q0.net
converting nobel-germany.ran  --> nobel-germany-d80-t0-q0.net
converting nobel-germany.ran  --> nobel-germany-d90-t0-q0.net
converting nobel-germany.ran  --> nobel-germany-d100-t0-q0.net
converting nobel-germany.ran  --> nobel-germany-d50-t10-q0.net
converting nobel-germany.ran  --> nobel-germany-d50-t20-q10.net
converting ../RWA/nobel-us.rwa  --> nobel-us.ran
converting nobel-us.ran  --> nobel-us-d0-t0-q0.net
converting nobel-us.ran  --> nobel-us-d10-t0-q0.net
converting nobel-us.ran  --> nobel-us-d20-t0-q0.net
converting nobel-us.ran  --> nobel-us-d30-t0-q0.net
converting nobel-us.ran  --> nobel-us-d40-t0-q0.net
converting nobel-us.ran  --> nobel-us-d50-t0-q0.net
converting nobel-us.ran  --> nobel-us-d60-t0-q0.net
converting nobel-us.ran  --> nobel-us-d70-t0-q0.net
converting nobel-us.ran  --> nobel-us-d80-t0-q0.net
converting nobel-us.ran  --> nobel-us-d90-t0-q0.net
converting nobel-us.ran  --> nobel-us-d100-t0-q0.net
converting nobel-us.ran  --> nobel-us-d50-t10-q0.net
converting nobel-us.ran  --> nobel-us-d50-t20-q10.net
converting ../RWA/norway.rwa  --> norway.ran
converting norway.ran  --> norway-d0-t0-q0.net
converting norway.ran  --> norway-d10-t0-q0.net
converting norway.ran  --> norway-d20-t0-q0.net
converting norway.ran  --> norway-d30-t0-q0.net
converting norway.ran  --> norway-d40-t0-q0.net
converting norway.ran  --> norway-d50-t0-q0.net
converting norway.ran  --> norway-d60-t0-q0.net
converting norway.ran  --> norway-d70-t0-q0.net
converting norway.ran  --> norway-d80-t0-q0.net
converting norway.ran  --> norway-d90-t0-q0.net
converting norway.ran  --> norway-d100-t0-q0.net
converting norway.ran  --> norway-d50-t10-q0.net
converting norway.ran  --> norway-d50-t20-q10.net
converting ../RWA/pdh.rwa  --> pdh.ran
converting pdh.ran  --> pdh-d0-t0-q0.net
converting pdh.ran  --> pdh-d10-t0-q0.net
converting pdh.ran  --> pdh-d20-t0-q0.net
converting pdh.ran  --> pdh-d30-t0-q0.net
converting pdh.ran  --> pdh-d40-t0-q0.net
converting pdh.ran  --> pdh-d50-t0-q0.net
converting pdh.ran  --> pdh-d60-t0-q0.net
converting pdh.ran  --> pdh-d70-t0-q0.net
converting pdh.ran  --> pdh-d80-t0-q0.net
converting pdh.ran  --> pdh-d90-t0-q0.net
converting pdh.ran  --> pdh-d100-t0-q0.net
converting pdh.ran  --> pdh-d50-t10-q0.net
converting pdh.ran  --> pdh-d50-t20-q10.net
converting ../RWA/pioro40.rwa  --> pioro40.ran
converting pioro40.ran  --> pioro40-d0-t0-q0.net
converting pioro40.ran  --> pioro40-d10-t0-q0.net
converting pioro40.ran  --> pioro40-d20-t0-q0.net
converting pioro40.ran  --> pioro40-d30-t0-q0.net
converting pioro40.ran  --> pioro40-d40-t0-q0.net
converting pioro40.ran  --> pioro40-d50-t0-q0.net
converting pioro40.ran  --> pioro40-d60-t0-q0.net
converting pioro40.ran  --> pioro40-d70-t0-q0.net
converting pioro40.ran  --> pioro40-d80-t0-q0.net
converting pioro40.ran  --> pioro40-d90-t0-q0.net
converting pioro40.ran  --> pioro40-d100-t0-q0.net
converting pioro40.ran  --> pioro40-d50-t10-q0.net
converting pioro40.ran  --> pioro40-d50-t20-q10.net
converting ../RWA/polska.rwa  --> polska.ran
converting polska.ran  --> polska-d0-t0-q0.net
converting polska.ran  --> polska-d10-t0-q0.net
converting polska.ran  --> polska-d20-t0-q0.net
converting polska.ran  --> polska-d30-t0-q0.net
converting polska.ran  --> polska-d40-t0-q0.net
converting polska.ran  --> polska-d50-t0-q0.net
converting polska.ran  --> polska-d60-t0-q0.net
converting polska.ran  --> polska-d70-t0-q0.net
converting polska.ran  --> polska-d80-t0-q0.net
converting polska.ran  --> polska-d90-t0-q0.net
converting polska.ran  --> polska-d100-t0-q0.net
converting polska.ran  --> polska-d50-t10-q0.net
converting polska.ran  --> polska-d50-t20-q10.net
----------------------------------------
Begin PBS Epilogue Sat Mar 31 09:42:01 EDT 2012 1333201321
Job ID:		155192.egeon2
Username:	hoangha1
Group:		jaumard1
Job Name:	server-run.pbs
Session:	1708
Limits:		neednodes=1:m48G:ppn=12,nodes=1:m48G:ppn=12,walltime=120:00:00
Resources:	cput=00:34:09,mem=2186896kb,vmem=2231492kb,walltime=00:34:17
Queue:		normale
Account:		
Nodes:	node-c1-01
Killing leftovers...

End PBS Epilogue Sat Mar 31 09:42:02 EDT 2012 1333201322
----------------------------------------
