----------------------------------------
Begin PBS Prologue Sun Nov  4 15:15:49 EST 2012 1352060149
Job ID:		582694.egeon2
Username:	hoangha1
Group:		jaumard1
Nodes:		node-c1-53
End PBS Prologue Sun Nov  4 15:15:49 EST 2012 1352060149
----------------------------------------

<<< setup

===================================== COLUMN GENERATION SOLVER =====================================


[:>] INPUT        : US-1-8192-1.dat
[:>] PARAMETER DEFINITION   : params.mod
[:>] PARAMETER DATA         : params.dat
[MODEL] >>> ROOT >>> prepro.mod (relax)
[MODEL] >>> KPATH >>> kpath.mod 
[MODEL] >>> RELAXMASTER >>> master.mod (relax)
[MODEL] >>> FINALMASTER >>> master.mod 
[MODEL] >>> SINGLEPRICE >>> singleprice.mod 
[MODEL] >>> MULTIPRICE >>> multiprice.mod 
============================================ PROCESSING ============================================

START PRE-PROCESSING

number of nodes :24
number of undirected edges :42
number of directed edges : 84
number of period : 1
total population : 292.26
TRAFFIC:1:2:17.25786692772447
TRAFFIC:1:3:26.67232588214781
TRAFFIC:1:4:28.17458653887497
TRAFFIC:1:5:30.00221775434555
TRAFFIC:1:6:12.31608529803091
TRAFFIC:1:7:17.7362285218856
TRAFFIC:1:8:22.38181036886875
TRAFFIC:1:9:22.40033363275333
TRAFFIC:1:10:10.33896604786071
TRAFFIC:1:11:39.10232324763707
TRAFFIC:1:12:27.67226398463999
TRAFFIC:1:13:29.76822221978298
TRAFFIC:1:14:32.63246593666904
TRAFFIC:1:15:38.64254297775745
TRAFFIC:1:16:31.93231661601098
TRAFFIC:1:17:13.72408552535725
TRAFFIC:1:18:28.13098836893868
TRAFFIC:1:19:26.59604285528692
TRAFFIC:1:20:39.27033893627917
TRAFFIC:1:21:33.23597563945228
TRAFFIC:1:22:30.14310555415494
TRAFFIC:1:23:26.68498464764071
TRAFFIC:1:24:31.16881723075638
TRAFFIC:2:1:9.970664915447093
TRAFFIC:2:3:10.90090689504198
TRAFFIC:2:4:11.32818722107606
TRAFFIC:2:5:11.82969131394216
TRAFFIC:2:6:5.974474745830507
TRAFFIC:2:7:8.036579787179351
TRAFFIC:2:8:9.599197793021055
TRAFFIC:2:9:9.605093927312149
TRAFFIC:2:10:5.147910230537873
TRAFFIC:2:11:14.06334319670273
TRAFFIC:2:12:11.18686442467052
TRAFFIC:2:13:11.76656832720467
TRAFFIC:2:14:12.51830460170545
TRAFFIC:2:15:13.95994396407312
TRAFFIC:2:16:12.3386711354247
TRAFFIC:2:17:6.537632189404811
TRAFFIC:2:18:11.31598211994042
TRAFFIC:2:19:10.87883406688944
TRAFFIC:2:20:14.1008993417377
TRAFFIC:2:21:12.67107809476546
TRAFFIC:2:22:11.86754684958134
TRAFFIC:2:23:10.90456619092131
TRAFFIC:2:24:12.13978688665673
TRAFFIC:3:1:34.7767558577505
TRAFFIC:3:2:24.60105901745276
TRAFFIC:3:4:42.68177221271559
TRAFFIC:3:5:45.93275296475752
TRAFFIC:3:6:17.09972507451394
TRAFFIC:3:7:25.34851577609821
TRAFFIC:3:8:32.81420422864836
TRAFFIC:3:9:32.84474411361025
TRAFFIC:3:10:14.20678285222295
TRAFFIC:3:11:63.20431042000916
TRAFFIC:3:12:41.80016984642278
TRAFFIC:3:13:45.51267684953239
TRAFFIC:3:14:50.73440086782778
TRAFFIC:3:15:62.28557998599608
TRAFFIC:3:16:49.44175782530036
TRAFFIC:3:17:19.19692177867714
TRAFFIC:3:18:42.60505353685105
TRAFFIC:3:19:39.92832125106089
TRAFFIC:3:20:63.54133180422595
TRAFFIC:3:21:51.85721925127517
TRAFFIC:3:22:46.18623013302341
TRAFFIC:3:23:40.08214582923743
TRAFFIC:3:24:48.04421611099068
TRAFFIC:4:1:41.880055882322
TRAFFIC:4:2:29.14560761570679
TRAFFIC:4:3:48.65908823375234
TRAFFIC:4:5:56.33251373478136
TRAFFIC:4:6:20.01928637485324
TRAFFIC:4:7:30.06694923529167
TRAFFIC:4:8:39.39144072517485
TRAFFIC:4:9:39.43004605468923
TRAFFIC:4:10:16.55699590734416
TRAFFIC:4:11:79.78747026375665
TRAFFIC:4:12:50.91720479933632
TRAFFIC:4:13:55.77868054439067
TRAFFIC:4:14:62.71801854589196
TRAFFIC:4:15:78.50524090694921
TRAFFIC:4:16:60.98898125906638
TRAFFIC:4:17:22.54900944089703
TRAFFIC:4:18:51.96616168124997
TRAFFIC:4:19:48.48840057194603
TRAFFIC:4:20:80.25883869258406
TRAFFIC:4:21:64.2259410974612
TRAFFIC:4:22:56.66707236705452
TRAFFIC:4:23:48.68743442183977
TRAFFIC:4:24:59.12795508966727
TRAFFIC:5:1:52.55738003186354
TRAFFIC:5:2:35.86879242844683
TRAFFIC:5:3:61.71271404893023
TRAFFIC:5:4:66.38802962217996
TRAFFIC:5:6:24.30038983044282
TRAFFIC:5:7:37.05452167273334
TRAFFIC:5:8:49.24447350466701
TRAFFIC:5:9:49.29567159385843
TRAFFIC:5:10:19.99398118782547
TRAFFIC:5:11:106.3750902815375
TRAFFIC:5:12:64.80567825944982
TRAFFIC:5:13:71.53953474455695
TRAFFIC:5:14:81.33308573362326
TRAFFIC:5:15:104.4452107758262
TRAFFIC:5:16:78.87258594349406
TRAFFIC:5:17:27.47522159397417
TRAFFIC:5:18:66.24992108900059
TRAFFIC:5:19:61.47981011741519
TRAFFIC:5:20:107.0865942464568
TRAFFIC:5:21:83.49007346702469
TRAFFIC:5:22:72.7813038039406
TRAFFIC:5:23:61.75140457605079
TRAFFIC:5:24:76.23939053210484
TRAFFIC:6:1:4.357188521985258
TRAFFIC:6:2:3.658443794977693
TRAFFIC:6:3:4.639750348445796
TRAFFIC:6:4:4.764667006682921
TRAFFIC:6:5:4.907570584649691
TRAFFIC:6:7:3.718539444002662
TRAFFIC:6:8:4.240091397240713
TRAFFIC:6:9:4.241969749049887
TRAFFIC:6:10:2.611324001829521
TRAFFIC:6:11:5.49931168244425
TRAFFIC:6:12:4.723678728198863
TRAFFIC:6:13:4.88979903846873
TRAFFIC:6:14:5.097541510735257
TRAFFIC:6:15:5.473422655469729
TRAFFIC:6:16:5.04866345956112
TRAFFIC:6:17:3.169437874786645
TRAFFIC:6:18:4.76113976239658
TRAFFIC:6:19:4.633216132029035
TRAFFIC:6:20:5.50868093434566
TRAFFIC:6:21:5.138742715341309
TRAFFIC:6:22:4.918199061433522
TRAFFIC:6:23:4.640832829697986
TRAFFIC:6:24:4.993993509741212
TRAFFIC:7:1:10.70246029209359
TRAFFIC:7:2:8.393761111053989
TRAFFIC:7:3:11.73131528806296
TRAFFIC:7:4:12.20568092757042
TRAFFIC:7:5:12.76389468042851
TRAFFIC:7:6:6.342508809730348
TRAFFIC:7:8:10.29309992821523
TRAFFIC:7:9:10.29959092853968
TRAFFIC:7:10:5.452635354005109
TRAFFIC:7:11:15.26924825355187
TRAFFIC:7:12:12.0486595328688
TRAFFIC:7:13:12.69354774297155
TRAFFIC:7:14:13.5329297913085
TRAFFIC:7:15:15.15257699656714
TRAFFIC:7:16:13.33203153686818
TRAFFIC:7:17:6.951120312501534
TRAFFIC:7:18:12.19211515797722
TRAFFIC:7:19:11.70684077423835
TRAFFIC:7:20:15.31164179445314
TRAFFIC:7:21:13.70394750537412
TRAFFIC:7:22:12.80609440295817
TRAFFIC:7:23:11.73537303319258
TRAFFIC:7:24:13.10983909244826
TRAFFIC:8:1:20.24260738068871
TRAFFIC:8:2:15.02689234759345
TRAFFIC:8:3:22.76171278004711
TRAFFIC:8:4:23.96753687117164
TRAFFIC:8:5:25.42426400810983
TRAFFIC:8:6:10.83958849133311
TRAFFIC:8:7:15.42748310753771
TRAFFIC:8:9:19.2904252978626
TRAFFIC:8:10:9.138920552012214
TRAFFIC:8:11:32.5141669025706
TRAFFIC:8:12:23.56518734352499
TRAFFIC:8:13:25.23838088877837
TRAFFIC:8:14:27.50119564815715
TRAFFIC:8:15:32.16233835297511
TRAFFIC:8:16:26.95056725986554
TRAFFIC:8:17:12.04179601766178
TRAFFIC:8:18:23.93264946662131
TRAFFIC:8:19:22.70027791937333
TRAFFIC:8:20:32.64256788062623
TRAFFIC:8:21:27.97453115494215
TRAFFIC:8:22:25.53609538587426
TRAFFIC:8:23:22.77190565234741
TRAFFIC:8:24:26.34827565218321
TRAFFIC:9:1:20.29131505962678
TRAFFIC:9:2:15.05983862677337
TRAFFIC:9:3:22.8188320701778
TRAFFIC:9:4:24.02886683755053
TRAFFIC:9:5:25.49083995285024
TRAFFIC:9:6:10.86149512357531
TRAFFIC:9:7:15.46156085017186
TRAFFIC:9:8:19.32085183618731
TRAFFIC:9:10:9.156753732945532
TRAFFIC:9:11:32.60876260743684
TRAFFIC:9:12:23.62509906095492
TRAFFIC:9:13:25.30427773484257
TRAFFIC:9:14:27.57555228327594
TRAFFIC:9:15:32.25544625582815
TRAFFIC:9:16:27.02282660895197
TRAFFIC:9:17:12.06672515948038
TRAFFIC:9:18:23.99385593171782
TRAFFIC:9:19:22.75718587653461
TRAFFIC:9:20:32.73770909664154
TRAFFIC:9:21:28.05071057305192
TRAFFIC:9:22:25.60308125779316
TRAFFIC:9:23:22.82906003542419
TRAFFIC:9:24:26.41826944044608
TRAFFIC:10:1:2.905529688200514
TRAFFIC:10:2:2.504045223249287
TRAFFIC:10:3:3.062074641015231
TRAFFIC:10:4:3.130257383634164
TRAFFIC:10:5:3.207503496743989
TRAFFIC:10:6:2.074317856291998
TRAFFIC:10:7:2.539407008839258
TRAFFIC:10:8:2.839696133669411
TRAFFIC:10:9:2.840756669905937
TRAFFIC:10:11:3.519059439257743
TRAFFIC:10:12:3.107953178904567
TRAFFIC:10:13:3.19794057435042
TRAFFIC:10:14:3.308965792518865
TRAFFIC:10:15:3.505701624553116
TRAFFIC:10:16:3.282992659917812
TRAFFIC:10:17:2.210214303810962
TRAFFIC:10:18:3.128340606633921
TRAFFIC:10:19:3.058490997713271
TRAFFIC:10:20:3.523887614987944
TRAFFIC:10:21:3.330788926192353
TRAFFIC:10:22:3.213216848979552
TRAFFIC:10:23:3.062668155081278
TRAFFIC:10:24:3.253833502354383
TRAFFIC:11:1:190.4913464916985
TRAFFIC:11:2:118.583498806765
TRAFFIC:11:3:236.1517725211502
TRAFFIC:11:4:261.491565211832
TRAFFIC:11:5:295.8232355956438
TRAFFIC:11:6:75.72640885301256
TRAFFIC:11:7:123.27300895007
TRAFFIC:11:8:175.1354573695246
TRAFFIC:11:9:175.3683847313336
TRAFFIC:11:10:61.00298469576239
TRAFFIC:11:12:252.7506343784723
TRAFFIC:11:13:291.1904937796145
TRAFFIC:11:14:353.4907326885923
TRAFFIC:11:15:540.3699322605322
TRAFFIC:11:16:337.0576196156038
TRAFFIC:11:17:86.99040954264683
TRAFFIC:11:18:260.7217473744333
TRAFFIC:11:19:234.9271514244468
TRAFFIC:11:20:566.3594865934898
TRAFFIC:11:21:368.364073902403
TRAFFIC:11:22:298.6484531516867
TRAFFIC:11:23:236.3555460777725
TRAFFIC:11:24:320.0699315051625
TRAFFIC:12:1:39.35698600953792
TRAFFIC:12:2:27.53902180591729
TRAFFIC:12:3:45.59602772087911
TRAFFIC:12:4:48.71828520627478
TRAFFIC:12:5:52.61503357057939
TRAFFIC:12:6:18.98995037102528
TRAFFIC:12:7:28.39837719685625
TRAFFIC:12:8:37.05755801497541
TRAFFIC:12:9:37.09326576971979
TRAFFIC:12:10:15.72908283943073
TRAFFIC:12:11:73.78986309673115
TRAFFIC:12:13:52.10995986213603
TRAFFIC:12:14:58.42130660573124
TRAFFIC:12:15:72.64304204220471
TRAFFIC:12:16:56.85220245554343
TRAFFIC:12:17:21.36637569045696
TRAFFIC:12:18:48.62665999044875
TRAFFIC:12:19:45.43937705619599
TRAFFIC:12:20:74.21114355410253
TRAFFIC:12:21:59.78788080470342
TRAFFIC:12:22:52.92002298735538
TRAFFIC:12:23:45.62204057968501
TRAFFIC:12:24:55.1607558048962
TRAFFIC:13:1:51.04337105303729
TRAFFIC:13:2:34.9220126649383
TRAFFIC:13:3:59.85365161174828
TRAFFIC:13:4:64.34354511934508
TRAFFIC:13:5:70.0248540414963
TRAFFIC:13:6:23.69975179128795
TRAFFIC:13:7:36.07008129326667
TRAFFIC:13:8:47.84942244213185
TRAFFIC:13:9:47.89880604296183
TRAFFIC:13:10:19.51230746380307
TRAFFIC:13:11:102.4922323640107
TRAFFIC:13:12:62.8246456913616
TRAFFIC:13:14:78.65427314000632
TRAFFIC:13:15:100.6613960301411
TRAFFIC:13:16:76.30255481372079
TRAFFIC:13:17:26.7834389154629
TRAFFIC:13:18:64.21100306211747
TRAFFIC:13:19:59.62982190874811
TRAFFIC:13:20:103.1669588470386
TRAFFIC:13:21:80.71449181963571
TRAFFIC:13:22:70.47320886161278
TRAFFIC:13:23:59.89083321097126
TRAFFIC:13:24:73.7838802105622
TRAFFIC:14:1:73.4579618374661
TRAFFIC:14:2:48.77502385553382
TRAFFIC:14:3:87.59177742826282
TRAFFIC:14:4:94.97987837372119
TRAFFIC:14:5:104.514339810796
TRAFFIC:14:6:32.43516332233965
TRAFFIC:14:7:50.48454659736364
TRAFFIC:14:8:68.44934815897791
TRAFFIC:14:9:68.52633307560538
TRAFFIC:14:10:26.50531990149629
TRAFFIC:14:11:163.340666524919
TRAFFIC:14:12:92.46622048529977
TRAFFIC:14:13:103.25827205901
TRAFFIC:14:15:159.8121098424988
TRAFFIC:14:16:115.2990477973514
TRAFFIC:14:17:36.85921059636483
TRAFFIC:14:18:94.75994398491098
TRAFFIC:14:19:87.2267930568372
TRAFFIC:14:20:164.647872702345
TRAFFIC:14:21:123.0402631138139
TRAFFIC:14:22:105.2758004987893
TRAFFIC:14:23:87.65243735254175
TRAFFIC:14:24:110.9400848624144
TRAFFIC:15:1:175.9586265121281
TRAFFIC:15:2:110.0250398353615
TRAFFIC:15:3:217.5225069095181
TRAFFIC:15:4:240.4882235844356
TRAFFIC:15:5:271.4895055345581
TRAFFIC:15:6:70.44824643652974
TRAFFIC:15:7:114.3428505272868
TRAFFIC:15:8:161.9277350515719
TRAFFIC:15:9:162.1407629111866
TRAFFIC:15:10:56.80304358159161
TRAFFIC:15:11:505.0836965667991
TRAFFIC:15:12:232.5743131381319
TRAFFIC:15:13:267.313790456082
TRAFFIC:15:14:323.2701233315945
TRAFFIC:15:16:308.5517740928228
TRAFFIC:15:17:80.8705120383745
TRAFFIC:15:18:239.7915832721779
TRAFFIC:15:19:216.4108051823656
TRAFFIC:15:20:511.2890656237461
TRAFFIC:15:21:336.5659967791356
TRAFFIC:15:22:274.0348467365869
TRAFFIC:15:23:217.7074747319888
TRAFFIC:15:24:293.3055797737618
TRAFFIC:16:1:67.09886216174634
TRAFFIC:16:2:44.87620390735949
TRAFFIC:16:3:79.6802070860694
TRAFFIC:16:4:86.21570959175124
TRAFFIC:16:5:94.60856603808368
TRAFFIC:16:6:29.98661804811908
TRAFFIC:16:7:46.42572684115088
TRAFFIC:16:8:62.61543465896207
TRAFFIC:16:9:62.68444660627757
TRAFFIC:16:10:24.54745273126364
TRAFFIC:16:11:145.3838575970086
TRAFFIC:16:12:83.99528005718703
TRAFFIC:16:13:93.50554346140662
TRAFFIC:16:14:107.6270579249041
TRAFFIC:16:15:142.3862040221579
TRAFFIC:16:17:34.03218310324533
TRAFFIC:16:18:86.02156079046362
TRAFFIC:16:19:79.35661427839032
TRAFFIC:16:20:146.4928549957763
TRAFFIC:16:21:110.784547006123
TRAFFIC:16:22:95.27685637926569
TRAFFIC:16:23:79.73398112816066
TRAFFIC:16:24:100.2388445575198
TRAFFIC:17:1:5.638426007564748
TRAFFIC:17:2:4.648982890243421
TRAFFIC:17:3:6.048920647985792
TRAFFIC:17:4:6.23235577637077
TRAFFIC:17:5:6.443700178391334
TRAFFIC:17:6:3.680637532010298
TRAFFIC:17:7:4.732677659575511
TRAFFIC:17:8:5.470090304552985
TRAFFIC:17:9:5.472782434535984
TRAFFIC:17:10:3.231176241104351
TRAFFIC:17:11:7.336233659819118
TRAFFIC:17:12:6.172032295738817
TRAFFIC:17:13:6.417329790060993
TRAFFIC:17:14:6.72715630656088
TRAFFIC:17:15:7.296587552334539
TRAFFIC:17:16:6.653950260512324
TRAFFIC:17:18:6.227159485262203
TRAFFIC:17:19:6.039358746827554
TRAFFIC:17:20:7.350595292759156
TRAFFIC:17:21:6.789013419669129
TRAFFIC:17:22:6.459483218605118
TRAFFIC:17:23:6.050505025068813
TRAFFIC:17:24:6.572295760869438
TRAFFIC:18:1:41.6547302809677
TRAFFIC:18:2:29.00244306295842
TRAFFIC:18:3:48.38517020924659
TRAFFIC:18:4:51.76667545598606
TRAFFIC:18:5:55.99952613223341
TRAFFIC:18:6:19.92767368293407
TRAFFIC:18:7:29.91824003305047
TRAFFIC:18:8:39.18310748636108
TRAFFIC:18:9:39.22145268838283
TRAFFIC:18:10:16.48333781566502
TRAFFIC:18:11:79.24719583445442
TRAFFIC:18:12:50.6263521264652
TRAFFIC:18:13:55.45010081404156
TRAFFIC:18:14:62.33258672771711
TRAFFIC:18:15:77.97733816933604
TRAFFIC:18:16:60.61804487474626
TRAFFIC:18:17:22.44372064479919
TRAFFIC:18:19:48.21574741296853
TRAFFIC:18:20:79.71398602335977
TRAFFIC:18:21:63.82768887518066
TRAFFIC:18:22:56.33141117578489
TRAFFIC:18:23:48.41330613359862
TRAFFIC:18:24:58.77237603312692
TRAFFIC:19:1:34.4496532276755
TRAFFIC:19:2:24.39007736477929
TRAFFIC:19:3:39.66620973300141
TRAFFIC:19:4:42.25284809916218
TRAFFIC:19:5:45.4590126926816
TRAFFIC:19:6:16.96354938662243
TRAFFIC:19:7:25.12957783217121
TRAFFIC:19:8:32.510808124276
TRAFFIC:19:9:32.54098389904476
TRAFFIC:19:10:14.09700419250584
TRAFFIC:19:11:62.46379311666113
TRAFFIC:19:12:41.38310367806013
TRAFFIC:19:13:45.04482387116747
TRAFFIC:19:14:50.19133592877578
TRAFFIC:19:15:61.56046713834209
TRAFFIC:19:16:48.91772285456781
TRAFFIC:19:17:19.04075604902576
TRAFFIC:19:18:42.17716633041949
TRAFFIC:19:20:62.79512948525606
TRAFFIC:19:21:51.29740500951346
TRAFFIC:19:22:45.70892359156488
TRAFFIC:19:23:39.68782565119091
TRAFFIC:19:24:47.54045109490902
TRAFFIC:20:1:196.2396537714492
TRAFFIC:20:2:121.9640750471781
TRAFFIC:20:3:243.5287585450804
TRAFFIC:20:4:269.8145028216142
TRAFFIC:20:5:305.475846616725
TRAFFIC:20:6:77.81011819763245
TRAFFIC:20:7:126.8006647895256
TRAFFIC:20:8:180.357910545479
TRAFFIC:20:9:180.5987322291894
TRAFFIC:20:10:62.66080363097852
TRAFFIC:20:11:580.9538159698374
TRAFFIC:20:12:260.7438674724385
TRAFFIC:20:13:300.6604466232746
TRAFFIC:20:14:365.5015830648382
TRAFFIC:20:15:561.1045103007464
TRAFFIC:20:16:348.3804963002065
TRAFFIC:20:17:89.40671982824765
TRAFFIC:20:18:269.0155038919357
TRAFFIC:20:19:242.259183465696
TRAFFIC:20:21:381.0085848047534
TRAFFIC:20:22:308.4129511159792
TRAFFIC:20:23:243.7400191333996
TRAFFIC:20:24:330.6949986997028
TRAFFIC:21:1:79.51031547412479
TRAFFIC:21:2:52.46764929610289
TRAFFIC:21:3:95.14721737898081
TRAFFIC:21:4:103.3655501155878
TRAFFIC:21:5:114.0169814366453
TRAFFIC:21:6:34.74867553882005
TRAFFIC:21:7:54.3298344361995
TRAFFIC:21:8:73.99572357545424
TRAFFIC:21:9:74.08038052127256
TRAFFIC:21:10:28.35397476763744
TRAFFIC:21:11:180.892108911956
TRAFFIC:21:12:100.5659740315824
TRAFFIC:21:13:112.6108176219044
TRAFFIC:21:14:130.7595191646806
TRAFFIC:21:15:176.8236768792639
TRAFFIC:21:16:126.1274170599241
TRAFFIC:21:17:39.53185939161504
TRAFFIC:21:18:103.120456882156
TRAFFIC:21:19:94.74201343717409
TRAFFIC:21:20:182.4011980352759
TRAFFIC:21:22:114.8698707259064
TRAFFIC:21:23:95.21456898582046
TRAFFIC:21:24:121.2246274388687
TRAFFIC:22:1:53.49218731721648
TRAFFIC:22:2:36.45241550834367
TRAFFIC:22:3:62.86178368214563
TRAFFIC:22:4:67.65243572419944
TRAFFIC:22:5:73.72959440724927
TRAFFIC:22:6:24.67032109848105
TRAFFIC:22:7:37.66142183754128
TRAFFIC:22:8:50.10552470035896
TRAFFIC:22:9:50.15784737747196
TRAFFIC:22:10:20.29056731030742
TRAFFIC:22:11:108.7902417922982
TRAFFIC:22:12:66.03060039746248
TRAFFIC:22:13:72.93566707474733
TRAFFIC:22:14:82.9930898735703
TRAFFIC:22:15:106.7980417732814
TRAFFIC:22:16:80.46463634474304
TRAFFIC:22:17:27.90137890258599
TRAFFIC:22:18:67.51086271934143
TRAFFIC:22:19:62.62323892941266
TRAFFIC:22:20:109.5248961428142
TRAFFIC:22:21:85.2105660006127
TRAFFIC:22:23:62.90141223764056
TRAFFIC:22:24:77.75995182132185
TRAFFIC:23:1:34.83132803508024
TRAFFIC:23:2:24.63624213504444
TRAFFIC:23:3:40.12599938047292
TRAFFIC:23:4:42.75336132052148
TRAFFIC:23:5:46.01183647156878
TRAFFIC:23:6:17.12242757731313
TRAFFIC:23:7:25.3850267739272
TRAFFIC:23:8:32.86481651718908
TRAFFIC:23:9:32.89541721639863
TRAFFIC:23:10:14.22508305532675
TRAFFIC:23:11:63.32805993006204
TRAFFIC:23:12:41.86977645979115
TRAFFIC:23:13:45.59077569720358
TRAFFIC:23:14:50.82508249529513
TRAFFIC:23:15:62.40674792599305
TRAFFIC:23:16:49.529255079611
TRAFFIC:23:17:19.22295867339571
TRAFFIC:23:18:42.67646927961728
TRAFFIC:23:19:39.99378906480142
TRAFFIC:23:20:63.66603411563248
TRAFFIC:23:21:51.95070400836358
TRAFFIC:23:22:46.26591012656038
TRAFFIC:23:24:48.12832202265475
TRAFFIC:24:1:60.87034349344578
TRAFFIC:24:2:41.03547715514338
TRAFFIC:24:3:71.96119459075081
TRAFFIC:24:4:77.68346498824806
TRAFFIC:24:5:84.99326192056314
TRAFFIC:24:6:27.56764965659565
TRAFFIC:24:7:42.4287700178763
TRAFFIC:24:8:56.89398953917794
TRAFFIC:24:9:56.95529269916643
TRAFFIC:24:10:22.6116653031632
TRAFFIC:24:11:128.3091467732262
TRAFFIC:24:12:75.74230160170802
TRAFFIC:24:13:84.03505158757045
TRAFFIC:24:14:96.24649947822898
TRAFFIC:24:15:125.7942790445739
TRAFFIC:24:16:93.16156021673092
TRAFFIC:24:17:31.24122533552174
TRAFFIC:24:18:77.513856251783
TRAFFIC:24:19:71.67717791732431
TRAFFIC:24:20:129.2382110248053
TRAFFIC:24:21:98.9603547786591
TRAFFIC:24:22:85.57345180336786
TRAFFIC:24:23:72.00838562733809
*** ERROR[GENERAL_007]: Processing aborted.
### OPL exception: Processing aborted.
----------------------------------------
Begin PBS Epilogue Sun Nov  4 15:15:55 EST 2012 1352060155
Job ID:		582694.egeon2
Username:	hoangha1
Group:		jaumard1
Job Name:	US-1-8192-1.pbs
Session:	10650
Limits:		neednodes=1:m48G:ppn=4,nodes=1:m48G:ppn=4,walltime=120:00:00
Resources:	cput=00:00:00,mem=0kb,vmem=0kb,walltime=00:00:03
Queue:		normale
Account:		
Nodes:	node-c1-53
Killing leftovers...

End PBS Epilogue Sun Nov  4 15:15:55 EST 2012 1352060155
----------------------------------------
