----------------------------------------
Begin PBS Prologue Sun Nov  4 15:15:35 EST 2012 1352060135
Job ID:		582692.egeon2
Username:	hoangha1
Group:		jaumard1
Nodes:		node-c1-53
End PBS Prologue Sun Nov  4 15:15:35 EST 2012 1352060135
----------------------------------------

<<< setup

===================================== COLUMN GENERATION SOLVER =====================================


[:>] INPUT        : US-1-2048-1.dat
[:>] PARAMETER DEFINITION   : params.mod
[:>] PARAMETER DATA         : params.dat
[MODEL] >>> ROOT >>> prepro.mod (relax)
[MODEL] >>> KPATH >>> kpath.mod 
[MODEL] >>> RELAXMASTER >>> master.mod (relax)
[MODEL] >>> FINALMASTER >>> master.mod 
[MODEL] >>> SINGLEPRICE >>> singleprice.mod 
[MODEL] >>> MULTIPRICE >>> multiprice.mod 
============================================ PROCESSING ============================================

START PRE-PROCESSING

number of nodes :24
number of undirected edges :42
number of directed edges : 84
number of period : 1
total population : 292.26
TRAFFIC:1:2:4.314466731931119
TRAFFIC:1:3:6.668081470536952
TRAFFIC:1:4:7.043646634718741
TRAFFIC:1:5:7.500554438586387
TRAFFIC:1:6:3.079021324507727
TRAFFIC:1:7:4.4340571304714
TRAFFIC:1:8:5.595452592217187
TRAFFIC:1:9:5.600083408188334
TRAFFIC:1:10:2.584741511965178
TRAFFIC:1:11:9.775580811909268
TRAFFIC:1:12:6.918065996159998
TRAFFIC:1:13:7.442055554945745
TRAFFIC:1:14:8.158116484167259
TRAFFIC:1:15:9.660635744439363
TRAFFIC:1:16:7.983079154002745
TRAFFIC:1:17:3.431021381339312
TRAFFIC:1:18:7.032747092234671
TRAFFIC:1:19:6.64901071382173
TRAFFIC:1:20:9.817584734069792
TRAFFIC:1:21:8.308993909863069
TRAFFIC:1:22:7.535776388538736
TRAFFIC:1:23:6.671246161910177
TRAFFIC:1:24:7.792204307689095
TRAFFIC:2:1:2.492666228861773
TRAFFIC:2:3:2.725226723760494
TRAFFIC:2:4:2.832046805269014
TRAFFIC:2:5:2.957422828485539
TRAFFIC:2:6:1.493618686457627
TRAFFIC:2:7:2.009144946794838
TRAFFIC:2:8:2.399799448255264
TRAFFIC:2:9:2.401273481828037
TRAFFIC:2:10:1.286977557634468
TRAFFIC:2:11:3.515835799175683
TRAFFIC:2:12:2.796716106167629
TRAFFIC:2:13:2.941642081801167
TRAFFIC:2:14:3.129576150426362
TRAFFIC:2:15:3.489985991018279
TRAFFIC:2:16:3.084667783856176
TRAFFIC:2:17:1.634408047351203
TRAFFIC:2:18:2.828995529985106
TRAFFIC:2:19:2.71970851672236
TRAFFIC:2:20:3.525224835434424
TRAFFIC:2:21:3.167769523691364
TRAFFIC:2:22:2.966886712395335
TRAFFIC:2:23:2.726141547730327
TRAFFIC:2:24:3.034946721664183
TRAFFIC:3:1:8.694188964437625
TRAFFIC:3:2:6.150264754363191
TRAFFIC:3:4:10.6704430531789
TRAFFIC:3:5:11.48318824118938
TRAFFIC:3:6:4.274931268628486
TRAFFIC:3:7:6.337128944024554
TRAFFIC:3:8:8.203551057162089
TRAFFIC:3:9:8.211186028402562
TRAFFIC:3:10:3.551695713055738
TRAFFIC:3:11:15.80107760500229
TRAFFIC:3:12:10.45004246160569
TRAFFIC:3:13:11.3781692123831
TRAFFIC:3:14:12.68360021695695
TRAFFIC:3:15:15.57139499649902
TRAFFIC:3:16:12.36043945632509
TRAFFIC:3:17:4.799230444669284
TRAFFIC:3:18:10.65126338421276
TRAFFIC:3:19:9.982080312765222
TRAFFIC:3:20:15.88533295105649
TRAFFIC:3:21:12.96430481281879
TRAFFIC:3:22:11.54655753325585
TRAFFIC:3:23:10.02053645730936
TRAFFIC:3:24:12.01105402774767
TRAFFIC:4:1:10.4700139705805
TRAFFIC:4:2:7.286401903926699
TRAFFIC:4:3:12.16477205843809
TRAFFIC:4:5:14.08312843369534
TRAFFIC:4:6:5.004821593713309
TRAFFIC:4:7:7.516737308822917
TRAFFIC:4:8:9.847860181293711
TRAFFIC:4:9:9.857511513672307
TRAFFIC:4:10:4.13924897683604
TRAFFIC:4:11:19.94686756593916
TRAFFIC:4:12:12.72930119983408
TRAFFIC:4:13:13.94467013609767
TRAFFIC:4:14:15.67950463647299
TRAFFIC:4:15:19.6263102267373
TRAFFIC:4:16:15.24724531476659
TRAFFIC:4:17:5.637252360224257
TRAFFIC:4:18:12.99154042031249
TRAFFIC:4:19:12.12210014298651
TRAFFIC:4:20:20.06470967314602
TRAFFIC:4:21:16.0564852743653
TRAFFIC:4:22:14.16676809176363
TRAFFIC:4:23:12.17185860545994
TRAFFIC:4:24:14.78198877241682
TRAFFIC:5:1:13.13934500796589
TRAFFIC:5:2:8.967198107111708
TRAFFIC:5:3:15.42817851223256
TRAFFIC:5:4:16.59700740554499
TRAFFIC:5:6:6.075097457610706
TRAFFIC:5:7:9.263630418183336
TRAFFIC:5:8:12.31111837616675
TRAFFIC:5:9:12.32391789846461
TRAFFIC:5:10:4.998495296956368
TRAFFIC:5:11:26.59377257038437
TRAFFIC:5:12:16.20141956486246
TRAFFIC:5:13:17.88488368613924
TRAFFIC:5:14:20.33327143340582
TRAFFIC:5:15:26.11130269395656
TRAFFIC:5:16:19.71814648587351
TRAFFIC:5:17:6.868805398493542
TRAFFIC:5:18:16.56248027225015
TRAFFIC:5:19:15.3699525293538
TRAFFIC:5:20:26.7716485616142
TRAFFIC:5:21:20.87251836675617
TRAFFIC:5:22:18.19532595098515
TRAFFIC:5:23:15.4378511440127
TRAFFIC:5:24:19.05984763302621
TRAFFIC:6:1:1.089297130496315
TRAFFIC:6:2:0.9146109487444233
TRAFFIC:6:3:1.159937587111449
TRAFFIC:6:4:1.19116675167073
TRAFFIC:6:5:1.226892646162423
TRAFFIC:6:7:0.9296348610006656
TRAFFIC:6:8:1.060022849310178
TRAFFIC:6:9:1.060492437262472
TRAFFIC:6:10:0.6528310004573803
TRAFFIC:6:11:1.374827920611063
TRAFFIC:6:12:1.180919682049716
TRAFFIC:6:13:1.222449759617182
TRAFFIC:6:14:1.274385377683814
TRAFFIC:6:15:1.368355663867432
TRAFFIC:6:16:1.26216586489028
TRAFFIC:6:17:0.7923594686966613
TRAFFIC:6:18:1.190284940599145
TRAFFIC:6:19:1.158304033007259
TRAFFIC:6:20:1.377170233586415
TRAFFIC:6:21:1.284685678835327
TRAFFIC:6:22:1.22954976535838
TRAFFIC:6:23:1.160208207424497
TRAFFIC:6:24:1.248498377435303
TRAFFIC:7:1:2.675615073023399
TRAFFIC:7:2:2.098440277763497
TRAFFIC:7:3:2.93282882201574
TRAFFIC:7:4:3.051420231892604
TRAFFIC:7:5:3.190973670107127
TRAFFIC:7:6:1.585627202432587
TRAFFIC:7:8:2.573274982053806
TRAFFIC:7:9:2.57489773213492
TRAFFIC:7:10:1.363158838501277
TRAFFIC:7:11:3.817312063387967
TRAFFIC:7:12:3.0121648832172
TRAFFIC:7:13:3.173386935742887
TRAFFIC:7:14:3.383232447827126
TRAFFIC:7:15:3.788144249141784
TRAFFIC:7:16:3.333007884217044
TRAFFIC:7:17:1.737780078125383
TRAFFIC:7:18:3.048028789494304
TRAFFIC:7:19:2.926710193559589
TRAFFIC:7:20:3.827910448613284
TRAFFIC:7:21:3.425986876343529
TRAFFIC:7:22:3.201523600739542
TRAFFIC:7:23:2.933843258298144
TRAFFIC:7:24:3.277459773112066
TRAFFIC:8:1:5.060651845172178
TRAFFIC:8:2:3.756723086898364
TRAFFIC:8:3:5.690428195011777
TRAFFIC:8:4:5.99188421779291
TRAFFIC:8:5:6.356066002027458
TRAFFIC:8:6:2.709897122833278
TRAFFIC:8:7:3.856870776884428
TRAFFIC:8:9:4.822606324465651
TRAFFIC:8:10:2.284730138003054
TRAFFIC:8:11:8.12854172564265
TRAFFIC:8:12:5.891296835881248
TRAFFIC:8:13:6.309595222194592
TRAFFIC:8:14:6.875298912039288
TRAFFIC:8:15:8.040584588243778
TRAFFIC:8:16:6.737641814966386
TRAFFIC:8:17:3.010449004415445
TRAFFIC:8:18:5.983162366655328
TRAFFIC:8:19:5.675069479843333
TRAFFIC:8:20:8.160641970156558
TRAFFIC:8:21:6.993632788735536
TRAFFIC:8:22:6.384023846468565
TRAFFIC:8:23:5.692976413086852
TRAFFIC:8:24:6.587068913045802
TRAFFIC:9:1:5.072828764906694
TRAFFIC:9:2:3.764959656693342
TRAFFIC:9:3:5.70470801754445
TRAFFIC:9:4:6.007216709387633
TRAFFIC:9:5:6.372709988212561
TRAFFIC:9:6:2.715373780893829
TRAFFIC:9:7:3.865390212542965
TRAFFIC:9:8:4.830212959046826
TRAFFIC:9:10:2.289188433236383
TRAFFIC:9:11:8.152190651859211
TRAFFIC:9:12:5.906274765238731
TRAFFIC:9:13:6.326069433710643
TRAFFIC:9:14:6.893888070818984
TRAFFIC:9:15:8.063861563957039
TRAFFIC:9:16:6.755706652237993
TRAFFIC:9:17:3.016681289870095
TRAFFIC:9:18:5.998463982929454
TRAFFIC:9:19:5.689296469133652
TRAFFIC:9:20:8.184427274160385
TRAFFIC:9:21:7.01267764326298
TRAFFIC:9:22:6.400770314448291
TRAFFIC:9:23:5.707265008856047
TRAFFIC:9:24:6.60456736011152
TRAFFIC:10:1:0.7263824220501286
TRAFFIC:10:2:0.6260113058123217
TRAFFIC:10:3:0.7655186602538077
TRAFFIC:10:4:0.7825643459085411
TRAFFIC:10:5:0.8018758741859972
TRAFFIC:10:6:0.5185794640729996
TRAFFIC:10:7:0.6348517522098146
TRAFFIC:10:8:0.7099240334173527
TRAFFIC:10:9:0.7101891674764842
TRAFFIC:10:11:0.8797648598144356
TRAFFIC:10:12:0.7769882947261418
TRAFFIC:10:13:0.799485143587605
TRAFFIC:10:14:0.8272414481297162
TRAFFIC:10:15:0.8764254061382789
TRAFFIC:10:16:0.8207481649794529
TRAFFIC:10:17:0.5525535759527406
TRAFFIC:10:18:0.7820851516584801
TRAFFIC:10:19:0.7646227494283179
TRAFFIC:10:20:0.880971903746986
TRAFFIC:10:21:0.8326972315480882
TRAFFIC:10:22:0.8033042122448879
TRAFFIC:10:23:0.7656670387703194
TRAFFIC:10:24:0.8134583755885957
TRAFFIC:11:1:47.62283662292462
TRAFFIC:11:2:29.64587470169126
TRAFFIC:11:3:59.03794313028756
TRAFFIC:11:4:65.37289130295801
TRAFFIC:11:5:73.95580889891095
TRAFFIC:11:6:18.93160221325314
TRAFFIC:11:7:30.81825223751751
TRAFFIC:11:8:43.78386434238116
TRAFFIC:11:9:43.8420961828334
TRAFFIC:11:10:15.2507461739406
TRAFFIC:11:12:63.18765859461806
TRAFFIC:11:13:72.79762344490364
TRAFFIC:11:14:88.37268317214809
TRAFFIC:11:15:135.0924830651331
TRAFFIC:11:16:84.26440490390094
TRAFFIC:11:17:21.74760238566171
TRAFFIC:11:18:65.18043684360833
TRAFFIC:11:19:58.73178785611171
TRAFFIC:11:20:141.5898716483725
TRAFFIC:11:21:92.09101847560076
TRAFFIC:11:22:74.66211328792168
TRAFFIC:11:23:59.08888651944313
TRAFFIC:11:24:80.01748287629061
TRAFFIC:12:1:9.83924650238448
TRAFFIC:12:2:6.884755451479323
TRAFFIC:12:3:11.39900693021978
TRAFFIC:12:4:12.17957130156869
TRAFFIC:12:5:13.15375839264485
TRAFFIC:12:6:4.747487592756319
TRAFFIC:12:7:7.099594299214062
TRAFFIC:12:8:9.264389503743853
TRAFFIC:12:9:9.273316442429946
TRAFFIC:12:10:3.932270709857683
TRAFFIC:12:11:18.44746577418279
TRAFFIC:12:13:13.02748996553401
TRAFFIC:12:14:14.60532665143281
TRAFFIC:12:15:18.16076051055118
TRAFFIC:12:16:14.21305061388586
TRAFFIC:12:17:5.341593922614239
TRAFFIC:12:18:12.15666499761219
TRAFFIC:12:19:11.359844264049
TRAFFIC:12:20:18.55278588852563
TRAFFIC:12:21:14.94697020117585
TRAFFIC:12:22:13.23000574683885
TRAFFIC:12:23:11.40551014492125
TRAFFIC:12:24:13.79018895122405
TRAFFIC:13:1:12.76084276325932
TRAFFIC:13:2:8.730503166234575
TRAFFIC:13:3:14.96341290293707
TRAFFIC:13:4:16.08588627983627
TRAFFIC:13:5:17.50621351037407
TRAFFIC:13:6:5.924937947821987
TRAFFIC:13:7:9.017520323316667
TRAFFIC:13:8:11.96235561053296
TRAFFIC:13:9:11.97470151074046
TRAFFIC:13:10:4.878076865950768
TRAFFIC:13:11:25.62305809100268
TRAFFIC:13:12:15.7061614228404
TRAFFIC:13:14:19.66356828500158
TRAFFIC:13:15:25.16534900753528
TRAFFIC:13:16:19.0756387034302
TRAFFIC:13:17:6.695859728865724
TRAFFIC:13:18:16.05275076552937
TRAFFIC:13:19:14.90745547718703
TRAFFIC:13:20:25.79173971175964
TRAFFIC:13:21:20.17862295490893
TRAFFIC:13:22:17.61830221540319
TRAFFIC:13:23:14.97270830274281
TRAFFIC:13:24:18.44597005264055
TRAFFIC:14:1:18.36449045936653
TRAFFIC:14:2:12.19375596388346
TRAFFIC:14:3:21.8979443570657
TRAFFIC:14:4:23.7449695934303
TRAFFIC:14:5:26.12858495269901
TRAFFIC:14:6:8.108790830584914
TRAFFIC:14:7:12.62113664934091
TRAFFIC:14:8:17.11233703974448
TRAFFIC:14:9:17.13158326890134
TRAFFIC:14:10:6.626329975374071
TRAFFIC:14:11:40.83516663122976
TRAFFIC:14:12:23.11655512132494
TRAFFIC:14:13:25.81456801475249
TRAFFIC:14:15:39.95302746062469
TRAFFIC:14:16:28.82476194933784
TRAFFIC:14:17:9.214802649091206
TRAFFIC:14:18:23.68998599622774
TRAFFIC:14:19:21.8066982642093
TRAFFIC:14:20:41.16196817558625
TRAFFIC:14:21:30.76006577845347
TRAFFIC:14:22:26.31895012469733
TRAFFIC:14:23:21.91310933813544
TRAFFIC:14:24:27.7350212156036
TRAFFIC:15:1:43.98965662803202
TRAFFIC:15:2:27.50625995884037
TRAFFIC:15:3:54.38062672737952
TRAFFIC:15:4:60.1220558961089
TRAFFIC:15:5:67.87237638363953
TRAFFIC:15:6:17.61206160913244
TRAFFIC:15:7:28.58571263182169
TRAFFIC:15:8:40.48193376289296
TRAFFIC:15:9:40.53519072779664
TRAFFIC:15:10:14.2007608953979
TRAFFIC:15:11:126.2709241416998
TRAFFIC:15:12:58.14357828453296
TRAFFIC:15:13:66.8284476140205
TRAFFIC:15:14:80.81753083289863
TRAFFIC:15:16:77.13794352320569
TRAFFIC:15:17:20.21762800959362
TRAFFIC:15:18:59.94789581804446
TRAFFIC:15:19:54.10270129559139
TRAFFIC:15:20:127.8222664059365
TRAFFIC:15:21:84.1414991947839
TRAFFIC:15:22:68.50871168414672
TRAFFIC:15:23:54.42686868299721
TRAFFIC:15:24:73.32639494344046
TRAFFIC:16:1:16.77471554043658
TRAFFIC:16:2:11.21905097683987
TRAFFIC:16:3:19.92005177151735
TRAFFIC:16:4:21.55392739793781
TRAFFIC:16:5:23.65214150952092
TRAFFIC:16:6:7.496654512029769
TRAFFIC:16:7:11.60643171028772
TRAFFIC:16:8:15.65385866474052
TRAFFIC:16:9:15.67111165156939
TRAFFIC:16:10:6.13686318281591
TRAFFIC:16:11:36.34596439925215
TRAFFIC:16:12:20.99882001429676
TRAFFIC:16:13:23.37638586535165
TRAFFIC:16:14:26.90676448122602
TRAFFIC:16:15:35.59655100553947
TRAFFIC:16:17:8.508045775811333
TRAFFIC:16:18:21.50539019761591
TRAFFIC:16:19:19.83915356959758
TRAFFIC:16:20:36.62321374894407
TRAFFIC:16:21:27.69613675153075
TRAFFIC:16:22:23.81921409481642
TRAFFIC:16:23:19.93349528204017
TRAFFIC:16:24:25.05971113937996
TRAFFIC:17:1:1.409606501891187
TRAFFIC:17:2:1.162245722560855
TRAFFIC:17:3:1.512230161996448
TRAFFIC:17:4:1.558088944092692
TRAFFIC:17:5:1.610925044597834
TRAFFIC:17:6:0.9201593830025744
TRAFFIC:17:7:1.183169414893878
TRAFFIC:17:8:1.367522576138246
TRAFFIC:17:9:1.368195608633996
TRAFFIC:17:10:0.8077940602760877
TRAFFIC:17:11:1.834058414954779
TRAFFIC:17:12:1.543008073934704
TRAFFIC:17:13:1.604332447515248
TRAFFIC:17:14:1.68178907664022
TRAFFIC:17:15:1.824146888083635
TRAFFIC:17:16:1.663487565128081
TRAFFIC:17:18:1.556789871315551
TRAFFIC:17:19:1.509839686706889
TRAFFIC:17:20:1.837648823189789
TRAFFIC:17:21:1.697253354917282
TRAFFIC:17:22:1.614870804651279
TRAFFIC:17:23:1.512626256267203
TRAFFIC:17:24:1.64307394021736
TRAFFIC:18:1:10.41368257024192
TRAFFIC:18:2:7.250610765739605
TRAFFIC:18:3:12.09629255231165
TRAFFIC:18:4:12.94166886399652
TRAFFIC:18:5:13.99988153305835
TRAFFIC:18:6:4.981918420733518
TRAFFIC:18:7:7.479560008262617
TRAFFIC:18:8:9.79577687159027
TRAFFIC:18:9:9.805363172095708
TRAFFIC:18:10:4.120834453916256
TRAFFIC:18:11:19.8117989586136
TRAFFIC:18:12:12.6565880316163
TRAFFIC:18:13:13.86252520351039
TRAFFIC:18:14:15.58314668192928
TRAFFIC:18:15:19.49433454233401
TRAFFIC:18:16:15.15451121868657
TRAFFIC:18:17:5.610930161199798
TRAFFIC:18:19:12.05393685324213
TRAFFIC:18:20:19.92849650583994
TRAFFIC:18:21:15.95692221879517
TRAFFIC:18:22:14.08285279394622
TRAFFIC:18:23:12.10332653339965
TRAFFIC:18:24:14.69309400828173
TRAFFIC:19:1:8.612413306918876
TRAFFIC:19:2:6.097519341194822
TRAFFIC:19:3:9.916552433250352
TRAFFIC:19:4:10.56321202479054
TRAFFIC:19:5:11.3647531731704
TRAFFIC:19:6:4.240887346655608
TRAFFIC:19:7:6.282394458042804
TRAFFIC:19:8:8.127702031069001
TRAFFIC:19:9:8.13524597476119
TRAFFIC:19:10:3.52425104812646
TRAFFIC:19:11:15.61594827916528
TRAFFIC:19:12:10.34577591951503
TRAFFIC:19:13:11.26120596779187
TRAFFIC:19:14:12.54783398219394
TRAFFIC:19:15:15.39011678458552
TRAFFIC:19:16:12.22943071364195
TRAFFIC:19:17:4.760189012256441
TRAFFIC:19:18:10.54429158260487
TRAFFIC:19:20:15.69878237131402
TRAFFIC:19:21:12.82435125237837
TRAFFIC:19:22:11.42723089789122
TRAFFIC:19:23:9.921956412797728
TRAFFIC:19:24:11.88511277372726
TRAFFIC:20:1:49.05991344286231
TRAFFIC:20:2:30.49101876179454
TRAFFIC:20:3:60.88218963627011
TRAFFIC:20:4:67.45362570540355
TRAFFIC:20:5:76.36896165418125
TRAFFIC:20:6:19.45252954940811
TRAFFIC:20:7:31.70016619738141
TRAFFIC:20:8:45.08947763636976
TRAFFIC:20:9:45.14968305729736
TRAFFIC:20:10:15.66520090774463
TRAFFIC:20:11:145.2384539924593
TRAFFIC:20:12:65.18596686810962
TRAFFIC:20:13:75.16511165581865
TRAFFIC:20:14:91.37539576620955
TRAFFIC:20:15:140.2761275751866
TRAFFIC:20:16:87.09512407505161
TRAFFIC:20:17:22.35167995706191
TRAFFIC:20:18:67.25387597298392
TRAFFIC:20:19:60.56479586642401
TRAFFIC:20:21:95.25214620118835
TRAFFIC:20:22:77.1032377789948
TRAFFIC:20:23:60.9350047833499
TRAFFIC:20:24:82.67374967492569
TRAFFIC:21:1:19.8775788685312
TRAFFIC:21:2:13.11691232402572
TRAFFIC:21:3:23.7868043447452
TRAFFIC:21:4:25.84138752889694
TRAFFIC:21:5:28.50424535916132
TRAFFIC:21:6:8.687168884705013
TRAFFIC:21:7:13.58245860904987
TRAFFIC:21:8:18.49893089386356
TRAFFIC:21:9:18.52009513031814
TRAFFIC:21:10:7.08849369190936
TRAFFIC:21:11:45.223027227989
TRAFFIC:21:12:25.1414935078956
TRAFFIC:21:13:28.15270440547611
TRAFFIC:21:14:32.68987979117014
TRAFFIC:21:15:44.20591921981597
TRAFFIC:21:16:31.53185426498104
TRAFFIC:21:17:9.882964847903759
TRAFFIC:21:18:25.78011422053901
TRAFFIC:21:19:23.68550335929352
TRAFFIC:21:20:45.60029950881897
TRAFFIC:21:22:28.71746768147659
TRAFFIC:21:23:23.80364224645512
TRAFFIC:21:24:30.30615685971718
TRAFFIC:22:1:13.37304682930412
TRAFFIC:22:2:9.113103877085917
TRAFFIC:22:3:15.71544592053641
TRAFFIC:22:4:16.91310893104986
TRAFFIC:22:5:18.43239860181232
TRAFFIC:22:6:6.167580274620263
TRAFFIC:22:7:9.415355459385319
TRAFFIC:22:8:12.52638117508974
TRAFFIC:22:9:12.53946184436799
TRAFFIC:22:10:5.072641827576856
TRAFFIC:22:11:27.19756044807454
TRAFFIC:22:12:16.50765009936562
TRAFFIC:22:13:18.23391676868683
TRAFFIC:22:14:20.74827246839257
TRAFFIC:22:15:26.69951044332034
TRAFFIC:22:16:20.11615908618576
TRAFFIC:22:17:6.975344725646498
TRAFFIC:22:18:16.87771567983536
TRAFFIC:22:19:15.65580973235317
TRAFFIC:22:20:27.38122403570354
TRAFFIC:22:21:21.30264150015318
TRAFFIC:22:23:15.72535305941014
TRAFFIC:22:24:19.43998795533046
TRAFFIC:23:1:8.70783200877006
TRAFFIC:23:2:6.159060533761109
TRAFFIC:23:3:10.03149984511823
TRAFFIC:23:4:10.68834033013037
TRAFFIC:23:5:11.5029591178922
TRAFFIC:23:6:4.280606894328283
TRAFFIC:23:7:6.346256693481799
TRAFFIC:23:8:8.216204129297271
TRAFFIC:23:9:8.223854304099659
TRAFFIC:23:10:3.556270763831687
TRAFFIC:23:11:15.83201498251551
TRAFFIC:23:12:10.46744411494779
TRAFFIC:23:13:11.3976939243009
TRAFFIC:23:14:12.70627062382378
TRAFFIC:23:15:15.60168698149826
TRAFFIC:23:16:12.38231376990275
TRAFFIC:23:17:4.805739668348927
TRAFFIC:23:18:10.66911731990432
TRAFFIC:23:19:9.998447266200355
TRAFFIC:23:20:15.91650852890812
TRAFFIC:23:21:12.9876760020909
TRAFFIC:23:22:11.56647753164009
TRAFFIC:23:24:12.03208050566369
TRAFFIC:24:1:15.21758587336145
TRAFFIC:24:2:10.25886928878585
TRAFFIC:24:3:17.9902986476877
TRAFFIC:24:4:19.42086624706202
TRAFFIC:24:5:21.24831548014079
TRAFFIC:24:6:6.891912414148912
TRAFFIC:24:7:10.60719250446907
TRAFFIC:24:8:14.22349738479448
TRAFFIC:24:9:14.23882317479161
TRAFFIC:24:10:5.6529163257908
TRAFFIC:24:11:32.07728669330654
TRAFFIC:24:12:18.93557540042701
TRAFFIC:24:13:21.00876289689261
TRAFFIC:24:14:24.06162486955725
TRAFFIC:24:15:31.44856976114348
TRAFFIC:24:16:23.29039005418273
TRAFFIC:24:17:7.810306333880436
TRAFFIC:24:18:19.37846406294575
TRAFFIC:24:19:17.91929447933108
TRAFFIC:24:20:32.30955275620133
TRAFFIC:24:21:24.74008869466477
TRAFFIC:24:22:21.39336295084196
TRAFFIC:24:23:18.00209640683452
*** ERROR[GENERAL_007]: Processing aborted.
### OPL exception: Processing aborted.
----------------------------------------
Begin PBS Epilogue Sun Nov  4 15:15:41 EST 2012 1352060141
Job ID:		582692.egeon2
Username:	hoangha1
Group:		jaumard1
Job Name:	US-1-2048-1.pbs
Session:	10292
Limits:		neednodes=1:m48G:ppn=4,nodes=1:m48G:ppn=4,walltime=120:00:00
Resources:	cput=00:00:00,mem=0kb,vmem=0kb,walltime=00:00:01
Queue:		normale
Account:		
Nodes:	node-c1-53
Killing leftovers...

End PBS Epilogue Sun Nov  4 15:15:41 EST 2012 1352060141
----------------------------------------
