----------------------------------------
Begin PBS Prologue Sun Nov  4 15:15:27 EST 2012 1352060127
Job ID:		582690.egeon2
Username:	hoangha1
Group:		jaumard1
Nodes:		node-c1-53
End PBS Prologue Sun Nov  4 15:15:31 EST 2012 1352060131
----------------------------------------

<<< setup

===================================== COLUMN GENERATION SOLVER =====================================


[:>] INPUT        : US-1-512-1.dat
[:>] PARAMETER DEFINITION   : params.mod
[:>] PARAMETER DATA         : params.dat
[MODEL] >>> ROOT >>> prepro.mod (relax)
[MODEL] >>> KPATH >>> kpath.mod 
[MODEL] >>> RELAXMASTER >>> master.mod (relax)
[MODEL] >>> FINALMASTER >>> master.mod 
[MODEL] >>> SINGLEPRICE >>> singleprice.mod 
[MODEL] >>> MULTIPRICE >>> multiprice.mod 
============================================ PROCESSING ============================================

START PRE-PROCESSING

number of nodes :24
number of undirected edges :42
number of directed edges : 84
number of period : 1
total population : 292.26
TRAFFIC:1:2:1.07861668298278
TRAFFIC:1:3:1.667020367634238
TRAFFIC:1:4:1.760911658679685
TRAFFIC:1:5:1.875138609646597
TRAFFIC:1:6:0.7697553311269318
TRAFFIC:1:7:1.10851428261785
TRAFFIC:1:8:1.398863148054297
TRAFFIC:1:9:1.400020852047083
TRAFFIC:1:10:0.6461853779912945
TRAFFIC:1:11:2.443895202977317
TRAFFIC:1:12:1.72951649904
TRAFFIC:1:13:1.860513888736436
TRAFFIC:1:14:2.039529121041815
TRAFFIC:1:15:2.415158936109841
TRAFFIC:1:16:1.995769788500686
TRAFFIC:1:17:0.8577553453348281
TRAFFIC:1:18:1.758186773058668
TRAFFIC:1:19:1.662252678455433
TRAFFIC:1:20:2.454396183517448
TRAFFIC:1:21:2.077248477465767
TRAFFIC:1:22:1.883944097134684
TRAFFIC:1:23:1.667811540477544
TRAFFIC:1:24:1.948051076922274
TRAFFIC:2:1:0.6231665572154433
TRAFFIC:2:3:0.6813066809401236
TRAFFIC:2:4:0.7080117013172534
TRAFFIC:2:5:0.7393557071213848
TRAFFIC:2:6:0.3734046716144067
TRAFFIC:2:7:0.5022862366987094
TRAFFIC:2:8:0.599949862063816
TRAFFIC:2:9:0.6003183704570093
TRAFFIC:2:10:0.321744389408617
TRAFFIC:2:11:0.8789589497939209
TRAFFIC:2:12:0.6991790265419072
TRAFFIC:2:13:0.7354105204502919
TRAFFIC:2:14:0.7823940376065905
TRAFFIC:2:15:0.8724964977545698
TRAFFIC:2:16:0.771166945964044
TRAFFIC:2:17:0.4086020118378007
TRAFFIC:2:18:0.7072488824962765
TRAFFIC:2:19:0.6799271291805901
TRAFFIC:2:20:0.8813062088586061
TRAFFIC:2:21:0.7919423809228411
TRAFFIC:2:22:0.7417216780988337
TRAFFIC:2:23:0.6815353869325818
TRAFFIC:2:24:0.7587366804160457
TRAFFIC:3:1:2.173547241109406
TRAFFIC:3:2:1.537566188590798
TRAFFIC:3:4:2.667610763294724
TRAFFIC:3:5:2.870797060297345
TRAFFIC:3:6:1.068732817157122
TRAFFIC:3:7:1.584282236006138
TRAFFIC:3:8:2.050887764290522
TRAFFIC:3:9:2.05279650710064
TRAFFIC:3:10:0.8879239282639345
TRAFFIC:3:11:3.950269401250573
TRAFFIC:3:12:2.612510615401423
TRAFFIC:3:13:2.844542303095774
TRAFFIC:3:14:3.170900054239236
TRAFFIC:3:15:3.892848749124755
TRAFFIC:3:16:3.090109864081273
TRAFFIC:3:17:1.199807611167321
TRAFFIC:3:18:2.66281584605319
TRAFFIC:3:19:2.495520078191305
TRAFFIC:3:20:3.971333237764122
TRAFFIC:3:21:3.241076203204698
TRAFFIC:3:22:2.886639383313963
TRAFFIC:3:23:2.505134114327339
TRAFFIC:3:24:3.002763506936918
TRAFFIC:4:1:2.617503492645125
TRAFFIC:4:2:1.821600475981675
TRAFFIC:4:3:3.041193014609521
TRAFFIC:4:5:3.520782108423835
TRAFFIC:4:6:1.251205398428327
TRAFFIC:4:7:1.879184327205729
TRAFFIC:4:8:2.461965045323428
TRAFFIC:4:9:2.464377878418077
TRAFFIC:4:10:1.03481224420901
TRAFFIC:4:11:4.98671689148479
TRAFFIC:4:12:3.18232529995852
TRAFFIC:4:13:3.486167534024417
TRAFFIC:4:14:3.919876159118247
TRAFFIC:4:15:4.906577556684326
TRAFFIC:4:16:3.811811328691649
TRAFFIC:4:17:1.409313090056064
TRAFFIC:4:18:3.247885105078123
TRAFFIC:4:19:3.030525035746627
TRAFFIC:4:20:5.016177418286504
TRAFFIC:4:21:4.014121318591325
TRAFFIC:4:22:3.541692022940908
TRAFFIC:4:23:3.042964651364986
TRAFFIC:4:24:3.695497193104204
TRAFFIC:5:1:3.284836251991472
TRAFFIC:5:2:2.241799526777927
TRAFFIC:5:3:3.857044628058139
TRAFFIC:5:4:4.149251851386247
TRAFFIC:5:6:1.518774364402677
TRAFFIC:5:7:2.315907604545834
TRAFFIC:5:8:3.077779594041688
TRAFFIC:5:9:3.080979474616152
TRAFFIC:5:10:1.249623824239092
TRAFFIC:5:11:6.648443142596093
TRAFFIC:5:12:4.050354891215614
TRAFFIC:5:13:4.471220921534809
TRAFFIC:5:14:5.083317858351454
TRAFFIC:5:15:6.527825673489139
TRAFFIC:5:16:4.929536621468379
TRAFFIC:5:17:1.717201349623386
TRAFFIC:5:18:4.140620068062537
TRAFFIC:5:19:3.842488132338449
TRAFFIC:5:20:6.692912140403551
TRAFFIC:5:21:5.218129591689043
TRAFFIC:5:22:4.548831487746288
TRAFFIC:5:23:3.859462786003174
TRAFFIC:5:24:4.764961908256552
TRAFFIC:6:1:0.2723242826240787
TRAFFIC:6:2:0.2286527371861058
TRAFFIC:6:3:0.2899843967778623
TRAFFIC:6:4:0.2977916879176826
TRAFFIC:6:5:0.3067231615406057
TRAFFIC:6:7:0.2324087152501664
TRAFFIC:6:8:0.2650057123275446
TRAFFIC:6:9:0.2651231093156179
TRAFFIC:6:10:0.1632077501143451
TRAFFIC:6:11:0.3437069801527656
TRAFFIC:6:12:0.295229920512429
TRAFFIC:6:13:0.3056124399042956
TRAFFIC:6:14:0.3185963444209536
TRAFFIC:6:15:0.3420889159668581
TRAFFIC:6:16:0.31554146622257
TRAFFIC:6:17:0.1980898671741653
TRAFFIC:6:18:0.2975712351497862
TRAFFIC:6:19:0.2895760082518147
TRAFFIC:6:20:0.3442925583966037
TRAFFIC:6:21:0.3211714197088318
TRAFFIC:6:22:0.3073874413395951
TRAFFIC:6:23:0.2900520518561241
TRAFFIC:6:24:0.3121245943588258
TRAFFIC:7:1:0.6689037682558496
TRAFFIC:7:2:0.5246100694408743
TRAFFIC:7:3:0.7332072055039349
TRAFFIC:7:4:0.762855057973151
TRAFFIC:7:5:0.7977434175267817
TRAFFIC:7:6:0.3964068006081468
TRAFFIC:7:8:0.6433187455134516
TRAFFIC:7:9:0.6437244330337301
TRAFFIC:7:10:0.3407897096253193
TRAFFIC:7:11:0.9543280158469918
TRAFFIC:7:12:0.7530412208042999
TRAFFIC:7:13:0.7933467339357219
TRAFFIC:7:14:0.8458081119567815
TRAFFIC:7:15:0.9470360622854461
TRAFFIC:7:16:0.833251971054261
TRAFFIC:7:17:0.4344450195313458
TRAFFIC:7:18:0.762007197373576
TRAFFIC:7:19:0.7316775483898972
TRAFFIC:7:20:0.9569776121533211
TRAFFIC:7:21:0.8564967190858823
TRAFFIC:7:22:0.8003809001848856
TRAFFIC:7:23:0.733460814574536
TRAFFIC:7:24:0.8193649432780165
TRAFFIC:8:1:1.265162961293044
TRAFFIC:8:2:0.9391807717245909
TRAFFIC:8:3:1.422607048752944
TRAFFIC:8:4:1.497971054448227
TRAFFIC:8:5:1.589016500506865
TRAFFIC:8:6:0.6774742807083195
TRAFFIC:8:7:0.9642176942211069
TRAFFIC:8:9:1.205651581116413
TRAFFIC:8:10:0.5711825345007634
TRAFFIC:8:11:2.032135431410663
TRAFFIC:8:12:1.472824208970312
TRAFFIC:8:13:1.577398805548648
TRAFFIC:8:14:1.718824728009822
TRAFFIC:8:15:2.010146147060945
TRAFFIC:8:16:1.684410453741596
TRAFFIC:8:17:0.7526122511038613
TRAFFIC:8:18:1.495790591663832
TRAFFIC:8:19:1.418767369960833
TRAFFIC:8:20:2.040160492539139
TRAFFIC:8:21:1.748408197183884
TRAFFIC:8:22:1.596005961617141
TRAFFIC:8:23:1.423244103271713
TRAFFIC:8:24:1.64676722826145
TRAFFIC:9:1:1.268207191226673
TRAFFIC:9:2:0.9412399141733355
TRAFFIC:9:3:1.426177004386112
TRAFFIC:9:4:1.501804177346908
TRAFFIC:9:5:1.59317749705314
TRAFFIC:9:6:0.6788434452234572
TRAFFIC:9:7:0.9663475531357412
TRAFFIC:9:8:1.207553239761707
TRAFFIC:9:10:0.5722971083090957
TRAFFIC:9:11:2.038047662964803
TRAFFIC:9:12:1.476568691309683
TRAFFIC:9:13:1.581517358427661
TRAFFIC:9:14:1.723472017704746
TRAFFIC:9:15:2.01596539098926
TRAFFIC:9:16:1.688926663059498
TRAFFIC:9:17:0.7541703224675237
TRAFFIC:9:18:1.499615995732364
TRAFFIC:9:19:1.422324117283413
TRAFFIC:9:20:2.046106818540096
TRAFFIC:9:21:1.753169410815745
TRAFFIC:9:22:1.600192578612073
TRAFFIC:9:23:1.426816252214012
TRAFFIC:9:24:1.65114184002788
TRAFFIC:10:1:0.1815956055125321
TRAFFIC:10:2:0.1565028264530804
TRAFFIC:10:3:0.1913796650634519
TRAFFIC:10:4:0.1956410864771353
TRAFFIC:10:5:0.2004689685464993
TRAFFIC:10:6:0.1296448660182499
TRAFFIC:10:7:0.1587129380524537
TRAFFIC:10:8:0.1774810083543382
TRAFFIC:10:9:0.177547291869121
TRAFFIC:10:11:0.2199412149536089
TRAFFIC:10:12:0.1942470736815355
TRAFFIC:10:13:0.1998712858969013
TRAFFIC:10:14:0.2068103620324291
TRAFFIC:10:15:0.2191063515345697
TRAFFIC:10:16:0.2051870412448632
TRAFFIC:10:17:0.1381383939881851
TRAFFIC:10:18:0.19552128791462
TRAFFIC:10:19:0.1911556873570795
TRAFFIC:10:20:0.2202429759367465
TRAFFIC:10:21:0.208174307887022
TRAFFIC:10:22:0.200826053061222
TRAFFIC:10:23:0.1914167596925798
TRAFFIC:10:24:0.2033645938971489
TRAFFIC:11:1:11.90570915573115
TRAFFIC:11:2:7.411468675422815
TRAFFIC:11:3:14.75948578257189
TRAFFIC:11:4:16.3432228257395
TRAFFIC:11:5:18.48895222472774
TRAFFIC:11:6:4.732900553313285
TRAFFIC:11:7:7.704563059379377
TRAFFIC:11:8:10.94596608559529
TRAFFIC:11:9:10.96052404570835
TRAFFIC:11:10:3.812686543485149
TRAFFIC:11:12:15.79691464865452
TRAFFIC:11:13:18.19940586122591
TRAFFIC:11:14:22.09317079303702
TRAFFIC:11:15:33.77312076628326
TRAFFIC:11:16:21.06610122597523
TRAFFIC:11:17:5.436900596415427
TRAFFIC:11:18:16.29510921090208
TRAFFIC:11:19:14.68294696402793
TRAFFIC:11:20:35.39746791209311
TRAFFIC:11:21:23.02275461890019
TRAFFIC:11:22:18.66552832198042
TRAFFIC:11:23:14.77222162986078
TRAFFIC:11:24:20.00437071907265
TRAFFIC:12:1:2.45981162559612
TRAFFIC:12:2:1.721188862869831
TRAFFIC:12:3:2.849751732554944
TRAFFIC:12:4:3.044892825392174
TRAFFIC:12:5:3.288439598161212
TRAFFIC:12:6:1.18687189818908
TRAFFIC:12:7:1.774898574803516
TRAFFIC:12:8:2.316097375935963
TRAFFIC:12:9:2.318329110607487
TRAFFIC:12:10:0.9830676774644208
TRAFFIC:12:11:4.611866443545697
TRAFFIC:12:13:3.256872491383502
TRAFFIC:12:14:3.651331662858202
TRAFFIC:12:15:4.540190127637795
TRAFFIC:12:16:3.553262653471464
TRAFFIC:12:17:1.33539848065356
TRAFFIC:12:18:3.039166249403047
TRAFFIC:12:19:2.839961066012249
TRAFFIC:12:20:4.638196472131408
TRAFFIC:12:21:3.736742550293964
TRAFFIC:12:22:3.307501436709711
TRAFFIC:12:23:2.851377536230313
TRAFFIC:12:24:3.447547237806012
TRAFFIC:13:1:3.190210690814831
TRAFFIC:13:2:2.182625791558644
TRAFFIC:13:3:3.740853225734268
TRAFFIC:13:4:4.021471569959068
TRAFFIC:13:5:4.376553377593519
TRAFFIC:13:6:1.481234486955497
TRAFFIC:13:7:2.254380080829167
TRAFFIC:13:8:2.990588902633241
TRAFFIC:13:9:2.993675377685114
TRAFFIC:13:10:1.219519216487692
TRAFFIC:13:11:6.40576452275067
TRAFFIC:13:12:3.9265403557101
TRAFFIC:13:14:4.915892071250395
TRAFFIC:13:15:6.291337251883821
TRAFFIC:13:16:4.768909675857549
TRAFFIC:13:17:1.673964932216431
TRAFFIC:13:18:4.013187691382342
TRAFFIC:13:19:3.726863869296757
TRAFFIC:13:20:6.44793492793991
TRAFFIC:13:21:5.044655738727232
TRAFFIC:13:22:4.404575553850798
TRAFFIC:13:23:3.743177075685704
TRAFFIC:13:24:4.611492513160138
TRAFFIC:14:1:4.591122614841631
TRAFFIC:14:2:3.048438990970864
TRAFFIC:14:3:5.474486089266426
TRAFFIC:14:4:5.936242398357575
TRAFFIC:14:5:6.532146238174753
TRAFFIC:14:6:2.027197707646228
TRAFFIC:14:7:3.155284162335227
TRAFFIC:14:8:4.27808425993612
TRAFFIC:14:9:4.282895817225336
TRAFFIC:14:10:1.656582493843518
TRAFFIC:14:11:10.20879165780744
TRAFFIC:14:12:5.779138780331236
TRAFFIC:14:13:6.453642003688123
TRAFFIC:14:15:9.988256865156172
TRAFFIC:14:16:7.206190487334461
TRAFFIC:14:17:2.303700662272802
TRAFFIC:14:18:5.922496499056936
TRAFFIC:14:19:5.451674566052325
TRAFFIC:14:20:10.29049204389656
TRAFFIC:14:21:7.690016444613368
TRAFFIC:14:22:6.579737531174334
TRAFFIC:14:23:5.47827733453386
TRAFFIC:14:24:6.933755303900899
TRAFFIC:15:1:10.99741415700801
TRAFFIC:15:2:6.876564989710094
TRAFFIC:15:3:13.59515668184488
TRAFFIC:15:4:15.03051397402723
TRAFFIC:15:5:16.96809409590988
TRAFFIC:15:6:4.403015402283109
TRAFFIC:15:7:7.146428157955422
TRAFFIC:15:8:10.12048344072324
TRAFFIC:15:9:10.13379768194916
TRAFFIC:15:10:3.550190223849476
TRAFFIC:15:11:31.56773103542494
TRAFFIC:15:12:14.53589457113324
TRAFFIC:15:13:16.70711190350513
TRAFFIC:15:14:20.20438270822466
TRAFFIC:15:16:19.28448588080142
TRAFFIC:15:17:5.054407002398406
TRAFFIC:15:18:14.98697395451112
TRAFFIC:15:19:13.52567532389785
TRAFFIC:15:20:31.95556660148413
TRAFFIC:15:21:21.03537479869598
TRAFFIC:15:22:17.12717792103668
TRAFFIC:15:23:13.6067171707493
TRAFFIC:15:24:18.33159873586012
TRAFFIC:16:1:4.193678885109146
TRAFFIC:16:2:2.804762744209968
TRAFFIC:16:3:4.980012942879338
TRAFFIC:16:4:5.388481849484452
TRAFFIC:16:5:5.91303537738023
TRAFFIC:16:6:1.874163628007442
TRAFFIC:16:7:2.90160792757193
TRAFFIC:16:8:3.913464666185129
TRAFFIC:16:9:3.917777912892348
TRAFFIC:16:10:1.534215795703977
TRAFFIC:16:11:9.086491099813038
TRAFFIC:16:12:5.249705003574189
TRAFFIC:16:13:5.844096466337914
TRAFFIC:16:14:6.726691120306505
TRAFFIC:16:15:8.899137751384867
TRAFFIC:16:17:2.127011443952833
TRAFFIC:16:18:5.376347549403977
TRAFFIC:16:19:4.959788392399395
TRAFFIC:16:20:9.155803437236017
TRAFFIC:16:21:6.924034187882687
TRAFFIC:16:22:5.954803523704106
TRAFFIC:16:23:4.983373820510042
TRAFFIC:16:24:6.26492778484499
TRAFFIC:17:1:0.3524016254727967
TRAFFIC:17:2:0.2905614306402138
TRAFFIC:17:3:0.378057540499112
TRAFFIC:17:4:0.3895222360231731
TRAFFIC:17:5:0.4027312611494584
TRAFFIC:17:6:0.2300398457506436
TRAFFIC:17:7:0.2957923537234695
TRAFFIC:17:8:0.3418806440345615
TRAFFIC:17:9:0.342048902158499
TRAFFIC:17:10:0.2019485150690219
TRAFFIC:17:11:0.4585146037386948
TRAFFIC:17:12:0.3857520184836761
TRAFFIC:17:13:0.4010831118788121
TRAFFIC:17:14:0.420447269160055
TRAFFIC:17:15:0.4560367220209087
TRAFFIC:17:16:0.4158718912820202
TRAFFIC:17:18:0.3891974678288877
TRAFFIC:17:19:0.3774599216767222
TRAFFIC:17:20:0.4594122057974472
TRAFFIC:17:21:0.4243133387293206
TRAFFIC:17:22:0.4037177011628199
TRAFFIC:17:23:0.3781565640668008
TRAFFIC:17:24:0.4107684850543399
TRAFFIC:18:1:2.603420642560481
TRAFFIC:18:2:1.812652691434901
TRAFFIC:18:3:3.024073138077912
TRAFFIC:18:4:3.235417215999129
TRAFFIC:18:5:3.499970383264588
TRAFFIC:18:6:1.245479605183379
TRAFFIC:18:7:1.869890002065654
TRAFFIC:18:8:2.448944217897568
TRAFFIC:18:9:2.451340793023927
TRAFFIC:18:10:1.030208613479064
TRAFFIC:18:11:4.952949739653401
TRAFFIC:18:12:3.164147007904075
TRAFFIC:18:13:3.465631300877598
TRAFFIC:18:14:3.895786670482319
TRAFFIC:18:15:4.873583635583502
TRAFFIC:18:16:3.788627804671641
TRAFFIC:18:17:1.40273254029995
TRAFFIC:18:19:3.013484213310533
TRAFFIC:18:20:4.982124126459985
TRAFFIC:18:21:3.989230554698791
TRAFFIC:18:22:3.520713198486556
TRAFFIC:18:23:3.025831633349914
TRAFFIC:18:24:3.673273502070433
TRAFFIC:19:1:2.153103326729719
TRAFFIC:19:2:1.524379835298705
TRAFFIC:19:3:2.479138108312588
TRAFFIC:19:4:2.640803006197636
TRAFFIC:19:5:2.8411882932926
TRAFFIC:19:6:1.060221836663902
TRAFFIC:19:7:1.570598614510701
TRAFFIC:19:8:2.03192550776725
TRAFFIC:19:9:2.033811493690298
TRAFFIC:19:10:0.881062762031615
TRAFFIC:19:11:3.903987069791321
TRAFFIC:19:12:2.586443979878758
TRAFFIC:19:13:2.815301491947967
TRAFFIC:19:14:3.136958495548486
TRAFFIC:19:15:3.847529196146381
TRAFFIC:19:16:3.057357678410488
TRAFFIC:19:17:1.19004725306411
TRAFFIC:19:18:2.636072895651218
TRAFFIC:19:20:3.924695592828504
TRAFFIC:19:21:3.206087813094591
TRAFFIC:19:22:2.856807724472805
TRAFFIC:19:23:2.480489103199432
TRAFFIC:19:24:2.971278193431814
TRAFFIC:20:1:12.26497836071558
TRAFFIC:20:2:7.622754690448634
TRAFFIC:20:3:15.22054740906753
TRAFFIC:20:4:16.86340642635089
TRAFFIC:20:5:19.09224041354531
TRAFFIC:20:6:4.863132387352028
TRAFFIC:20:7:7.925041549345352
TRAFFIC:20:8:11.27236940909244
TRAFFIC:20:9:11.28742076432434
TRAFFIC:20:10:3.916300226936158
TRAFFIC:20:11:36.30961349811484
TRAFFIC:20:12:16.2964917170274
TRAFFIC:20:13:18.79127791395466
TRAFFIC:20:14:22.84384894155239
TRAFFIC:20:15:35.06903189379665
TRAFFIC:20:16:21.7737810187629
TRAFFIC:20:17:5.587919989265478
TRAFFIC:20:18:16.81346899324598
TRAFFIC:20:19:15.141198966606
TRAFFIC:20:21:23.81303655029709
TRAFFIC:20:22:19.2758094447487
TRAFFIC:20:23:15.23375119583748
TRAFFIC:20:24:20.66843741873142
TRAFFIC:21:1:4.9693947171328
TRAFFIC:21:2:3.279228081006431
TRAFFIC:21:3:5.946701086186301
TRAFFIC:21:4:6.460346882224235
TRAFFIC:21:5:7.12606133979033
TRAFFIC:21:6:2.171792221176253
TRAFFIC:21:7:3.395614652262469
TRAFFIC:21:8:4.62473272346589
TRAFFIC:21:9:4.630023782579535
TRAFFIC:21:10:1.77212342297734
TRAFFIC:21:11:11.30575680699725
TRAFFIC:21:12:6.285373376973899
TRAFFIC:21:13:7.038176101369027
TRAFFIC:21:14:8.172469947792536
TRAFFIC:21:15:11.05147980495399
TRAFFIC:21:16:7.882963566245259
TRAFFIC:21:17:2.47074121197594
TRAFFIC:21:18:6.445028555134752
TRAFFIC:21:19:5.921375839823381
TRAFFIC:21:20:11.40007487720474
TRAFFIC:21:22:7.179366920369147
TRAFFIC:21:23:5.950910561613779
TRAFFIC:21:24:7.576539214929295
TRAFFIC:22:1:3.34326170732603
TRAFFIC:22:2:2.278275969271479
TRAFFIC:22:3:3.928861480134102
TRAFFIC:22:4:4.228277232762465
TRAFFIC:22:5:4.608099650453079
TRAFFIC:22:6:1.541895068655066
TRAFFIC:22:7:2.35383886484633
TRAFFIC:22:8:3.131595293772435
TRAFFIC:22:9:3.134865461091997
TRAFFIC:22:10:1.268160456894214
TRAFFIC:22:11:6.799390112018635
TRAFFIC:22:12:4.126912524841405
TRAFFIC:22:13:4.558479192171708
TRAFFIC:22:14:5.187068117098144
TRAFFIC:22:15:6.674877610830085
TRAFFIC:22:16:5.02903977154644
TRAFFIC:22:17:1.743836181411625
TRAFFIC:22:18:4.21942891995884
TRAFFIC:22:19:3.913952433088292
TRAFFIC:22:20:6.845306008925886
TRAFFIC:22:21:5.325660375038294
TRAFFIC:22:23:3.931338264852535
TRAFFIC:22:24:4.859996988832616
TRAFFIC:23:1:2.176958002192515
TRAFFIC:23:2:1.539765133440277
TRAFFIC:23:3:2.507874961279557
TRAFFIC:23:4:2.672085082532592
TRAFFIC:23:5:2.875739779473049
TRAFFIC:23:6:1.070151723582071
TRAFFIC:23:7:1.58656417337045
TRAFFIC:23:8:2.054051032324318
TRAFFIC:23:9:2.055963576024915
TRAFFIC:23:10:0.8890676909579217
TRAFFIC:23:11:3.958003745628877
TRAFFIC:23:12:2.616861028736947
TRAFFIC:23:13:2.849423481075224
TRAFFIC:23:14:3.176567655955945
TRAFFIC:23:15:3.900421745374565
TRAFFIC:23:16:3.095578442475688
TRAFFIC:23:17:1.201434917087232
TRAFFIC:23:18:2.66727932997608
TRAFFIC:23:19:2.499611816550089
TRAFFIC:23:20:3.97912713222703
TRAFFIC:23:21:3.246919000522724
TRAFFIC:23:22:2.891619382910024
TRAFFIC:23:24:3.008020126415922
TRAFFIC:24:1:3.804396468340361
TRAFFIC:24:2:2.564717322196461
TRAFFIC:24:3:4.497574661921925
TRAFFIC:24:4:4.855216561765504
TRAFFIC:24:5:5.312078870035196
TRAFFIC:24:6:1.722978103537228
TRAFFIC:24:7:2.651798126117269
TRAFFIC:24:8:3.555874346198621
TRAFFIC:24:9:3.559705793697902
TRAFFIC:24:10:1.4132290814477
TRAFFIC:24:11:8.019321673326635
TRAFFIC:24:12:4.733893850106751
TRAFFIC:24:13:5.252190724223153
TRAFFIC:24:14:6.015406217389311
TRAFFIC:24:15:7.86214244028587
TRAFFIC:24:16:5.822597513545682
TRAFFIC:24:17:1.952576583470109
TRAFFIC:24:18:4.844616015736437
TRAFFIC:24:19:4.47982361983277
TRAFFIC:24:20:8.077388189050332
TRAFFIC:24:21:6.185022173666193
TRAFFIC:24:22:5.348340737710491
TRAFFIC:24:23:4.50052410170863
*** ERROR[GENERAL_007]: Processing aborted.
### OPL exception: Processing aborted.
----------------------------------------
Begin PBS Epilogue Sun Nov  4 15:15:40 EST 2012 1352060140
Job ID:		582690.egeon2
Username:	hoangha1
Group:		jaumard1
Job Name:	US-1-512-1.pbs
Session:	10072
Limits:		neednodes=1:m48G:ppn=4,nodes=1:m48G:ppn=4,walltime=120:00:00
Resources:	cput=00:00:00,mem=16620kb,vmem=127732kb,walltime=00:00:10
Queue:		normale
Account:		
Nodes:	node-c1-53
Killing leftovers...

End PBS Epilogue Sun Nov  4 15:15:40 EST 2012 1352060140
----------------------------------------
