----------------------------------------
Begin PBS Prologue Sun Nov  4 15:15:40 EST 2012 1352060140
Job ID:		582693.egeon2
Username:	hoangha1
Group:		jaumard1
Nodes:		node-c1-55
End PBS Prologue Sun Nov  4 15:15:40 EST 2012 1352060140
----------------------------------------

<<< setup

===================================== COLUMN GENERATION SOLVER =====================================


[:>] INPUT        : US-1-4096-1.dat
[:>] PARAMETER DEFINITION   : params.mod
[:>] PARAMETER DATA         : params.dat
[MODEL] >>> ROOT >>> prepro.mod (relax)
[MODEL] >>> KPATH >>> kpath.mod 
[MODEL] >>> RELAXMASTER >>> master.mod (relax)
[MODEL] >>> FINALMASTER >>> master.mod 
[MODEL] >>> SINGLEPRICE >>> singleprice.mod 
[MODEL] >>> MULTIPRICE >>> multiprice.mod 
============================================ PROCESSING ============================================

START PRE-PROCESSING

number of nodes :24
number of undirected edges :42
number of directed edges : 84
number of period : 1
total population : 292.26
TRAFFIC:1:2:8.628933463862237
TRAFFIC:1:3:13.3361629410739
TRAFFIC:1:4:14.08729326943748
TRAFFIC:1:5:15.00110887717277
TRAFFIC:1:6:6.158042649015455
TRAFFIC:1:7:8.8681142609428
TRAFFIC:1:8:11.19090518443437
TRAFFIC:1:9:11.20016681637667
TRAFFIC:1:10:5.169483023930356
TRAFFIC:1:11:19.55116162381854
TRAFFIC:1:12:13.83613199232
TRAFFIC:1:13:14.88411110989149
TRAFFIC:1:14:16.31623296833452
TRAFFIC:1:15:19.32127148887873
TRAFFIC:1:16:15.96615830800549
TRAFFIC:1:17:6.862042762678625
TRAFFIC:1:18:14.06549418446934
TRAFFIC:1:19:13.29802142764346
TRAFFIC:1:20:19.63516946813958
TRAFFIC:1:21:16.61798781972614
TRAFFIC:1:22:15.07155277707747
TRAFFIC:1:23:13.34249232382035
TRAFFIC:1:24:15.58440861537819
TRAFFIC:2:1:4.985332457723547
TRAFFIC:2:3:5.450453447520989
TRAFFIC:2:4:5.664093610538028
TRAFFIC:2:5:5.914845656971078
TRAFFIC:2:6:2.987237372915253
TRAFFIC:2:7:4.018289893589675
TRAFFIC:2:8:4.799598896510528
TRAFFIC:2:9:4.802546963656074
TRAFFIC:2:10:2.573955115268936
TRAFFIC:2:11:7.031671598351367
TRAFFIC:2:12:5.593432212335258
TRAFFIC:2:13:5.883284163602335
TRAFFIC:2:14:6.259152300852724
TRAFFIC:2:15:6.979971982036559
TRAFFIC:2:16:6.169335567712352
TRAFFIC:2:17:3.268816094702406
TRAFFIC:2:18:5.657991059970212
TRAFFIC:2:19:5.43941703344472
TRAFFIC:2:20:7.050449670868849
TRAFFIC:2:21:6.335539047382729
TRAFFIC:2:22:5.93377342479067
TRAFFIC:2:23:5.452283095460654
TRAFFIC:2:24:6.069893443328366
TRAFFIC:3:1:17.38837792887525
TRAFFIC:3:2:12.30052950872638
TRAFFIC:3:4:21.34088610635779
TRAFFIC:3:5:22.96637648237876
TRAFFIC:3:6:8.549862537256972
TRAFFIC:3:7:12.67425788804911
TRAFFIC:3:8:16.40710211432418
TRAFFIC:3:9:16.42237205680512
TRAFFIC:3:10:7.103391426111476
TRAFFIC:3:11:31.60215521000458
TRAFFIC:3:12:20.90008492321139
TRAFFIC:3:13:22.7563384247662
TRAFFIC:3:14:25.36720043391389
TRAFFIC:3:15:31.14278999299804
TRAFFIC:3:16:24.72087891265018
TRAFFIC:3:17:9.598460889338568
TRAFFIC:3:18:21.30252676842552
TRAFFIC:3:19:19.96416062553044
TRAFFIC:3:20:31.77066590211298
TRAFFIC:3:21:25.92860962563758
TRAFFIC:3:22:23.0931150665117
TRAFFIC:3:23:20.04107291461871
TRAFFIC:3:24:24.02210805549534
TRAFFIC:4:1:20.940027941161
TRAFFIC:4:2:14.5728038078534
TRAFFIC:4:3:24.32954411687617
TRAFFIC:4:5:28.16625686739068
TRAFFIC:4:6:10.00964318742662
TRAFFIC:4:7:15.03347461764583
TRAFFIC:4:8:19.69572036258742
TRAFFIC:4:9:19.71502302734461
TRAFFIC:4:10:8.27849795367208
TRAFFIC:4:11:39.89373513187832
TRAFFIC:4:12:25.45860239966816
TRAFFIC:4:13:27.88934027219533
TRAFFIC:4:14:31.35900927294598
TRAFFIC:4:15:39.25262045347461
TRAFFIC:4:16:30.49449062953319
TRAFFIC:4:17:11.27450472044851
TRAFFIC:4:18:25.98308084062499
TRAFFIC:4:19:24.24420028597302
TRAFFIC:4:20:40.12941934629203
TRAFFIC:4:21:32.1129705487306
TRAFFIC:4:22:28.33353618352726
TRAFFIC:4:23:24.34371721091988
TRAFFIC:4:24:29.56397754483363
TRAFFIC:5:1:26.27869001593177
TRAFFIC:5:2:17.93439621422342
TRAFFIC:5:3:30.85635702446512
TRAFFIC:5:4:33.19401481108998
TRAFFIC:5:6:12.15019491522141
TRAFFIC:5:7:18.52726083636667
TRAFFIC:5:8:24.6222367523335
TRAFFIC:5:9:24.64783579692921
TRAFFIC:5:10:9.996990593912736
TRAFFIC:5:11:53.18754514076875
TRAFFIC:5:12:32.40283912972491
TRAFFIC:5:13:35.76976737227847
TRAFFIC:5:14:40.66654286681163
TRAFFIC:5:15:52.22260538791311
TRAFFIC:5:16:39.43629297174703
TRAFFIC:5:17:13.73761079698708
TRAFFIC:5:18:33.1249605445003
TRAFFIC:5:19:30.7399050587076
TRAFFIC:5:20:53.54329712322841
TRAFFIC:5:21:41.74503673351234
TRAFFIC:5:22:36.3906519019703
TRAFFIC:5:23:30.87570228802539
TRAFFIC:5:24:38.11969526605242
TRAFFIC:6:1:2.178594260992629
TRAFFIC:6:2:1.829221897488847
TRAFFIC:6:3:2.319875174222898
TRAFFIC:6:4:2.382333503341461
TRAFFIC:6:5:2.453785292324846
TRAFFIC:6:7:1.859269722001331
TRAFFIC:6:8:2.120045698620356
TRAFFIC:6:9:2.120984874524944
TRAFFIC:6:10:1.305662000914761
TRAFFIC:6:11:2.749655841222125
TRAFFIC:6:12:2.361839364099432
TRAFFIC:6:13:2.444899519234365
TRAFFIC:6:14:2.548770755367629
TRAFFIC:6:15:2.736711327734865
TRAFFIC:6:16:2.52433172978056
TRAFFIC:6:17:1.584718937393323
TRAFFIC:6:18:2.38056988119829
TRAFFIC:6:19:2.316608066014517
TRAFFIC:6:20:2.75434046717283
TRAFFIC:6:21:2.569371357670654
TRAFFIC:6:22:2.459099530716761
TRAFFIC:6:23:2.320416414848993
TRAFFIC:6:24:2.496996754870606
TRAFFIC:7:1:5.351230146046797
TRAFFIC:7:2:4.196880555526994
TRAFFIC:7:3:5.865657644031479
TRAFFIC:7:4:6.102840463785208
TRAFFIC:7:5:6.381947340214253
TRAFFIC:7:6:3.171254404865174
TRAFFIC:7:8:5.146549964107613
TRAFFIC:7:9:5.14979546426984
TRAFFIC:7:10:2.726317677002554
TRAFFIC:7:11:7.634624126775934
TRAFFIC:7:12:6.024329766434399
TRAFFIC:7:13:6.346773871485775
TRAFFIC:7:14:6.766464895654252
TRAFFIC:7:15:7.576288498283569
TRAFFIC:7:16:6.666015768434088
TRAFFIC:7:17:3.475560156250767
TRAFFIC:7:18:6.096057578988608
TRAFFIC:7:19:5.853420387119177
TRAFFIC:7:20:7.655820897226569
TRAFFIC:7:21:6.851973752687059
TRAFFIC:7:22:6.403047201479085
TRAFFIC:7:23:5.867686516596288
TRAFFIC:7:24:6.554919546224132
TRAFFIC:8:1:10.12130369034436
TRAFFIC:8:2:7.513446173796727
TRAFFIC:8:3:11.38085639002355
TRAFFIC:8:4:11.98376843558582
TRAFFIC:8:5:12.71213200405492
TRAFFIC:8:6:5.419794245666556
TRAFFIC:8:7:7.713741553768855
TRAFFIC:8:9:9.645212648931302
TRAFFIC:8:10:4.569460276006107
TRAFFIC:8:11:16.2570834512853
TRAFFIC:8:12:11.7825936717625
TRAFFIC:8:13:12.61919044438918
TRAFFIC:8:14:13.75059782407858
TRAFFIC:8:15:16.08116917648756
TRAFFIC:8:16:13.47528362993277
TRAFFIC:8:17:6.020898008830891
TRAFFIC:8:18:11.96632473331066
TRAFFIC:8:19:11.35013895968667
TRAFFIC:8:20:16.32128394031312
TRAFFIC:8:21:13.98726557747107
TRAFFIC:8:22:12.76804769293713
TRAFFIC:8:23:11.3859528261737
TRAFFIC:8:24:13.1741378260916
TRAFFIC:9:1:10.14565752981339
TRAFFIC:9:2:7.529919313386684
TRAFFIC:9:3:11.4094160350889
TRAFFIC:9:4:12.01443341877527
TRAFFIC:9:5:12.74541997642512
TRAFFIC:9:6:5.430747561787657
TRAFFIC:9:7:7.730780425085929
TRAFFIC:9:8:9.660425918093653
TRAFFIC:9:10:4.578376866472766
TRAFFIC:9:11:16.30438130371842
TRAFFIC:9:12:11.81254953047746
TRAFFIC:9:13:12.65213886742129
TRAFFIC:9:14:13.78777614163797
TRAFFIC:9:15:16.12772312791408
TRAFFIC:9:16:13.51141330447599
TRAFFIC:9:17:6.03336257974019
TRAFFIC:9:18:11.99692796585891
TRAFFIC:9:19:11.3785929382673
TRAFFIC:9:20:16.36885454832077
TRAFFIC:9:21:14.02535528652596
TRAFFIC:9:22:12.80154062889658
TRAFFIC:9:23:11.41453001771209
TRAFFIC:9:24:13.20913472022304
TRAFFIC:10:1:1.452764844100257
TRAFFIC:10:2:1.252022611624643
TRAFFIC:10:3:1.531037320507615
TRAFFIC:10:4:1.565128691817082
TRAFFIC:10:5:1.603751748371994
TRAFFIC:10:6:1.037158928145999
TRAFFIC:10:7:1.269703504419629
TRAFFIC:10:8:1.419848066834705
TRAFFIC:10:9:1.420378334952968
TRAFFIC:10:11:1.759529719628871
TRAFFIC:10:12:1.553976589452284
TRAFFIC:10:13:1.59897028717521
TRAFFIC:10:14:1.654482896259432
TRAFFIC:10:15:1.752850812276558
TRAFFIC:10:16:1.641496329958906
TRAFFIC:10:17:1.105107151905481
TRAFFIC:10:18:1.56417030331696
TRAFFIC:10:19:1.529245498856636
TRAFFIC:10:20:1.761943807493972
TRAFFIC:10:21:1.665394463096176
TRAFFIC:10:22:1.606608424489776
TRAFFIC:10:23:1.531334077540639
TRAFFIC:10:24:1.626916751177191
TRAFFIC:11:1:95.24567324584923
TRAFFIC:11:2:59.29174940338252
TRAFFIC:11:3:118.0758862605751
TRAFFIC:11:4:130.745782605916
TRAFFIC:11:5:147.9116177978219
TRAFFIC:11:6:37.86320442650628
TRAFFIC:11:7:61.63650447503502
TRAFFIC:11:8:87.56772868476232
TRAFFIC:11:9:87.6841923656668
TRAFFIC:11:10:30.50149234788119
TRAFFIC:11:12:126.3753171892361
TRAFFIC:11:13:145.5952468898073
TRAFFIC:11:14:176.7453663442962
TRAFFIC:11:15:270.1849661302661
TRAFFIC:11:16:168.5288098078019
TRAFFIC:11:17:43.49520477132342
TRAFFIC:11:18:130.3608736872167
TRAFFIC:11:19:117.4635757122234
TRAFFIC:11:20:283.1797432967449
TRAFFIC:11:21:184.1820369512015
TRAFFIC:11:22:149.3242265758434
TRAFFIC:11:23:118.1777730388863
TRAFFIC:11:24:160.0349657525812
TRAFFIC:12:1:19.67849300476896
TRAFFIC:12:2:13.76951090295865
TRAFFIC:12:3:22.79801386043955
TRAFFIC:12:4:24.35914260313739
TRAFFIC:12:5:26.30751678528969
TRAFFIC:12:6:9.494975185512638
TRAFFIC:12:7:14.19918859842812
TRAFFIC:12:8:18.52877900748771
TRAFFIC:12:9:18.54663288485989
TRAFFIC:12:10:7.864541419715366
TRAFFIC:12:11:36.89493154836558
TRAFFIC:12:13:26.05497993106802
TRAFFIC:12:14:29.21065330286562
TRAFFIC:12:15:36.32152102110236
TRAFFIC:12:16:28.42610122777171
TRAFFIC:12:17:10.68318784522848
TRAFFIC:12:18:24.31332999522438
TRAFFIC:12:19:22.71968852809799
TRAFFIC:12:20:37.10557177705127
TRAFFIC:12:21:29.89394040235171
TRAFFIC:12:22:26.46001149367769
TRAFFIC:12:23:22.8110202898425
TRAFFIC:12:24:27.5803779024481
TRAFFIC:13:1:25.52168552651865
TRAFFIC:13:2:17.46100633246915
TRAFFIC:13:3:29.92682580587414
TRAFFIC:13:4:32.17177255967254
TRAFFIC:13:5:35.01242702074815
TRAFFIC:13:6:11.84987589564397
TRAFFIC:13:7:18.03504064663333
TRAFFIC:13:8:23.92471122106593
TRAFFIC:13:9:23.94940302148092
TRAFFIC:13:10:9.756153731901536
TRAFFIC:13:11:51.24611618200536
TRAFFIC:13:12:31.4123228456808
TRAFFIC:13:14:39.32713657000316
TRAFFIC:13:15:50.33069801507057
TRAFFIC:13:16:38.15127740686039
TRAFFIC:13:17:13.39171945773145
TRAFFIC:13:18:32.10550153105874
TRAFFIC:13:19:29.81491095437406
TRAFFIC:13:20:51.58347942351928
TRAFFIC:13:21:40.35724590981786
TRAFFIC:13:22:35.23660443080639
TRAFFIC:13:23:29.94541660548563
TRAFFIC:13:24:36.8919401052811
TRAFFIC:14:1:36.72898091873305
TRAFFIC:14:2:24.38751192776691
TRAFFIC:14:3:43.79588871413141
TRAFFIC:14:4:47.4899391868606
TRAFFIC:14:5:52.25716990539802
TRAFFIC:14:6:16.21758166116983
TRAFFIC:14:7:25.24227329868182
TRAFFIC:14:8:34.22467407948896
TRAFFIC:14:9:34.26316653780269
TRAFFIC:14:10:13.25265995074814
TRAFFIC:14:11:81.67033326245952
TRAFFIC:14:12:46.23311024264989
TRAFFIC:14:13:51.62913602950498
TRAFFIC:14:15:79.90605492124938
TRAFFIC:14:16:57.64952389867569
TRAFFIC:14:17:18.42960529818241
TRAFFIC:14:18:47.37997199245549
TRAFFIC:14:19:43.6133965284186
TRAFFIC:14:20:82.32393635117249
TRAFFIC:14:21:61.52013155690695
TRAFFIC:14:22:52.63790024939467
TRAFFIC:14:23:43.82621867627088
TRAFFIC:14:24:55.47004243120719
TRAFFIC:15:1:87.97931325606405
TRAFFIC:15:2:55.01251991768075
TRAFFIC:15:3:108.761253454759
TRAFFIC:15:4:120.2441117922178
TRAFFIC:15:5:135.7447527672791
TRAFFIC:15:6:35.22412321826487
TRAFFIC:15:7:57.17142526364338
TRAFFIC:15:8:80.96386752578593
TRAFFIC:15:9:81.07038145559328
TRAFFIC:15:10:28.4015217907958
TRAFFIC:15:11:252.5418482833995
TRAFFIC:15:12:116.2871565690659
TRAFFIC:15:13:133.656895228041
TRAFFIC:15:14:161.6350616657973
TRAFFIC:15:16:154.2758870464114
TRAFFIC:15:17:40.43525601918725
TRAFFIC:15:18:119.8957916360889
TRAFFIC:15:19:108.2054025911828
TRAFFIC:15:20:255.6445328118731
TRAFFIC:15:21:168.2829983895678
TRAFFIC:15:22:137.0174233682934
TRAFFIC:15:23:108.8537373659944
TRAFFIC:15:24:146.6527898868809
TRAFFIC:16:1:33.54943108087317
TRAFFIC:16:2:22.43810195367974
TRAFFIC:16:3:39.8401035430347
TRAFFIC:16:4:43.10785479587562
TRAFFIC:16:5:47.30428301904184
TRAFFIC:16:6:14.99330902405954
TRAFFIC:16:7:23.21286342057544
TRAFFIC:16:8:31.30771732948103
TRAFFIC:16:9:31.34222330313878
TRAFFIC:16:10:12.27372636563182
TRAFFIC:16:11:72.69192879850431
TRAFFIC:16:12:41.99764002859352
TRAFFIC:16:13:46.75277173070331
TRAFFIC:16:14:53.81352896245204
TRAFFIC:16:15:71.19310201107893
TRAFFIC:16:17:17.01609155162267
TRAFFIC:16:18:43.01078039523181
TRAFFIC:16:19:39.67830713919516
TRAFFIC:16:20:73.24642749788813
TRAFFIC:16:21:55.3922735030615
TRAFFIC:16:22:47.63842818963285
TRAFFIC:16:23:39.86699056408033
TRAFFIC:16:24:50.11942227875992
TRAFFIC:17:1:2.819213003782374
TRAFFIC:17:2:2.324491445121711
TRAFFIC:17:3:3.024460323992896
TRAFFIC:17:4:3.116177888185385
TRAFFIC:17:5:3.221850089195667
TRAFFIC:17:6:1.840318766005149
TRAFFIC:17:7:2.366338829787756
TRAFFIC:17:8:2.735045152276492
TRAFFIC:17:9:2.736391217267992
TRAFFIC:17:10:1.615588120552175
TRAFFIC:17:11:3.668116829909559
TRAFFIC:17:12:3.086016147869409
TRAFFIC:17:13:3.208664895030497
TRAFFIC:17:14:3.36357815328044
TRAFFIC:17:15:3.648293776167269
TRAFFIC:17:16:3.326975130256162
TRAFFIC:17:18:3.113579742631102
TRAFFIC:17:19:3.019679373413777
TRAFFIC:17:20:3.675297646379578
TRAFFIC:17:21:3.394506709834565
TRAFFIC:17:22:3.229741609302559
TRAFFIC:17:23:3.025252512534407
TRAFFIC:17:24:3.286147880434719
TRAFFIC:18:1:20.82736514048385
TRAFFIC:18:2:14.50122153147921
TRAFFIC:18:3:24.19258510462329
TRAFFIC:18:4:25.88333772799303
TRAFFIC:18:5:27.99976306611671
TRAFFIC:18:6:9.963836841467035
TRAFFIC:18:7:14.95912001652523
TRAFFIC:18:8:19.59155374318054
TRAFFIC:18:9:19.61072634419142
TRAFFIC:18:10:8.241668907832512
TRAFFIC:18:11:39.62359791722721
TRAFFIC:18:12:25.3131760632326
TRAFFIC:18:13:27.72505040702078
TRAFFIC:18:14:31.16629336385855
TRAFFIC:18:15:38.98866908466802
TRAFFIC:18:16:30.30902243737313
TRAFFIC:18:17:11.2218603223996
TRAFFIC:18:19:24.10787370648427
TRAFFIC:18:20:39.85699301167988
TRAFFIC:18:21:31.91384443759033
TRAFFIC:18:22:28.16570558789245
TRAFFIC:18:23:24.20665306679931
TRAFFIC:18:24:29.38618801656346
TRAFFIC:19:1:17.22482661383775
TRAFFIC:19:2:12.19503868238964
TRAFFIC:19:3:19.8331048665007
TRAFFIC:19:4:21.12642404958109
TRAFFIC:19:5:22.7295063463408
TRAFFIC:19:6:8.481774693311216
TRAFFIC:19:7:12.56478891608561
TRAFFIC:19:8:16.255404062138
TRAFFIC:19:9:16.27049194952238
TRAFFIC:19:10:7.04850209625292
TRAFFIC:19:11:31.23189655833056
TRAFFIC:19:12:20.69155183903007
TRAFFIC:19:13:22.52241193558373
TRAFFIC:19:14:25.09566796438789
TRAFFIC:19:15:30.78023356917105
TRAFFIC:19:16:24.45886142728391
TRAFFIC:19:17:9.520378024512882
TRAFFIC:19:18:21.08858316520974
TRAFFIC:19:20:31.39756474262803
TRAFFIC:19:21:25.64870250475673
TRAFFIC:19:22:22.85446179578244
TRAFFIC:19:23:19.84391282559546
TRAFFIC:19:24:23.77022554745451
TRAFFIC:20:1:98.11982688572462
TRAFFIC:20:2:60.98203752358907
TRAFFIC:20:3:121.7643792725402
TRAFFIC:20:4:134.9072514108071
TRAFFIC:20:5:152.7379233083625
TRAFFIC:20:6:38.90505909881622
TRAFFIC:20:7:63.40033239476281
TRAFFIC:20:8:90.17895527273951
TRAFFIC:20:9:90.29936611459472
TRAFFIC:20:10:31.33040181548926
TRAFFIC:20:11:290.4769079849187
TRAFFIC:20:12:130.3719337362192
TRAFFIC:20:13:150.3302233116373
TRAFFIC:20:14:182.7507915324191
TRAFFIC:20:15:280.5522551503732
TRAFFIC:20:16:174.1902481501032
TRAFFIC:20:17:44.70335991412382
TRAFFIC:20:18:134.5077519459678
TRAFFIC:20:19:121.129591732848
TRAFFIC:20:21:190.5042924023767
TRAFFIC:20:22:154.2064755579896
TRAFFIC:20:23:121.8700095666998
TRAFFIC:20:24:165.3474993498514
TRAFFIC:21:1:39.7551577370624
TRAFFIC:21:2:26.23382464805145
TRAFFIC:21:3:47.57360868949041
TRAFFIC:21:4:51.68277505779388
TRAFFIC:21:5:57.00849071832264
TRAFFIC:21:6:17.37433776941003
TRAFFIC:21:7:27.16491721809975
TRAFFIC:21:8:36.99786178772712
TRAFFIC:21:9:37.04019026063628
TRAFFIC:21:10:14.17698738381872
TRAFFIC:21:11:90.446054455978
TRAFFIC:21:12:50.28298701579119
TRAFFIC:21:13:56.30540881095222
TRAFFIC:21:14:65.37975958234028
TRAFFIC:21:15:88.41183843963195
TRAFFIC:21:16:63.06370852996207
TRAFFIC:21:17:19.76592969580752
TRAFFIC:21:18:51.56022844107802
TRAFFIC:21:19:47.37100671858705
TRAFFIC:21:20:91.20059901763794
TRAFFIC:21:22:57.43493536295318
TRAFFIC:21:23:47.60728449291023
TRAFFIC:21:24:60.61231371943436
TRAFFIC:22:1:26.74609365860824
TRAFFIC:22:2:18.22620775417183
TRAFFIC:22:3:31.43089184107281
TRAFFIC:22:4:33.82621786209972
TRAFFIC:22:5:36.86479720362463
TRAFFIC:22:6:12.33516054924053
TRAFFIC:22:7:18.83071091877064
TRAFFIC:22:8:25.05276235017948
TRAFFIC:22:9:25.07892368873598
TRAFFIC:22:10:10.14528365515371
TRAFFIC:22:11:54.39512089614908
TRAFFIC:22:12:33.01530019873124
TRAFFIC:22:13:36.46783353737366
TRAFFIC:22:14:41.49654493678515
TRAFFIC:22:15:53.39902088664068
TRAFFIC:22:16:40.23231817237152
TRAFFIC:22:17:13.950689451293
TRAFFIC:22:18:33.75543135967072
TRAFFIC:22:19:31.31161946470633
TRAFFIC:22:20:54.76244807140709
TRAFFIC:22:21:42.60528300030635
TRAFFIC:22:23:31.45070611882028
TRAFFIC:22:24:38.87997591066092
TRAFFIC:23:1:17.41566401754012
TRAFFIC:23:2:12.31812106752222
TRAFFIC:23:3:20.06299969023646
TRAFFIC:23:4:21.37668066026074
TRAFFIC:23:5:23.00591823578439
TRAFFIC:23:6:8.561213788656566
TRAFFIC:23:7:12.6925133869636
TRAFFIC:23:8:16.43240825859454
TRAFFIC:23:9:16.44770860819932
TRAFFIC:23:10:7.112541527663374
TRAFFIC:23:11:31.66402996503102
TRAFFIC:23:12:20.93488822989558
TRAFFIC:23:13:22.79538784860179
TRAFFIC:23:14:25.41254124764756
TRAFFIC:23:15:31.20337396299652
TRAFFIC:23:16:24.7646275398055
TRAFFIC:23:17:9.611479336697855
TRAFFIC:23:18:21.33823463980864
TRAFFIC:23:19:19.99689453240071
TRAFFIC:23:20:31.83301705781624
TRAFFIC:23:21:25.97535200418179
TRAFFIC:23:22:23.13295506328019
TRAFFIC:23:24:24.06416101132737
TRAFFIC:24:1:30.43517174672289
TRAFFIC:24:2:20.51773857757169
TRAFFIC:24:3:35.9805972953754
TRAFFIC:24:4:38.84173249412403
TRAFFIC:24:5:42.49663096028157
TRAFFIC:24:6:13.78382482829782
TRAFFIC:24:7:21.21438500893815
TRAFFIC:24:8:28.44699476958897
TRAFFIC:24:9:28.47764634958321
TRAFFIC:24:10:11.3058326515816
TRAFFIC:24:11:64.15457338661308
TRAFFIC:24:12:37.87115080085401
TRAFFIC:24:13:42.01752579378523
TRAFFIC:24:14:48.12324973911449
TRAFFIC:24:15:62.89713952228696
TRAFFIC:24:16:46.58078010836546
TRAFFIC:24:17:15.62061266776087
TRAFFIC:24:18:38.7569281258915
TRAFFIC:24:19:35.83858895866216
TRAFFIC:24:20:64.61910551240265
TRAFFIC:24:21:49.48017738932955
TRAFFIC:24:22:42.78672590168393
TRAFFIC:24:23:36.00419281366904
*** ERROR[GENERAL_007]: Processing aborted.
### OPL exception: Processing aborted.
----------------------------------------
Begin PBS Epilogue Sun Nov  4 15:15:48 EST 2012 1352060148
Job ID:		582693.egeon2
Username:	hoangha1
Group:		jaumard1
Job Name:	US-1-4096-1.pbs
Session:	11862
Limits:		neednodes=1:m48G:ppn=4,nodes=1:m48G:ppn=4,walltime=120:00:00
Resources:	cput=00:00:00,mem=0kb,vmem=0kb,walltime=00:00:03
Queue:		normale
Account:		
Nodes:	node-c1-55
Killing leftovers...

End PBS Epilogue Sun Nov  4 15:15:48 EST 2012 1352060148
----------------------------------------
