----------------------------------------
Begin PBS Prologue Sun Nov  4 15:15:32 EST 2012 1352060132
Job ID:		582691.egeon2
Username:	hoangha1
Group:		jaumard1
Nodes:		node-c1-53
End PBS Prologue Sun Nov  4 15:15:33 EST 2012 1352060133
----------------------------------------

<<< setup

===================================== COLUMN GENERATION SOLVER =====================================


[:>] INPUT        : US-1-1024-1.dat
[:>] PARAMETER DEFINITION   : params.mod
[:>] PARAMETER DATA         : params.dat
[MODEL] >>> ROOT >>> prepro.mod (relax)
[MODEL] >>> KPATH >>> kpath.mod 
[MODEL] >>> RELAXMASTER >>> master.mod (relax)
[MODEL] >>> FINALMASTER >>> master.mod 
[MODEL] >>> SINGLEPRICE >>> singleprice.mod 
[MODEL] >>> MULTIPRICE >>> multiprice.mod 
============================================ PROCESSING ============================================

START PRE-PROCESSING

number of nodes :24
number of undirected edges :42
number of directed edges : 84
number of period : 1
total population : 292.26
TRAFFIC:1:2:2.157233365965559
TRAFFIC:1:3:3.334040735268476
TRAFFIC:1:4:3.521823317359371
TRAFFIC:1:5:3.750277219293193
TRAFFIC:1:6:1.539510662253864
TRAFFIC:1:7:2.2170285652357
TRAFFIC:1:8:2.797726296108594
TRAFFIC:1:9:2.800041704094167
TRAFFIC:1:10:1.292370755982589
TRAFFIC:1:11:4.887790405954634
TRAFFIC:1:12:3.459032998079999
TRAFFIC:1:13:3.721027777472873
TRAFFIC:1:14:4.079058242083629
TRAFFIC:1:15:4.830317872219681
TRAFFIC:1:16:3.991539577001372
TRAFFIC:1:17:1.715510690669656
TRAFFIC:1:18:3.516373546117336
TRAFFIC:1:19:3.324505356910865
TRAFFIC:1:20:4.908792367034896
TRAFFIC:1:21:4.154496954931535
TRAFFIC:1:22:3.767888194269368
TRAFFIC:1:23:3.335623080955088
TRAFFIC:1:24:3.896102153844547
TRAFFIC:2:1:1.246333114430887
TRAFFIC:2:3:1.362613361880247
TRAFFIC:2:4:1.416023402634507
TRAFFIC:2:5:1.47871141424277
TRAFFIC:2:6:0.7468093432288133
TRAFFIC:2:7:1.004572473397419
TRAFFIC:2:8:1.199899724127632
TRAFFIC:2:9:1.200636740914019
TRAFFIC:2:10:0.6434887788172341
TRAFFIC:2:11:1.757917899587842
TRAFFIC:2:12:1.398358053083814
TRAFFIC:2:13:1.470821040900584
TRAFFIC:2:14:1.564788075213181
TRAFFIC:2:15:1.74499299550914
TRAFFIC:2:16:1.542333891928088
TRAFFIC:2:17:0.8172040236756014
TRAFFIC:2:18:1.414497764992553
TRAFFIC:2:19:1.35985425836118
TRAFFIC:2:20:1.762612417717212
TRAFFIC:2:21:1.583884761845682
TRAFFIC:2:22:1.483443356197667
TRAFFIC:2:23:1.363070773865164
TRAFFIC:2:24:1.517473360832091
TRAFFIC:3:1:4.347094482218813
TRAFFIC:3:2:3.075132377181595
TRAFFIC:3:4:5.335221526589448
TRAFFIC:3:5:5.74159412059469
TRAFFIC:3:6:2.137465634314243
TRAFFIC:3:7:3.168564472012277
TRAFFIC:3:8:4.101775528581045
TRAFFIC:3:9:4.105593014201281
TRAFFIC:3:10:1.775847856527869
TRAFFIC:3:11:7.900538802501146
TRAFFIC:3:12:5.225021230802847
TRAFFIC:3:13:5.689084606191549
TRAFFIC:3:14:6.341800108478473
TRAFFIC:3:15:7.78569749824951
TRAFFIC:3:16:6.180219728162546
TRAFFIC:3:17:2.399615222334642
TRAFFIC:3:18:5.325631692106381
TRAFFIC:3:19:4.991040156382611
TRAFFIC:3:20:7.942666475528244
TRAFFIC:3:21:6.482152406409396
TRAFFIC:3:22:5.773278766627926
TRAFFIC:3:23:5.010268228654678
TRAFFIC:3:24:6.005527013873835
TRAFFIC:4:1:5.235006985290251
TRAFFIC:4:2:3.643200951963349
TRAFFIC:4:3:6.082386029219043
TRAFFIC:4:5:7.04156421684767
TRAFFIC:4:6:2.502410796856655
TRAFFIC:4:7:3.758368654411458
TRAFFIC:4:8:4.923930090646856
TRAFFIC:4:9:4.928755756836154
TRAFFIC:4:10:2.06962448841802
TRAFFIC:4:11:9.973433782969581
TRAFFIC:4:12:6.36465059991704
TRAFFIC:4:13:6.972335068048833
TRAFFIC:4:14:7.839752318236495
TRAFFIC:4:15:9.813155113368651
TRAFFIC:4:16:7.623622657383297
TRAFFIC:4:17:2.818626180112128
TRAFFIC:4:18:6.495770210156246
TRAFFIC:4:19:6.061050071493254
TRAFFIC:4:20:10.03235483657301
TRAFFIC:4:21:8.02824263718265
TRAFFIC:4:22:7.083384045881815
TRAFFIC:4:23:6.085929302729971
TRAFFIC:4:24:7.390994386208408
TRAFFIC:5:1:6.569672503982943
TRAFFIC:5:2:4.483599053555854
TRAFFIC:5:3:7.714089256116279
TRAFFIC:5:4:8.298503702772495
TRAFFIC:5:6:3.037548728805353
TRAFFIC:5:7:4.631815209091668
TRAFFIC:5:8:6.155559188083376
TRAFFIC:5:9:6.161958949232304
TRAFFIC:5:10:2.499247648478184
TRAFFIC:5:11:13.29688628519219
TRAFFIC:5:12:8.100709782431228
TRAFFIC:5:13:8.942441843069618
TRAFFIC:5:14:10.16663571670291
TRAFFIC:5:15:13.05565134697828
TRAFFIC:5:16:9.859073242936757
TRAFFIC:5:17:3.434402699246771
TRAFFIC:5:18:8.281240136125074
TRAFFIC:5:19:7.684976264676899
TRAFFIC:5:20:13.3858242808071
TRAFFIC:5:21:10.43625918337809
TRAFFIC:5:22:9.097662975492575
TRAFFIC:5:23:7.718925572006349
TRAFFIC:5:24:9.529923816513104
TRAFFIC:6:1:0.5446485652481573
TRAFFIC:6:2:0.4573054743722116
TRAFFIC:6:3:0.5799687935557245
TRAFFIC:6:4:0.5955833758353651
TRAFFIC:6:5:0.6134463230812114
TRAFFIC:6:7:0.4648174305003328
TRAFFIC:6:8:0.5300114246550891
TRAFFIC:6:9:0.5302462186312359
TRAFFIC:6:10:0.3264155002286901
TRAFFIC:6:11:0.6874139603055313
TRAFFIC:6:12:0.5904598410248579
TRAFFIC:6:13:0.6112248798085912
TRAFFIC:6:14:0.6371926888419072
TRAFFIC:6:15:0.6841778319337162
TRAFFIC:6:16:0.63108293244514
TRAFFIC:6:17:0.3961797343483306
TRAFFIC:6:18:0.5951424702995725
TRAFFIC:6:19:0.5791520165036294
TRAFFIC:6:20:0.6885851167932074
TRAFFIC:6:21:0.6423428394176636
TRAFFIC:6:22:0.6147748826791902
TRAFFIC:6:23:0.5801041037122483
TRAFFIC:6:24:0.6242491887176516
TRAFFIC:7:1:1.337807536511699
TRAFFIC:7:2:1.049220138881749
TRAFFIC:7:3:1.46641441100787
TRAFFIC:7:4:1.525710115946302
TRAFFIC:7:5:1.595486835053563
TRAFFIC:7:6:0.7928136012162935
TRAFFIC:7:8:1.286637491026903
TRAFFIC:7:9:1.28744886606746
TRAFFIC:7:10:0.6815794192506386
TRAFFIC:7:11:1.908656031693984
TRAFFIC:7:12:1.5060824416086
TRAFFIC:7:13:1.586693467871444
TRAFFIC:7:14:1.691616223913563
TRAFFIC:7:15:1.894072124570892
TRAFFIC:7:16:1.666503942108522
TRAFFIC:7:17:0.8688900390626917
TRAFFIC:7:18:1.524014394747152
TRAFFIC:7:19:1.463355096779794
TRAFFIC:7:20:1.913955224306642
TRAFFIC:7:21:1.712993438171765
TRAFFIC:7:22:1.600761800369771
TRAFFIC:7:23:1.466921629149072
TRAFFIC:7:24:1.638729886556033
TRAFFIC:8:1:2.530325922586089
TRAFFIC:8:2:1.878361543449182
TRAFFIC:8:3:2.845214097505889
TRAFFIC:8:4:2.995942108896455
TRAFFIC:8:5:3.178033001013729
TRAFFIC:8:6:1.354948561416639
TRAFFIC:8:7:1.928435388442214
TRAFFIC:8:9:2.411303162232826
TRAFFIC:8:10:1.142365069001527
TRAFFIC:8:11:4.064270862821325
TRAFFIC:8:12:2.945648417940624
TRAFFIC:8:13:3.154797611097296
TRAFFIC:8:14:3.437649456019644
TRAFFIC:8:15:4.020292294121889
TRAFFIC:8:16:3.368820907483193
TRAFFIC:8:17:1.505224502207723
TRAFFIC:8:18:2.991581183327664
TRAFFIC:8:19:2.837534739921666
TRAFFIC:8:20:4.080320985078279
TRAFFIC:8:21:3.496816394367768
TRAFFIC:8:22:3.192011923234282
TRAFFIC:8:23:2.846488206543426
TRAFFIC:8:24:3.293534456522901
TRAFFIC:9:1:2.536414382453347
TRAFFIC:9:2:1.882479828346671
TRAFFIC:9:3:2.852354008772225
TRAFFIC:9:4:3.003608354693816
TRAFFIC:9:5:3.186354994106281
TRAFFIC:9:6:1.357686890446914
TRAFFIC:9:7:1.932695106271482
TRAFFIC:9:8:2.415106479523413
TRAFFIC:9:10:1.144594216618191
TRAFFIC:9:11:4.076095325929606
TRAFFIC:9:12:2.953137382619365
TRAFFIC:9:13:3.163034716855321
TRAFFIC:9:14:3.446944035409492
TRAFFIC:9:15:4.031930781978519
TRAFFIC:9:16:3.377853326118997
TRAFFIC:9:17:1.508340644935047
TRAFFIC:9:18:2.999231991464727
TRAFFIC:9:19:2.844648234566826
TRAFFIC:9:20:4.092213637080192
TRAFFIC:9:21:3.50633882163149
TRAFFIC:9:22:3.200385157224146
TRAFFIC:9:23:2.853632504428024
TRAFFIC:9:24:3.30228368005576
TRAFFIC:10:1:0.3631912110250643
TRAFFIC:10:2:0.3130056529061608
TRAFFIC:10:3:0.3827593301269038
TRAFFIC:10:4:0.3912821729542705
TRAFFIC:10:5:0.4009379370929986
TRAFFIC:10:6:0.2592897320364998
TRAFFIC:10:7:0.3174258761049073
TRAFFIC:10:8:0.3549620167086763
TRAFFIC:10:9:0.3550945837382421
TRAFFIC:10:11:0.4398824299072178
TRAFFIC:10:12:0.3884941473630709
TRAFFIC:10:13:0.3997425717938025
TRAFFIC:10:14:0.4136207240648581
TRAFFIC:10:15:0.4382127030691395
TRAFFIC:10:16:0.4103740824897265
TRAFFIC:10:17:0.2762767879763703
TRAFFIC:10:18:0.3910425758292401
TRAFFIC:10:19:0.3823113747141589
TRAFFIC:10:20:0.440485951873493
TRAFFIC:10:21:0.4163486157740441
TRAFFIC:10:22:0.401652106122444
TRAFFIC:10:23:0.3828335193851597
TRAFFIC:10:24:0.4067291877942978
TRAFFIC:11:1:23.81141831146231
TRAFFIC:11:2:14.82293735084563
TRAFFIC:11:3:29.51897156514378
TRAFFIC:11:4:32.686445651479
TRAFFIC:11:5:36.97790444945547
TRAFFIC:11:6:9.46580110662657
TRAFFIC:11:7:15.40912611875875
TRAFFIC:11:8:21.89193217119058
TRAFFIC:11:9:21.9210480914167
TRAFFIC:11:10:7.625373086970298
TRAFFIC:11:12:31.59382929730903
TRAFFIC:11:13:36.39881172245182
TRAFFIC:11:14:44.18634158607404
TRAFFIC:11:15:67.54624153256653
TRAFFIC:11:16:42.13220245195047
TRAFFIC:11:17:10.87380119283085
TRAFFIC:11:18:32.59021842180417
TRAFFIC:11:19:29.36589392805585
TRAFFIC:11:20:70.79493582418623
TRAFFIC:11:21:46.04550923780038
TRAFFIC:11:22:37.33105664396084
TRAFFIC:11:23:29.54444325972156
TRAFFIC:11:24:40.00874143814531
TRAFFIC:12:1:4.91962325119224
TRAFFIC:12:2:3.442377725739661
TRAFFIC:12:3:5.699503465109888
TRAFFIC:12:4:6.089785650784347
TRAFFIC:12:5:6.576879196322423
TRAFFIC:12:6:2.37374379637816
TRAFFIC:12:7:3.549797149607031
TRAFFIC:12:8:4.632194751871927
TRAFFIC:12:9:4.636658221214973
TRAFFIC:12:10:1.966135354928842
TRAFFIC:12:11:9.223732887091394
TRAFFIC:12:13:6.513744982767004
TRAFFIC:12:14:7.302663325716405
TRAFFIC:12:15:9.080380255275589
TRAFFIC:12:16:7.106525306942928
TRAFFIC:12:17:2.670796961307119
TRAFFIC:12:18:6.078332498806094
TRAFFIC:12:19:5.679922132024498
TRAFFIC:12:20:9.276392944262817
TRAFFIC:12:21:7.473485100587927
TRAFFIC:12:22:6.615002873419423
TRAFFIC:12:23:5.702755072460626
TRAFFIC:12:24:6.895094475612025
TRAFFIC:13:1:6.380421381629661
TRAFFIC:13:2:4.365251583117288
TRAFFIC:13:3:7.481706451468535
TRAFFIC:13:4:8.042943139918135
TRAFFIC:13:5:8.753106755187037
TRAFFIC:13:6:2.962468973910994
TRAFFIC:13:7:4.508760161658333
TRAFFIC:13:8:5.981177805266482
TRAFFIC:13:9:5.987350755370229
TRAFFIC:13:10:2.439038432975384
TRAFFIC:13:11:12.81152904550134
TRAFFIC:13:12:7.853080711420199
TRAFFIC:13:14:9.831784142500791
TRAFFIC:13:15:12.58267450376764
TRAFFIC:13:16:9.537819351715099
TRAFFIC:13:17:3.347929864432862
TRAFFIC:13:18:8.026375382764684
TRAFFIC:13:19:7.453727738593514
TRAFFIC:13:20:12.89586985587982
TRAFFIC:13:21:10.08931147745446
TRAFFIC:13:22:8.809151107701597
TRAFFIC:13:23:7.486354151371407
TRAFFIC:13:24:9.222985026320275
TRAFFIC:14:1:9.182245229683263
TRAFFIC:14:2:6.096877981941728
TRAFFIC:14:3:10.94897217853285
TRAFFIC:14:4:11.87248479671515
TRAFFIC:14:5:13.06429247634951
TRAFFIC:14:6:4.054395415292457
TRAFFIC:14:7:6.310568324670455
TRAFFIC:14:8:8.556168519872239
TRAFFIC:14:9:8.565791634450672
TRAFFIC:14:10:3.313164987687036
TRAFFIC:14:11:20.41758331561488
TRAFFIC:14:12:11.55827756066247
TRAFFIC:14:13:12.90728400737625
TRAFFIC:14:15:19.97651373031234
TRAFFIC:14:16:14.41238097466892
TRAFFIC:14:17:4.607401324545603
TRAFFIC:14:18:11.84499299811387
TRAFFIC:14:19:10.90334913210465
TRAFFIC:14:20:20.58098408779312
TRAFFIC:14:21:15.38003288922674
TRAFFIC:14:22:13.15947506234867
TRAFFIC:14:23:10.95655466906772
TRAFFIC:14:24:13.8675106078018
TRAFFIC:15:1:21.99482831401601
TRAFFIC:15:2:13.75312997942019
TRAFFIC:15:3:27.19031336368976
TRAFFIC:15:4:30.06102794805445
TRAFFIC:15:5:33.93618819181977
TRAFFIC:15:6:8.806030804566218
TRAFFIC:15:7:14.29285631591084
TRAFFIC:15:8:20.24096688144648
TRAFFIC:15:9:20.26759536389832
TRAFFIC:15:10:7.100380447698951
TRAFFIC:15:11:63.13546207084988
TRAFFIC:15:12:29.07178914226648
TRAFFIC:15:13:33.41422380701025
TRAFFIC:15:14:40.40876541644931
TRAFFIC:15:16:38.56897176160285
TRAFFIC:15:17:10.10881400479681
TRAFFIC:15:18:29.97394790902223
TRAFFIC:15:19:27.0513506477957
TRAFFIC:15:20:63.91113320296827
TRAFFIC:15:21:42.07074959739195
TRAFFIC:15:22:34.25435584207336
TRAFFIC:15:23:27.2134343414986
TRAFFIC:15:24:36.66319747172023
TRAFFIC:16:1:8.387357770218292
TRAFFIC:16:2:5.609525488419936
TRAFFIC:16:3:9.960025885758675
TRAFFIC:16:4:10.7769636989689
TRAFFIC:16:5:11.82607075476046
TRAFFIC:16:6:3.748327256014885
TRAFFIC:16:7:5.80321585514386
TRAFFIC:16:8:7.826929332370258
TRAFFIC:16:9:7.835555825784696
TRAFFIC:16:10:3.068431591407955
TRAFFIC:16:11:18.17298219962608
TRAFFIC:16:12:10.49941000714838
TRAFFIC:16:13:11.68819293267583
TRAFFIC:16:14:13.45338224061301
TRAFFIC:16:15:17.79827550276973
TRAFFIC:16:17:4.254022887905666
TRAFFIC:16:18:10.75269509880795
TRAFFIC:16:19:9.919576784798791
TRAFFIC:16:20:18.31160687447203
TRAFFIC:16:21:13.84806837576537
TRAFFIC:16:22:11.90960704740821
TRAFFIC:16:23:9.966747641020083
TRAFFIC:16:24:12.52985556968998
TRAFFIC:17:1:0.7048032509455935
TRAFFIC:17:2:0.5811228612804277
TRAFFIC:17:3:0.756115080998224
TRAFFIC:17:4:0.7790444720463462
TRAFFIC:17:5:0.8054625222989168
TRAFFIC:17:6:0.4600796915012872
TRAFFIC:17:7:0.5915847074469389
TRAFFIC:17:8:0.6837612880691231
TRAFFIC:17:9:0.684097804316998
TRAFFIC:17:10:0.4038970301380438
TRAFFIC:17:11:0.9170292074773897
TRAFFIC:17:12:0.7715040369673521
TRAFFIC:17:13:0.8021662237576241
TRAFFIC:17:14:0.84089453832011
TRAFFIC:17:15:0.9120734440418173
TRAFFIC:17:16:0.8317437825640405
TRAFFIC:17:18:0.7783949356577754
TRAFFIC:17:19:0.7549198433534443
TRAFFIC:17:20:0.9188244115948945
TRAFFIC:17:21:0.8486266774586412
TRAFFIC:17:22:0.8074354023256397
TRAFFIC:17:23:0.7563131281336016
TRAFFIC:17:24:0.8215369701086798
TRAFFIC:18:1:5.206841285120962
TRAFFIC:18:2:3.625305382869803
TRAFFIC:18:3:6.048146276155824
TRAFFIC:18:4:6.470834431998258
TRAFFIC:18:5:6.999940766529177
TRAFFIC:18:6:2.490959210366759
TRAFFIC:18:7:3.739780004131309
TRAFFIC:18:8:4.897888435795135
TRAFFIC:18:9:4.902681586047854
TRAFFIC:18:10:2.060417226958128
TRAFFIC:18:11:9.905899479306802
TRAFFIC:18:12:6.32829401580815
TRAFFIC:18:13:6.931262601755195
TRAFFIC:18:14:7.791573340964638
TRAFFIC:18:15:9.747167271167005
TRAFFIC:18:16:7.577255609343283
TRAFFIC:18:17:2.805465080599899
TRAFFIC:18:19:6.026968426621067
TRAFFIC:18:20:9.964248252919971
TRAFFIC:18:21:7.978461109397583
TRAFFIC:18:22:7.041426396973112
TRAFFIC:18:23:6.051663266699827
TRAFFIC:18:24:7.346547004140866
TRAFFIC:19:1:4.306206653459438
TRAFFIC:19:2:3.048759670597411
TRAFFIC:19:3:4.958276216625176
TRAFFIC:19:4:5.281606012395272
TRAFFIC:19:5:5.682376586585201
TRAFFIC:19:6:2.120443673327804
TRAFFIC:19:7:3.141197229021402
TRAFFIC:19:8:4.0638510155345
TRAFFIC:19:9:4.067622987380595
TRAFFIC:19:10:1.76212552406323
TRAFFIC:19:11:7.807974139582641
TRAFFIC:19:12:5.172887959757516
TRAFFIC:19:13:5.630602983895933
TRAFFIC:19:14:6.273916991096972
TRAFFIC:19:15:7.695058392292761
TRAFFIC:19:16:6.114715356820977
TRAFFIC:19:17:2.38009450612822
TRAFFIC:19:18:5.272145791302436
TRAFFIC:19:20:7.849391185657008
TRAFFIC:19:21:6.412175626189183
TRAFFIC:19:22:5.713615448945609
TRAFFIC:19:23:4.960978206398864
TRAFFIC:19:24:5.942556386863628
TRAFFIC:20:1:24.52995672143116
TRAFFIC:20:2:15.24550938089727
TRAFFIC:20:3:30.44109481813505
TRAFFIC:20:4:33.72681285270178
TRAFFIC:20:5:38.18448082709062
TRAFFIC:20:6:9.726264774704056
TRAFFIC:20:7:15.8500830986907
TRAFFIC:20:8:22.54473881818488
TRAFFIC:20:9:22.57484152864868
TRAFFIC:20:10:7.832600453872315
TRAFFIC:20:11:72.61922699622967
TRAFFIC:20:12:32.59298343405481
TRAFFIC:20:13:37.58255582790932
TRAFFIC:20:14:45.68769788310478
TRAFFIC:20:15:70.1380637875933
TRAFFIC:20:16:43.54756203752581
TRAFFIC:20:17:11.17583997853096
TRAFFIC:20:18:33.62693798649196
TRAFFIC:20:19:30.282397933212
TRAFFIC:20:21:47.62607310059418
TRAFFIC:20:22:38.5516188894974
TRAFFIC:20:23:30.46750239167495
TRAFFIC:20:24:41.33687483746284
TRAFFIC:21:1:9.938789434265599
TRAFFIC:21:2:6.558456162012861
TRAFFIC:21:3:11.8934021723726
TRAFFIC:21:4:12.92069376444847
TRAFFIC:21:5:14.25212267958066
TRAFFIC:21:6:4.343584442352507
TRAFFIC:21:7:6.791229304524937
TRAFFIC:21:8:9.249465446931779
TRAFFIC:21:9:9.26004756515907
TRAFFIC:21:10:3.54424684595468
TRAFFIC:21:11:22.6115136139945
TRAFFIC:21:12:12.5707467539478
TRAFFIC:21:13:14.07635220273805
TRAFFIC:21:14:16.34493989558507
TRAFFIC:21:15:22.10295960990799
TRAFFIC:21:16:15.76592713249052
TRAFFIC:21:17:4.94148242395188
TRAFFIC:21:18:12.8900571102695
TRAFFIC:21:19:11.84275167964676
TRAFFIC:21:20:22.80014975440949
TRAFFIC:21:22:14.35873384073829
TRAFFIC:21:23:11.90182112322756
TRAFFIC:21:24:15.15307842985859
TRAFFIC:22:1:6.68652341465206
TRAFFIC:22:2:4.556551938542959
TRAFFIC:22:3:7.857722960268203
TRAFFIC:22:4:8.456554465524929
TRAFFIC:22:5:9.216199300906158
TRAFFIC:22:6:3.083790137310131
TRAFFIC:22:7:4.70767772969266
TRAFFIC:22:8:6.263190587544869
TRAFFIC:22:9:6.269730922183995
TRAFFIC:22:10:2.536320913788428
TRAFFIC:22:11:13.59878022403727
TRAFFIC:22:12:8.25382504968281
TRAFFIC:22:13:9.116958384343416
TRAFFIC:22:14:10.37413623419629
TRAFFIC:22:15:13.34975522166017
TRAFFIC:22:16:10.05807954309288
TRAFFIC:22:17:3.487672362823249
TRAFFIC:22:18:8.438857839917679
TRAFFIC:22:19:7.827904866176583
TRAFFIC:22:20:13.69061201785177
TRAFFIC:22:21:10.65132075007659
TRAFFIC:22:23:7.86267652970507
TRAFFIC:22:24:9.719993977665231
TRAFFIC:23:1:4.35391600438503
TRAFFIC:23:2:3.079530266880555
TRAFFIC:23:3:5.015749922559115
TRAFFIC:23:4:5.344170165065185
TRAFFIC:23:5:5.751479558946098
TRAFFIC:23:6:2.140303447164142
TRAFFIC:23:7:3.1731283467409
TRAFFIC:23:8:4.108102064648635
TRAFFIC:23:9:4.111927152049829
TRAFFIC:23:10:1.778135381915843
TRAFFIC:23:11:7.916007491257755
TRAFFIC:23:12:5.233722057473894
TRAFFIC:23:13:5.698846962150448
TRAFFIC:23:14:6.353135311911891
TRAFFIC:23:15:7.800843490749131
TRAFFIC:23:16:6.191156884951376
TRAFFIC:23:17:2.402869834174464
TRAFFIC:23:18:5.33455865995216
TRAFFIC:23:19:4.999223633100177
TRAFFIC:23:20:7.958254264454061
TRAFFIC:23:21:6.493838001045448
TRAFFIC:23:22:5.783238765820047
TRAFFIC:23:24:6.016040252831844
TRAFFIC:24:1:7.608792936680723
TRAFFIC:24:2:5.129434644392923
TRAFFIC:24:3:8.995149323843851
TRAFFIC:24:4:9.710433123531008
TRAFFIC:24:5:10.62415774007039
TRAFFIC:24:6:3.445956207074456
TRAFFIC:24:7:5.303596252234537
TRAFFIC:24:8:7.111748692397242
TRAFFIC:24:9:7.119411587395803
TRAFFIC:24:10:2.8264581628954
TRAFFIC:24:11:16.03864334665327
TRAFFIC:24:12:9.467787700213503
TRAFFIC:24:13:10.50438144844631
TRAFFIC:24:14:12.03081243477862
TRAFFIC:24:15:15.72428488057174
TRAFFIC:24:16:11.64519502709136
TRAFFIC:24:17:3.905153166940218
TRAFFIC:24:18:9.689232031472875
TRAFFIC:24:19:8.959647239665539
TRAFFIC:24:20:16.15477637810066
TRAFFIC:24:21:12.37004434733239
TRAFFIC:24:22:10.69668147542098
TRAFFIC:24:23:9.001048203417261
*** ERROR[GENERAL_007]: Processing aborted.
### OPL exception: Processing aborted.
----------------------------------------
Begin PBS Epilogue Sun Nov  4 15:15:40 EST 2012 1352060140
Job ID:		582691.egeon2
Username:	hoangha1
Group:		jaumard1
Job Name:	US-1-1024-1.pbs
Session:	10155
Limits:		neednodes=1:m48G:ppn=4,nodes=1:m48G:ppn=4,walltime=120:00:00
Resources:	cput=00:00:00,mem=16644kb,vmem=127732kb,walltime=00:00:03
Queue:		normale
Account:		
Nodes:	node-c1-53
Killing leftovers...

End PBS Epilogue Sun Nov  4 15:15:40 EST 2012 1352060140
----------------------------------------
