----------------------------------------
Begin PBS Prologue Wed Mar  6 05:00:55 EST 2013 1362564055
Job ID:		891827.egeon2
Username:	hoangha1
Group:		jaumard1
Nodes:		node-c3-46
End PBS Prologue Wed Mar  6 05:00:55 EST 2013 1362564055
----------------------------------------

<<< setup

===================================== COLUMN GENERATION SOLVER =====================================


[:>] INPUT        : sndlib/NET/pdh.net
[:>] PARAMETER DEFINITION   : params.mod
[:>] PARAMETER DATA         : params.dat
[MODEL] >>> ROOT >>> prepro1.mod 
[MODEL] >>> RELAXMASTER1 >>> master1.mod (relax)
[MODEL] >>> RELAXMASTER >>> master.mod (relax)
[MODEL] >>> FINAL1 >>> master1.mod 
[MODEL] >>> FINAL >>> master.mod 
[MODEL] >>> PRICE1 >>> price1.mod 
[MODEL] >>> PRICE >>> price.mod 
============================================ PROCESSING ============================================

START PRE-PROCESSING
Number of nodes : 11
Number of edges : 68
Number of demands : 24
Number of wavelengths : 24
SHORTEST PATH OF  <"N9" "N2" 11>
 <"L162" "N6" "N2"> <"L172" "N8" "N2"> <"L311" "N9" "N2"> <"L321" "N9" "N6"> <"L341" "N9" "N8">
SHORTEST PATH OF  <"N3" "N4" 10>
 <"L181" "N3" "N4"> <"L191" "N3" "N5"> <"L201" "N3" "N6"> <"L212" "N5" "N4"> <"L222" "N6" "N4">
SHORTEST PATH OF  <"N7" "N8" 17>
 <"L252" "N7" "N5"> <"L261" "N5" "N8"> <"L281" "N7" "N8"> <"L332" "N7" "N9"> <"L341" "N9" "N8">
SHORTEST PATH OF  <"N10" "N3" 16>
 <"L31" "N10" "N11"> <"L41" "N10" "N2"> <"L51" "N10" "N3"> <"L91" "N11" "N3"> <"L121" "N2" "N3">
SHORTEST PATH OF  <"N9" "N11" 13>
 <"L82" "N2" "N11"> <"L112" "N8" "N11"> <"L301" "N9" "N11"> <"L311" "N9" "N2"> <"L341" "N9" "N8">
SHORTEST PATH OF  <"N2" "N8" 16>
 <"L151" "N2" "N5"> <"L161" "N2" "N6"> <"L171" "N2" "N8"> <"L261" "N5" "N8"> <"L271" "N6" "N8">
SHORTEST PATH OF  <"N2" "N5" 13>
 <"L121" "N2" "N3"> <"L151" "N2" "N5"> <"L161" "N2" "N6"> <"L191" "N3" "N5"> <"L232" "N6" "N5">
SHORTEST PATH OF  <"N1" "N7" 18>
 <"L11" "N1" "N9"> <"L131" "N1" "N7"> <"L241" "N1" "N8"> <"L282" "N8" "N7"> <"L331" "N9" "N7">
SHORTEST PATH OF  <"N3" "N5" 17>
 <"L181" "N3" "N4"> <"L191" "N3" "N5"> <"L201" "N3" "N6"> <"L211" "N4" "N5"> <"L232" "N6" "N5">
SHORTEST PATH OF  <"N6" "N8" 12>
 <"L232" "N6" "N5"> <"L261" "N5" "N8"> <"L271" "N6" "N8"> <"L322" "N6" "N9"> <"L341" "N9" "N8">
SHORTEST PATH OF  <"N1" "N10" 15>
 <"L21" "N1" "N10"> <"L62" "N7" "N10"> <"L72" "N8" "N10"> <"L131" "N1" "N7"> <"L241" "N1" "N8">
SHORTEST PATH OF  <"N10" "N11" 18>
 <"L31" "N10" "N11"> <"L51" "N10" "N3"> <"L61" "N10" "N7"> <"L92" "N3" "N11"> <"L102" "N7" "N11">
SHORTEST PATH OF  <"N5" "N8" 17>
 <"L152" "N5" "N2"> <"L171" "N2" "N8"> <"L231" "N5" "N6"> <"L261" "N5" "N8"> <"L271" "N6" "N8">
SHORTEST PATH OF  <"N4" "N5" 15>
 <"L142" "N4" "N2"> <"L151" "N2" "N5"> <"L211" "N4" "N5"> <"L221" "N4" "N6"> <"L232" "N6" "N5">
SHORTEST PATH OF  <"N9" "N8" 10>
 <"L71" "N10" "N8"> <"L271" "N6" "N8"> <"L291" "N9" "N10"> <"L321" "N9" "N6"> <"L341" "N9" "N8">
SHORTEST PATH OF  <"N11" "N3" 14>
 <"L32" "N11" "N10"> <"L51" "N10" "N3"> <"L81" "N11" "N2"> <"L91" "N11" "N3"> <"L121" "N2" "N3">
SHORTEST PATH OF  <"N5" "N6" 16>
 <"L212" "N5" "N4"> <"L221" "N4" "N6"> <"L231" "N5" "N6"> <"L261" "N5" "N8"> <"L272" "N8" "N6">
SHORTEST PATH OF  <"N2" "N3" 12>
 <"L121" "N2" "N3"> <"L151" "N2" "N5"> <"L161" "N2" "N6"> <"L192" "N5" "N3"> <"L202" "N6" "N3">
SHORTEST PATH OF  <"N11" "N2" 19>
 <"L81" "N11" "N2"> <"L91" "N11" "N3"> <"L111" "N11" "N8"> <"L122" "N3" "N2"> <"L172" "N8" "N2">
SHORTEST PATH OF  <"N9" "N10" 15>
 <"L42" "N2" "N10"> <"L62" "N7" "N10"> <"L291" "N9" "N10"> <"L311" "N9" "N2"> <"L331" "N9" "N7">
SHORTEST PATH OF  <"N1" "N9" 10>
 <"L11" "N1" "N9"> <"L21" "N1" "N10"> <"L241" "N1" "N8"> <"L292" "N10" "N9"> <"L342" "N8" "N9">
SHORTEST PATH OF  <"N9" "N7" 10>
 <"L61" "N10" "N7"> <"L282" "N8" "N7"> <"L291" "N9" "N10"> <"L331" "N9" "N7"> <"L341" "N9" "N8">
SHORTEST PATH OF  <"N2" "N6" 15>
 <"L151" "N2" "N5"> <"L161" "N2" "N6"> <"L231" "N5" "N6"> <"L312" "N2" "N9"> <"L321" "N9" "N6">
SHORTEST PATH OF  <"N2" "N4" 13>
 <"L141" "N2" "N4"> <"L151" "N2" "N5"> <"L161" "N2" "N6"> <"L212" "N5" "N4"> <"L222" "N6" "N4">
[:>] solve ROOT ("prepro1.mod") =>  called: 1 runtime: 0 acc. time: 0
SOLVE RELAXMASTER1
Master Obj : 34200000 Dummy : 342 EXTRA CALL 0 COLUMNS : 0 non-basis rate : NaN
SOLVE PRICE1
Price Obj :-2399965 Cost : 35 column index 0
[:>] solve PRICE1 ("price1.mod") =>  called: 1 runtime: 1 acc. time: 1
SOLVE RELAXMASTER1
Master Obj : 665 Dummy : 0 EXTRA CALL 1 COLUMNS : 1 non-basis rate : 0
SOLVE PRICE1
Price Obj :-31 Cost : 4 column index 1
[:>] solve PRICE1 ("price1.mod") =>  called: 2 runtime: 0 acc. time: 1
SOLVE RELAXMASTER1
Master Obj : 634 Dummy : 0 EXTRA CALL 2 COLUMNS : 2 non-basis rate : 0
SOLVE PRICE1
Price Obj :-28 Cost : 7 column index 2
[:>] solve PRICE1 ("price1.mod") =>  called: 3 runtime: 0 acc. time: 1
SOLVE RELAXMASTER1
Master Obj : 634 Dummy : 0 EXTRA CALL 3 COLUMNS : 3 non-basis rate : 0
SOLVE PRICE1
Price Obj :-27 Cost : 5 column index 3
[:>] solve PRICE1 ("price1.mod") =>  called: 4 runtime: 0 acc. time: 1
SOLVE RELAXMASTER1
Master Obj : 607 Dummy : 0 EXTRA CALL 4 COLUMNS : 4 non-basis rate : 0
SOLVE PRICE1
Price Obj :-26 Cost : 8 column index 4
[:>] solve PRICE1 ("price1.mod") =>  called: 5 runtime: 0 acc. time: 1
SOLVE RELAXMASTER1
Master Obj : 607 Dummy : 0 EXTRA CALL 5 COLUMNS : 5 non-basis rate : 0
SOLVE PRICE1
Price Obj :-23 Cost : 7 column index 5
[:>] solve PRICE1 ("price1.mod") =>  called: 6 runtime: 0 acc. time: 1
SOLVE RELAXMASTER1
Master Obj : 607 Dummy : 0 EXTRA CALL 6 COLUMNS : 6 non-basis rate : 0
SOLVE PRICE1
Price Obj :-22 Cost : 8 column index 6
[:>] solve PRICE1 ("price1.mod") =>  called: 7 runtime: 0 acc. time: 1
SOLVE RELAXMASTER1
Master Obj : 593 Dummy : 0 EXTRA CALL 7 COLUMNS : 7 non-basis rate : 0.1666666666666667
SOLVE PRICE1
Price Obj :-22 Cost : 11 column index 7
[:>] solve PRICE1 ("price1.mod") =>  called: 8 runtime: 0 acc. time: 1
SOLVE RELAXMASTER1
Master Obj : 592 Dummy : 0 EXTRA CALL 8 COLUMNS : 8 non-basis rate : 0.3333333333333333
SOLVE PRICE1
Price Obj :-22.5 Cost : 12 column index 8
[:>] solve PRICE1 ("price1.mod") =>  called: 9 runtime: 0 acc. time: 1
SOLVE RELAXMASTER1
Master Obj : 589 Dummy : 0 EXTRA CALL 9 COLUMNS : 9 non-basis rate : 0.2857142857142857
SOLVE PRICE1
Price Obj :-16 Cost : 11 column index 9
[:>] solve PRICE1 ("price1.mod") =>  called: 10 runtime: 0 acc. time: 1
SOLVE RELAXMASTER1
Master Obj : 579 Dummy : 0 EXTRA CALL 10 COLUMNS : 10 non-basis rate : 0
SOLVE PRICE1
Price Obj :-16 Cost : 18 column index 10
[:>] solve PRICE1 ("price1.mod") =>  called: 11 runtime: 0 acc. time: 1
SOLVE RELAXMASTER1
Master Obj : 574.25 Dummy : 0 EXTRA CALL 11 COLUMNS : 11 non-basis rate : 0.2222222222222222
SOLVE PRICE1
Price Obj :-16 Cost : 18 column index 11
[:>] solve PRICE1 ("price1.mod") =>  called: 12 runtime: 0 acc. time: 1
SOLVE RELAXMASTER1
Master Obj : 573.6666666666667 Dummy : 0 EXTRA CALL 12 COLUMNS : 12 non-basis rate : 0.3333333333333333
SOLVE PRICE1
Price Obj :-16.66666666666666 Cost : 16 column index 12
[:>] solve PRICE1 ("price1.mod") =>  called: 13 runtime: 0 acc. time: 1
SOLVE RELAXMASTER1
Master Obj : 573.6666666666667 Dummy : 0 EXTRA CALL 13 COLUMNS : 13 non-basis rate : 0.3
SOLVE PRICE1
Price Obj :-16.33333333333333 Cost : 18 column index 13
[:>] solve PRICE1 ("price1.mod") =>  called: 14 runtime: 0 acc. time: 1
SOLVE RELAXMASTER1
Master Obj : 567.5 Dummy : 0 EXTRA CALL 14 COLUMNS : 14 non-basis rate : 0.4
SOLVE PRICE1
Price Obj :-12.5 Cost : 19 column index 14
[:>] solve PRICE1 ("price1.mod") =>  called: 15 runtime: 0 acc. time: 1
SOLVE RELAXMASTER1
Master Obj : 563.4 Dummy : 0 EXTRA CALL 15 COLUMNS : 15 non-basis rate : 0.25
SOLVE PRICE1
Price Obj :-14.2 Cost : 19 column index 15
[:>] solve PRICE1 ("price1.mod") =>  called: 16 runtime: 0 acc. time: 1
SOLVE RELAXMASTER1
Master Obj : 561.8571428571429 Dummy : 0 EXTRA CALL 16 COLUMNS : 16 non-basis rate : 0.4545454545454545
SOLVE PRICE1
Price Obj :-13.42857142857143 Cost : 18 column index 16
[:>] solve PRICE1 ("price1.mod") =>  called: 17 runtime: 0 acc. time: 1
SOLVE RELAXMASTER1
Master Obj : 558.1666666666667 Dummy : 0 EXTRA CALL 17 COLUMNS : 17 non-basis rate : 0.5454545454545454
SOLVE PRICE1
Price Obj :-14.00000000000001 Cost : 20 column index 17
[:>] solve PRICE1 ("price1.mod") =>  called: 18 runtime: 0 acc. time: 1
SOLVE RELAXMASTER1
Master Obj : 554.8125 Dummy : 0 EXTRA CALL 18 COLUMNS : 18 non-basis rate : 0.3846153846153846
SOLVE PRICE1
Price Obj :-9.1875 Cost : 23 column index 18
[:>] solve PRICE1 ("price1.mod") =>  called: 19 runtime: 0 acc. time: 1
SOLVE RELAXMASTER1
Master Obj : 554.8061224489797 Dummy : 0 EXTRA CALL 19 COLUMNS : 19 non-basis rate : 0.3571428571428572
SOLVE PRICE1
Price Obj :-11.61224489795919 Cost : 23 column index 19
[:>] solve PRICE1 ("price1.mod") =>  called: 20 runtime: 0 acc. time: 1
SOLVE RELAXMASTER1
Master Obj : 553.34 Dummy : 0 EXTRA CALL 20 COLUMNS : 20 non-basis rate : 0.3333333333333333
SOLVE PRICE1
Price Obj :-7.440000000000001 Cost : 19 column index 20
[:>] solve PRICE1 ("price1.mod") =>  called: 21 runtime: 0 acc. time: 1
SOLVE RELAXMASTER1
Master Obj : 551.1144278606964 Dummy : 0 EXTRA CALL 21 COLUMNS : 21 non-basis rate : 0.4
SOLVE PRICE1
Price Obj :-9.970149253731348 Cost : 19 column index 21
[:>] solve PRICE1 ("price1.mod") =>  called: 22 runtime: 0 acc. time: 1
SOLVE RELAXMASTER1
Master Obj : 549.6 Dummy : 0 EXTRA CALL 22 COLUMNS : 22 non-basis rate : 0.4666666666666667
SOLVE PRICE1
Price Obj :-9.436363636363621 Cost : 25 column index 22
[:>] solve PRICE1 ("price1.mod") =>  called: 23 runtime: 1 acc. time: 2
SOLVE RELAXMASTER1
Master Obj : 549.4166666666667 Dummy : 0 EXTRA CALL 23 COLUMNS : 23 non-basis rate : 0.4375
SOLVE PRICE1
Price Obj :-5.041666666666664 Cost : 17 column index 23
[:>] solve PRICE1 ("price1.mod") =>  called: 24 runtime: 0 acc. time: 2
SOLVE RELAXMASTER1
Master Obj : 549.15625 Dummy : 0 EXTRA CALL 24 COLUMNS : 24 non-basis rate : 0.5
SOLVE PRICE1
Price Obj :-9.09375 Cost : 21 column index 24
[:>] solve PRICE1 ("price1.mod") =>  called: 25 runtime: 0 acc. time: 2
SOLVE RELAXMASTER1
Master Obj : 547.8731884057971 Dummy : 0 EXTRA CALL 25 COLUMNS : 25 non-basis rate : 0.6666666666666666
SOLVE PRICE1
Price Obj :-10.69565217391304 Cost : 21 column index 25
[:>] solve PRICE1 ("price1.mod") =>  called: 26 runtime: 0 acc. time: 2
SOLVE RELAXMASTER1
Master Obj : 546.6574074074074 Dummy : 0 EXTRA CALL 26 COLUMNS : 26 non-basis rate : 0.4444444444444444
SOLVE PRICE1
Price Obj :-7.611111111111118 Cost : 24 column index 26
[:>] solve PRICE1 ("price1.mod") =>  called: 27 runtime: 0 acc. time: 2
SOLVE RELAXMASTER1
Master Obj : 545.832469775475 Dummy : 0 EXTRA CALL 27 COLUMNS : 27 non-basis rate : 0.5
SOLVE PRICE1
Price Obj :-6.968911917098449 Cost : 19 column index 27
[:>] solve PRICE1 ("price1.mod") =>  called: 28 runtime: 0 acc. time: 2
SOLVE RELAXMASTER1
Master Obj : 544.6341463414633 Dummy : 0 EXTRA CALL 28 COLUMNS : 28 non-basis rate : 0.6470588235294118
SOLVE PRICE1
Price Obj :-9.658536585365852 Cost : 19 column index 28
[:>] solve PRICE1 ("price1.mod") =>  called: 29 runtime: 0 acc. time: 2
SOLVE RELAXMASTER1
Master Obj : 543.90099009901 Dummy : 0 EXTRA CALL 29 COLUMNS : 29 non-basis rate : 0.7058823529411765
SOLVE PRICE1
Price Obj :-5.29522952295229 Cost : 22 column index 29
[:>] solve PRICE1 ("price1.mod") =>  called: 30 runtime: 0 acc. time: 2
SOLVE RELAXMASTER1
Master Obj : 543.4969325153374 Dummy : 0 EXTRA CALL 30 COLUMNS : 30 non-basis rate : 0.7647058823529411
SOLVE PRICE1
Price Obj :-5.34969325153374 Cost : 26 column index 30
[:>] solve PRICE1 ("price1.mod") =>  called: 31 runtime: 0 acc. time: 2
SOLVE RELAXMASTER1
Master Obj : 542.1571428571428 Dummy : 0 EXTRA CALL 31 COLUMNS : 31 non-basis rate : 0.7222222222222222
SOLVE PRICE1
Price Obj :-9.614285714285719 Cost : 23 column index 31
[:>] solve PRICE1 ("price1.mod") =>  called: 32 runtime: 0 acc. time: 2
SOLVE RELAXMASTER1
Master Obj : 539.6016989145822 Dummy : 0 EXTRA CALL 32 COLUMNS : 32 non-basis rate : 0.6842105263157895
SOLVE PRICE1
Price Obj :-7.312411514865502 Cost : 26 column index 32
[:>] solve PRICE1 ("price1.mod") =>  called: 33 runtime: 0 acc. time: 2
SOLVE RELAXMASTER1
Master Obj : 539.4160048869883 Dummy : 0 EXTRA CALL 33 COLUMNS : 33 non-basis rate : 0.8333333333333334
SOLVE PRICE1
Price Obj :-6.995723885155769 Cost : 26 column index 33
[:>] solve PRICE1 ("price1.mod") =>  called: 34 runtime: 1 acc. time: 3
SOLVE RELAXMASTER1
Master Obj : 539.3036267138434 Dummy : 0 EXTRA CALL 34 COLUMNS : 34 non-basis rate : 0.7
SOLVE PRICE1
Price Obj :-6.819327731092436 Cost : 23 column index 34
[:>] solve PRICE1 ("price1.mod") =>  called: 35 runtime: 0 acc. time: 3
SOLVE RELAXMASTER1
Master Obj : 539.1993490642799 Dummy : 0 EXTRA CALL 35 COLUMNS : 35 non-basis rate : 0.75
SOLVE PRICE1
Price Obj :-5.288852725793316 Cost : 28 column index 35
[:>] solve PRICE1 ("price1.mod") =>  called: 36 runtime: 1 acc. time: 4
SOLVE RELAXMASTER1
Master Obj : 539.0201072386059 Dummy : 0 EXTRA CALL 36 COLUMNS : 36 non-basis rate : 0.8
SOLVE PRICE1
Price Obj :-4.793565683646111 Cost : 24 column index 36
[:>] solve PRICE1 ("price1.mod") =>  called: 37 runtime: 1 acc. time: 5
SOLVE RELAXMASTER1
Master Obj : 538.8427618842761 Dummy : 0 EXTRA CALL 37 COLUMNS : 37 non-basis rate : 0.85
SOLVE PRICE1
Price Obj :-3.090342009034199 Cost : 25 column index 37
[:>] solve PRICE1 ("price1.mod") =>  called: 38 runtime: 0 acc. time: 5
SOLVE RELAXMASTER1
Master Obj : 538.7391304347825 Dummy : 0 EXTRA CALL 38 COLUMNS : 38 non-basis rate : 0.7272727272727273
SOLVE PRICE1
Price Obj :-5.985110184633712 Cost : 25 column index 38
[:>] solve PRICE1 ("price1.mod") =>  called: 39 runtime: 0 acc. time: 5
SOLVE RELAXMASTER1
Master Obj : 538.5124087591241 Dummy : 0 EXTRA CALL 39 COLUMNS : 39 non-basis rate : 0.8571428571428571
SOLVE PRICE1
Price Obj :-5.80827250608273 Cost : 25 column index 39
[:>] solve PRICE1 ("price1.mod") =>  called: 40 runtime: 0 acc. time: 5
SOLVE RELAXMASTER1
Master Obj : 538.2269031781227 Dummy : 0 EXTRA CALL 40 COLUMNS : 40 non-basis rate : 1
SOLVE PRICE1
Price Obj :-5.262749445676285 Cost : 27 column index 40
[:>] solve PRICE1 ("price1.mod") =>  called: 41 runtime: 1 acc. time: 6
SOLVE RELAXMASTER1
Master Obj : 538.1544046890036 Dummy : 0 EXTRA CALL 41 COLUMNS : 41 non-basis rate : 0.8636363636363636
SOLVE PRICE1
Price Obj :-4.262575452716302 Cost : 25 column index 41
[:>] solve PRICE1 ("price1.mod") =>  called: 42 runtime: 0 acc. time: 6
SOLVE RELAXMASTER1
Master Obj : 538.1226320088177 Dummy : 0 EXTRA CALL 42 COLUMNS : 42 non-basis rate : 0.8260869565217391
SOLVE PRICE1
Price Obj :-2.506966195909882 Cost : 26 column index 42
[:>] solve PRICE1 ("price1.mod") =>  called: 43 runtime: 1 acc. time: 7
SOLVE RELAXMASTER1
Master Obj : 537.9392663404273 Dummy : 0 EXTRA CALL 43 COLUMNS : 43 non-basis rate : 0.8695652173913043
SOLVE PRICE1
Price Obj :-3.00231402450591 Cost : 28 column index 43
[:>] solve PRICE1 ("price1.mod") =>  called: 44 runtime: 0 acc. time: 7
SOLVE RELAXMASTER1
Master Obj : 536.9337805297556 Dummy : 0 EXTRA CALL 44 COLUMNS : 44 non-basis rate : 0.9130434782608695
SOLVE PRICE1
Price Obj :-3.650842793257631 Cost : 24 column index 44
[:>] solve PRICE1 ("price1.mod") =>  called: 45 runtime: 0 acc. time: 7
SOLVE RELAXMASTER1
Master Obj : 536.8599921011057 Dummy : 0 EXTRA CALL 45 COLUMNS : 45 non-basis rate : 1.045454545454545
SOLVE PRICE1
Price Obj :-3.70300157977882 Cost : 21 column index 45
[:>] solve PRICE1 ("price1.mod") =>  called: 46 runtime: 0 acc. time: 7
SOLVE RELAXMASTER1
Master Obj : 536.4352970482004 Dummy : 0 EXTRA CALL 46 COLUMNS : 46 non-basis rate : 1
SOLVE PRICE1
Price Obj :-3.3270021173247 Cost : 27 column index 46
[:>] solve PRICE1 ("price1.mod") =>  called: 47 runtime: 1 acc. time: 8
SOLVE RELAXMASTER1
Master Obj : 535.3893038143505 Dummy : 0 EXTRA CALL 47 COLUMNS : 47 non-basis rate : 0.9583333333333334
SOLVE PRICE1
Price Obj :-1.687383302213931 Cost : 29 column index 47
[:>] solve PRICE1 ("price1.mod") =>  called: 48 runtime: 0 acc. time: 8
SOLVE RELAXMASTER1
Master Obj : 535.2930525668613 Dummy : 0 EXTRA CALL 48 COLUMNS : 48 non-basis rate : 1.08695652173913
SOLVE PRICE1
Price Obj :-3.153335382723633 Cost : 15 column index 48
[:>] solve PRICE1 ("price1.mod") =>  called: 49 runtime: 0 acc. time: 8
SOLVE RELAXMASTER1
Master Obj : 535.2037914691942 Dummy : 0 EXTRA CALL 49 COLUMNS : 49 non-basis rate : 1.041666666666667
SOLVE PRICE1
Price Obj :-1.787914691943122 Cost : 29 column index 49
[:>] solve PRICE1 ("price1.mod") =>  called: 50 runtime: 1 acc. time: 9
SOLVE RELAXMASTER1
Master Obj : 534.3982663135084 Dummy : 0 EXTRA CALL 50 COLUMNS : 50 non-basis rate : 1.083333333333333
SOLVE PRICE1
Price Obj :-2.714302913556466 Cost : 27 column index 50
[:>] solve PRICE1 ("price1.mod") =>  called: 51 runtime: 0 acc. time: 9
SOLVE RELAXMASTER1
Master Obj : 534.007790287729 Dummy : 0 EXTRA CALL 51 COLUMNS : 51 non-basis rate : 1.125
SOLVE PRICE1
Price Obj :-3.016689412032292 Cost : 24 column index 51
[:>] solve PRICE1 ("price1.mod") =>  called: 52 runtime: 1 acc. time: 10
SOLVE RELAXMASTER1
Master Obj : 533.6298734177215 Dummy : 0 EXTRA CALL 52 COLUMNS : 52 non-basis rate : 1.166666666666667
SOLVE PRICE1
Price Obj :-2.417215189873421 Cost : 27 column index 52
[:>] solve PRICE1 ("price1.mod") =>  called: 53 runtime: 1 acc. time: 11
SOLVE RELAXMASTER1
Master Obj : 533.3185217141211 Dummy : 0 EXTRA CALL 53 COLUMNS : 53 non-basis rate : 1.304347826086957
trim down non-basis columns to 1
need to delete 7 nonbasic column
SOLVE RELAXMASTER1
Master Obj : 533.3185217141211 Dummy : 0 EXTRA CALL 54 COLUMNS : 46 non-basis rate : 1
SOLVE PRICE1
Price Obj :-2.946146102962306 Cost : 21 column index 53
[:>] solve PRICE1 ("price1.mod") =>  called: 54 runtime: 0 acc. time: 11
SOLVE RELAXMASTER1
Master Obj : 533.1865667166417 Dummy : 0 EXTRA CALL 55 COLUMNS : 47 non-basis rate : 0.9583333333333334
SOLVE PRICE1
Price Obj :-2.70752623688157 Cost : 24 column index 54
[:>] solve PRICE1 ("price1.mod") =>  called: 55 runtime: 0 acc. time: 11
SOLVE RELAXMASTER1
Master Obj : 533.110360543664 Dummy : 0 EXTRA CALL 56 COLUMNS : 48 non-basis rate : 1
SOLVE PRICE1
Price Obj :-2.987466427931967 Cost : 29 column index 55
[:>] solve PRICE1 ("price1.mod") =>  called: 56 runtime: 0 acc. time: 11
SOLVE RELAXMASTER1
Master Obj : 532.9488292758566 Dummy : 0 EXTRA CALL 57 COLUMNS : 49 non-basis rate : 1.041666666666667
SOLVE PRICE1
Price Obj :-2.094846746265571 Cost : 28 column index 56
[:>] solve PRICE1 ("price1.mod") =>  called: 57 runtime: 1 acc. time: 12
SOLVE RELAXMASTER1
Master Obj : 532.7633071722746 Dummy : 0 EXTRA CALL 58 COLUMNS : 50 non-basis rate : 1.083333333333333
SOLVE PRICE1
Price Obj :-2.437822156603726 Cost : 18 column index 57
[:>] solve PRICE1 ("price1.mod") =>  called: 58 runtime: 0 acc. time: 12
SOLVE RELAXMASTER1
Master Obj : 532.4388997078871 Dummy : 0 EXTRA CALL 59 COLUMNS : 51 non-basis rate : 1.125
SOLVE PRICE1
Price Obj :-1.637536514118786 Cost : 23 column index 58
[:>] solve PRICE1 ("price1.mod") =>  called: 59 runtime: 0 acc. time: 12
SOLVE RELAXMASTER1
Master Obj : 532.3866666666665 Dummy : 0 EXTRA CALL 60 COLUMNS : 52 non-basis rate : 1.166666666666667
SOLVE PRICE1
Price Obj :-1.09333333333333 Cost : 24 column index 59
[:>] solve PRICE1 ("price1.mod") =>  called: 60 runtime: 0 acc. time: 12
SOLVE RELAXMASTER1
Master Obj : 532.3669950738916 Dummy : 0 EXTRA CALL 61 COLUMNS : 53 non-basis rate : 1.208333333333333
trim down non-basis columns to 1
need to delete 5 nonbasic column
SOLVE RELAXMASTER1
Master Obj : 532.3669950738916 Dummy : 0 EXTRA CALL 62 COLUMNS : 48 non-basis rate : 1
SOLVE PRICE1
Price Obj :-1.503622138510573 Cost : 8 column index 60
[:>] solve PRICE1 ("price1.mod") =>  called: 61 runtime: 0 acc. time: 12
SOLVE RELAXMASTER1
Master Obj : 532.1404334414299 Dummy : 0 EXTRA CALL 63 COLUMNS : 49 non-basis rate : 1.041666666666667
SOLVE PRICE1
Price Obj :-0.1008858656964122 Cost : 25 column index 61
[:>] solve PRICE1 ("price1.mod") =>  called: 62 runtime: 0 acc. time: 12
SOLVE RELAXMASTER1
Master Obj : 532.1179908076165 Dummy : 0 EXTRA CALL 64 COLUMNS : 50 non-basis rate : 1.083333333333333
SOLVE PRICE1
Price Obj :-1.983650689428764 Cost : 25 column index 62
[:>] solve PRICE1 ("price1.mod") =>  called: 63 runtime: 1 acc. time: 13
SOLVE RELAXMASTER1
Master Obj : 531.5681452909032 Dummy : 0 EXTRA CALL 65 COLUMNS : 51 non-basis rate : 1.125
SOLVE PRICE1
Price Obj :-2.011652201864351 Cost : 27 column index 63
[:>] solve PRICE1 ("price1.mod") =>  called: 64 runtime: 0 acc. time: 13
SOLVE RELAXMASTER1
Master Obj : 531.3596177522423 Dummy : 0 EXTRA CALL 66 COLUMNS : 52 non-basis rate : 1.166666666666667
SOLVE PRICE1
Price Obj :-1.095092923726327 Cost : 27 column index 64
[:>] solve PRICE1 ("price1.mod") =>  called: 65 runtime: 0 acc. time: 13
SOLVE RELAXMASTER1
Master Obj : 531.334131163236 Dummy : 0 EXTRA CALL 67 COLUMNS : 53 non-basis rate : 1.208333333333333
trim down non-basis columns to 1
need to delete 5 nonbasic column
SOLVE RELAXMASTER1
Master Obj : 531.334131163236 Dummy : 0 EXTRA CALL 68 COLUMNS : 48 non-basis rate : 1
SOLVE PRICE1
Price Obj :-1.109621828626135 Cost : 25 column index 65
[:>] solve PRICE1 ("price1.mod") =>  called: 66 runtime: 0 acc. time: 13
SOLVE RELAXMASTER1
Master Obj : 531.2394659991656 Dummy : 0 EXTRA CALL 69 COLUMNS : 49 non-basis rate : 1.041666666666667
SOLVE PRICE1
Price Obj :-0.4449311639549478 Cost : 26 column index 66
[:>] solve PRICE1 ("price1.mod") =>  called: 67 runtime: 0 acc. time: 13
SOLVE RELAXMASTER1
Master Obj : 531.2088948787061 Dummy : 0 EXTRA CALL 70 COLUMNS : 50 non-basis rate : 1.083333333333333
SOLVE PRICE1
Price Obj :-1.533692722371978 Cost : 20 column index 67
[:>] solve PRICE1 ("price1.mod") =>  called: 68 runtime: 0 acc. time: 13
SOLVE RELAXMASTER1
Master Obj : 531.1752577319587 Dummy : 0 EXTRA CALL 71 COLUMNS : 51 non-basis rate : 1.125
SOLVE PRICE1
Price Obj :-1.829896907216557 Cost : 19 column index 68
[:>] solve PRICE1 ("price1.mod") =>  called: 69 runtime: 0 acc. time: 13
SOLVE RELAXMASTER1
Master Obj : 531.0566880759563 Dummy : 0 EXTRA CALL 72 COLUMNS : 52 non-basis rate : 1.166666666666667
SOLVE PRICE1
Price Obj :-0.7187936330633811 Cost : 27 column index 69
[:>] solve PRICE1 ("price1.mod") =>  called: 70 runtime: 0 acc. time: 13
SOLVE RELAXMASTER1
Master Obj : 531.0000000000001 Dummy : 0 EXTRA CALL 73 COLUMNS : 53 non-basis rate : 1.12
SOLVE PRICE1
[:>] solve PRICE1 ("price1.mod") =>  called: 71 runtime: 0 acc. time: 13
SOLVE FINAL1
Master Obj : 535 Dummy : 0 EXTRA CALL 74 COLUMNS : 53
========================================
configuration repeated : 9
WORKING:L11:L21:L31:L51:L81:L91:L121:L131:L141:L151:L161:L171:L181:L191:L211:L231:L261:L271:L281:L291:L301:L311:L331:L341
PROTECT:L12:L52:L61:L82:L142:L202:L212:L241:L252:L272:L302
ROUTE:
configuration repeated : 1
WORKING:L31:L81
PROTECT:L32:L41:L82
ROUTE:
configuration repeated : 1
WORKING:L11:L21:L31:L51:L81:L91:L121:L131:L161:L191:L231:L261:L271:L281:L291
PROTECT:L32:L41:L92:L132:L192:L232:L241:L272:L312:L331
ROUTE:
configuration repeated : 3
WORKING:L21:L31:L51:L81:L91:L131:L141:L151:L161:L171:L191:L211:L231:L261:L271:L281:L291:L301
PROTECT:L32:L41:L92:L132:L202:L212:L221:L241:L262:L312:L331
ROUTE:
configuration repeated : 1
WORKING:L11:L21:L31:L51:L81:L131:L141:L161:L171:L181:L191:L211:L231:L261:L281:L291:L301:L311
PROTECT:L22:L32:L102:L121:L142:L201:L212:L241:L262:L322:L331
ROUTE:
configuration repeated : 1
WORKING:L21:L31:L51:L81:L131:L151:L161:L171:L191:L211:L231:L261:L281:L291:L311:L331:L341
PROTECT:L12:L42:L61:L91:L112:L122:L212:L221:L241:L252:L322
ROUTE:
configuration repeated : 1
WORKING:L81:L91:L121:L131:L161:L171:L191:L231:L261:L281
PROTECT:L82:L101:L122:L132:L192:L232:L241:L272
ROUTE:
configuration repeated : 1
WORKING:L31:L81:L131
PROTECT:L21:L41:L82:L101:L132
ROUTE:
configuration repeated : 1
WORKING:L21:L31:L51:L81:L121:L131:L171:L191:L211:L261:L281
PROTECT:L22:L62:L91:L112:L142:L151:L181:L241:L251
ROUTE:
========================================

WITHOUT-INTOBJ         :535
WITHOUT-RELAXOBJ       :531.0000000000001
WITHOUT-GAP            :0.7476635500043459
WITHOUT-USED-WAVE      :19
WITHOUT-WORKING-COST   :346
WITHOUT-PROTECT-COST   :189
WITHOUT-USED-CONFIGS   :9
SOLVE RELAXMASTER
Master Obj : 531.0000000000001 Dummy : 0 EXTRA CALL 1 COLUMNS : 53 non-basis rate : 1.12
SOLVE PRICE
[:>] solve PRICE ("price.mod") =>  called: 1 runtime: 1 acc. time: 1
SOLVE FINAL
Master Obj : 535 Dummy : 0 EXTRA CALL 2 COLUMNS : 53
WITH-INTOBJ         :535
WITH-RELAXOBJ       :531.0000000000001
WITH-GAP            :0.7476635500043459
WITH-USED-WAVE      :19
WITH-WORKING-COST   :346
WITH-PROTECT-COST   :189
WITH-USED-CONFIGS   :9
===================================== PERFORMANCE INFORMATION =====================================

MODEL        CALL TOTAL-TIME MEAN-TIME          RELAX SOURCE      
-----        ---- ---------- ---------          ----- ------      
ROOT         1    0          0                  false prepro1.mod 
RELAXMASTER1 74   0          0                  true  master1.mod 
RELAXMASTER  1    0          0                  true  master.mod  
FINAL1       1    0          0                  false master1.mod 
FINAL        1    0          0                  false master.mod  
PRICE1       71   13         0.1830985915492958 false price1.mod  
PRICE        1    1          1                  false price.mod   

----------------------------------------------------------------------------------------------------
OVERALL-RUNTIME: 29
----------------------------------------------------------------------------------------------------

main returns 0

<<< main


<<< done

----------------------------------------
Begin PBS Epilogue Wed Mar  6 05:01:30 EST 2013 1362564090
Job ID:		891827.egeon2
Username:	hoangha1
Group:		jaumard1
Job Name:	pdh.pbs
Session:	11832
Limits:		neednodes=1:m48G:ppn=12,nodes=1:m48G:ppn=12,walltime=168:00:00
Resources:	cput=00:00:35,mem=56260kb,vmem=547684kb,walltime=00:00:30
Queue:		normale
Account:		
Nodes:	node-c3-46
Killing leftovers...

End PBS Epilogue Wed Mar  6 05:01:31 EST 2013 1362564091
----------------------------------------
