----------------------------------------
Begin PBS Prologue Tue Jan 22 10:47:15 EST 2013 1358869635
Job ID:		753821.egeon2
Username:	hoangha1
Group:		jaumard1
Nodes:		node-e1-63
End PBS Prologue Tue Jan 22 10:47:15 EST 2013 1358869635
----------------------------------------

<<< setup

===================================== COLUMN GENERATION SOLVER =====================================


[:>] INPUT        : sndlib/NET/pdh.net
[:>] PARAMETER DEFINITION   : params.mod
[:>] PARAMETER DATA         : params.dat
[MODEL] >>> ROOT >>> prepro.mod 
[MODEL] >>> RELAXMASTER >>> master.mod (relax)
[MODEL] >>> FINAL >>> master.mod 
[MODEL] >>> PRICE >>> price.mod 
============================================ PROCESSING ============================================

START PRE-PROCESSING
Number of nodes : 11
Number of edges : 68
Number of demands : 24
Number of wavelengths : 24
SHORTEST PATH OF  <"N9" "N2" 11>
 <"L162" "N6" "N2"> <"L172" "N8" "N2"> <"L311" "N9" "N2"> <"L321" "N9" "N6"> <"L341" "N9" "N8">
SHORTEST PATH OF  <"N3" "N4" 10>
 <"L181" "N3" "N4"> <"L191" "N3" "N5"> <"L201" "N3" "N6"> <"L212" "N5" "N4"> <"L222" "N6" "N4">
SHORTEST PATH OF  <"N7" "N8" 17>
 <"L252" "N7" "N5"> <"L261" "N5" "N8"> <"L281" "N7" "N8"> <"L332" "N7" "N9"> <"L341" "N9" "N8">
SHORTEST PATH OF  <"N10" "N3" 16>
 <"L31" "N10" "N11"> <"L41" "N10" "N2"> <"L51" "N10" "N3"> <"L91" "N11" "N3"> <"L121" "N2" "N3">
SHORTEST PATH OF  <"N9" "N11" 13>
 <"L82" "N2" "N11"> <"L112" "N8" "N11"> <"L301" "N9" "N11"> <"L311" "N9" "N2"> <"L341" "N9" "N8">
SHORTEST PATH OF  <"N2" "N8" 16>
 <"L151" "N2" "N5"> <"L161" "N2" "N6"> <"L171" "N2" "N8"> <"L261" "N5" "N8"> <"L271" "N6" "N8">
SHORTEST PATH OF  <"N2" "N5" 13>
 <"L121" "N2" "N3"> <"L151" "N2" "N5"> <"L161" "N2" "N6"> <"L191" "N3" "N5"> <"L232" "N6" "N5">
SHORTEST PATH OF  <"N1" "N7" 18>
 <"L11" "N1" "N9"> <"L131" "N1" "N7"> <"L241" "N1" "N8"> <"L282" "N8" "N7"> <"L331" "N9" "N7">
SHORTEST PATH OF  <"N3" "N5" 17>
 <"L181" "N3" "N4"> <"L191" "N3" "N5"> <"L201" "N3" "N6"> <"L211" "N4" "N5"> <"L232" "N6" "N5">
SHORTEST PATH OF  <"N6" "N8" 12>
 <"L232" "N6" "N5"> <"L261" "N5" "N8"> <"L271" "N6" "N8"> <"L322" "N6" "N9"> <"L341" "N9" "N8">
SHORTEST PATH OF  <"N1" "N10" 15>
 <"L21" "N1" "N10"> <"L62" "N7" "N10"> <"L72" "N8" "N10"> <"L131" "N1" "N7"> <"L241" "N1" "N8">
SHORTEST PATH OF  <"N10" "N11" 18>
 <"L31" "N10" "N11"> <"L51" "N10" "N3"> <"L61" "N10" "N7"> <"L92" "N3" "N11"> <"L102" "N7" "N11">
SHORTEST PATH OF  <"N5" "N8" 17>
 <"L152" "N5" "N2"> <"L171" "N2" "N8"> <"L231" "N5" "N6"> <"L261" "N5" "N8"> <"L271" "N6" "N8">
SHORTEST PATH OF  <"N4" "N5" 15>
 <"L142" "N4" "N2"> <"L151" "N2" "N5"> <"L211" "N4" "N5"> <"L221" "N4" "N6"> <"L232" "N6" "N5">
SHORTEST PATH OF  <"N9" "N8" 10>
 <"L71" "N10" "N8"> <"L271" "N6" "N8"> <"L291" "N9" "N10"> <"L321" "N9" "N6"> <"L341" "N9" "N8">
SHORTEST PATH OF  <"N11" "N3" 14>
 <"L32" "N11" "N10"> <"L51" "N10" "N3"> <"L81" "N11" "N2"> <"L91" "N11" "N3"> <"L121" "N2" "N3">
SHORTEST PATH OF  <"N5" "N6" 16>
 <"L212" "N5" "N4"> <"L221" "N4" "N6"> <"L231" "N5" "N6"> <"L261" "N5" "N8"> <"L272" "N8" "N6">
SHORTEST PATH OF  <"N2" "N3" 12>
 <"L121" "N2" "N3"> <"L151" "N2" "N5"> <"L161" "N2" "N6"> <"L192" "N5" "N3"> <"L202" "N6" "N3">
SHORTEST PATH OF  <"N11" "N2" 19>
 <"L81" "N11" "N2"> <"L91" "N11" "N3"> <"L111" "N11" "N8"> <"L122" "N3" "N2"> <"L172" "N8" "N2">
SHORTEST PATH OF  <"N9" "N10" 15>
 <"L42" "N2" "N10"> <"L62" "N7" "N10"> <"L291" "N9" "N10"> <"L311" "N9" "N2"> <"L331" "N9" "N7">
SHORTEST PATH OF  <"N1" "N9" 10>
 <"L11" "N1" "N9"> <"L21" "N1" "N10"> <"L241" "N1" "N8"> <"L292" "N10" "N9"> <"L342" "N8" "N9">
SHORTEST PATH OF  <"N9" "N7" 10>
 <"L61" "N10" "N7"> <"L282" "N8" "N7"> <"L291" "N9" "N10"> <"L331" "N9" "N7"> <"L341" "N9" "N8">
SHORTEST PATH OF  <"N2" "N6" 15>
 <"L151" "N2" "N5"> <"L161" "N2" "N6"> <"L231" "N5" "N6"> <"L312" "N2" "N9"> <"L321" "N9" "N6">
SHORTEST PATH OF  <"N2" "N4" 13>
 <"L141" "N2" "N4"> <"L151" "N2" "N5"> <"L161" "N2" "N6"> <"L212" "N5" "N4"> <"L222" "N6" "N4">
[:>] solve ROOT ("prepro.mod") =>  called: 1 runtime: 0 acc. time: 0
SOLVE RELAXMASTER
Master Obj : 34200000 Dummy : 342 EXTRA CALL 0 COLUMNS : 0 non-basis rate : NaN
SOLVE PRICE
Price Obj :-2399965 Cost : 35 column index 0
[:>] solve PRICE ("price.mod") =>  called: 1 runtime: 1 acc. time: 1
SOLVE RELAXMASTER
Master Obj : 665 Dummy : 0 EXTRA CALL 1 COLUMNS : 1 non-basis rate : 0
SOLVE PRICE
Price Obj :-31 Cost : 4 column index 1
[:>] solve PRICE ("price.mod") =>  called: 2 runtime: 0 acc. time: 1
SOLVE RELAXMASTER
Master Obj : 634 Dummy : 0 EXTRA CALL 2 COLUMNS : 2 non-basis rate : 0
SOLVE PRICE
Price Obj :-28 Cost : 7 column index 2
[:>] solve PRICE ("price.mod") =>  called: 3 runtime: 0 acc. time: 1
SOLVE RELAXMASTER
Master Obj : 634 Dummy : 0 EXTRA CALL 3 COLUMNS : 3 non-basis rate : 0
SOLVE PRICE
Price Obj :-27 Cost : 5 column index 3
[:>] solve PRICE ("price.mod") =>  called: 4 runtime: 0 acc. time: 1
SOLVE RELAXMASTER
Master Obj : 607 Dummy : 0 EXTRA CALL 4 COLUMNS : 4 non-basis rate : 0
SOLVE PRICE
Price Obj :-26 Cost : 8 column index 4
[:>] solve PRICE ("price.mod") =>  called: 5 runtime: 0 acc. time: 1
SOLVE RELAXMASTER
Master Obj : 607 Dummy : 0 EXTRA CALL 5 COLUMNS : 5 non-basis rate : 0
SOLVE PRICE
Price Obj :-23 Cost : 7 column index 5
[:>] solve PRICE ("price.mod") =>  called: 6 runtime: 0 acc. time: 1
SOLVE RELAXMASTER
Master Obj : 607 Dummy : 0 EXTRA CALL 6 COLUMNS : 6 non-basis rate : 0
SOLVE PRICE
Price Obj :-22 Cost : 8 column index 6
[:>] solve PRICE ("price.mod") =>  called: 7 runtime: 0 acc. time: 1
SOLVE RELAXMASTER
Master Obj : 593 Dummy : 0 EXTRA CALL 7 COLUMNS : 7 non-basis rate : 0.1666666666666667
SOLVE PRICE
Price Obj :-22 Cost : 11 column index 7
[:>] solve PRICE ("price.mod") =>  called: 8 runtime: 0 acc. time: 1
SOLVE RELAXMASTER
Master Obj : 592 Dummy : 0 EXTRA CALL 8 COLUMNS : 8 non-basis rate : 0.3333333333333333
SOLVE PRICE
Price Obj :-22.5 Cost : 12 column index 8
[:>] solve PRICE ("price.mod") =>  called: 9 runtime: 0 acc. time: 1
SOLVE RELAXMASTER
Master Obj : 589 Dummy : 0 EXTRA CALL 9 COLUMNS : 9 non-basis rate : 0.2857142857142857
SOLVE PRICE
Price Obj :-16 Cost : 11 column index 9
[:>] solve PRICE ("price.mod") =>  called: 10 runtime: 0 acc. time: 1
SOLVE RELAXMASTER
Master Obj : 579 Dummy : 0 EXTRA CALL 10 COLUMNS : 10 non-basis rate : 0
SOLVE PRICE
Price Obj :-16 Cost : 18 column index 10
[:>] solve PRICE ("price.mod") =>  called: 11 runtime: 0 acc. time: 1
SOLVE RELAXMASTER
Master Obj : 574.25 Dummy : 0 EXTRA CALL 11 COLUMNS : 11 non-basis rate : 0.2222222222222222
SOLVE PRICE
Price Obj :-16 Cost : 18 column index 11
[:>] solve PRICE ("price.mod") =>  called: 12 runtime: 0 acc. time: 1
SOLVE RELAXMASTER
Master Obj : 573.6666666666667 Dummy : 0 EXTRA CALL 12 COLUMNS : 12 non-basis rate : 0.3333333333333333
SOLVE PRICE
Price Obj :-16.66666666666666 Cost : 16 column index 12
[:>] solve PRICE ("price.mod") =>  called: 13 runtime: 0 acc. time: 1
SOLVE RELAXMASTER
Master Obj : 573.6666666666667 Dummy : 0 EXTRA CALL 13 COLUMNS : 13 non-basis rate : 0.3
SOLVE PRICE
Price Obj :-16.33333333333333 Cost : 18 column index 13
[:>] solve PRICE ("price.mod") =>  called: 14 runtime: 0 acc. time: 1
SOLVE RELAXMASTER
Master Obj : 567.5 Dummy : 0 EXTRA CALL 14 COLUMNS : 14 non-basis rate : 0.4
SOLVE PRICE
Price Obj :-12.5 Cost : 19 column index 14
[:>] solve PRICE ("price.mod") =>  called: 15 runtime: 0 acc. time: 1
SOLVE RELAXMASTER
Master Obj : 563.4 Dummy : 0 EXTRA CALL 15 COLUMNS : 15 non-basis rate : 0.25
SOLVE PRICE
Price Obj :-14.2 Cost : 19 column index 15
[:>] solve PRICE ("price.mod") =>  called: 16 runtime: 0 acc. time: 1
SOLVE RELAXMASTER
Master Obj : 561.8571428571429 Dummy : 0 EXTRA CALL 16 COLUMNS : 16 non-basis rate : 0.4545454545454545
SOLVE PRICE
Price Obj :-13.42857142857143 Cost : 18 column index 16
[:>] solve PRICE ("price.mod") =>  called: 17 runtime: 0 acc. time: 1
SOLVE RELAXMASTER
Master Obj : 558.1666666666667 Dummy : 0 EXTRA CALL 17 COLUMNS : 17 non-basis rate : 0.5454545454545454
SOLVE PRICE
Price Obj :-14.00000000000001 Cost : 20 column index 17
[:>] solve PRICE ("price.mod") =>  called: 18 runtime: 0 acc. time: 1
SOLVE RELAXMASTER
Master Obj : 554.8125 Dummy : 0 EXTRA CALL 18 COLUMNS : 18 non-basis rate : 0.3846153846153846
SOLVE PRICE
Price Obj :-9.1875 Cost : 23 column index 18
[:>] solve PRICE ("price.mod") =>  called: 19 runtime: 0 acc. time: 1
SOLVE RELAXMASTER
Master Obj : 554.8061224489797 Dummy : 0 EXTRA CALL 19 COLUMNS : 19 non-basis rate : 0.3571428571428572
SOLVE PRICE
Price Obj :-11.61224489795919 Cost : 23 column index 19
[:>] solve PRICE ("price.mod") =>  called: 20 runtime: 0 acc. time: 1
SOLVE RELAXMASTER
Master Obj : 553.34 Dummy : 0 EXTRA CALL 20 COLUMNS : 20 non-basis rate : 0.3333333333333333
SOLVE PRICE
Price Obj :-11.5 Cost : 22 column index 20
[:>] solve PRICE ("price.mod") =>  called: 21 runtime: 0 acc. time: 1
SOLVE RELAXMASTER
Master Obj : 550.7714285714285 Dummy : 0 EXTRA CALL 21 COLUMNS : 21 non-basis rate : 0.6153846153846154
SOLVE PRICE
Price Obj :-12.6 Cost : 17 column index 21
[:>] solve PRICE ("price.mod") =>  called: 22 runtime: 0 acc. time: 1
SOLVE RELAXMASTER
Master Obj : 550.3703703703703 Dummy : 0 EXTRA CALL 22 COLUMNS : 22 non-basis rate : 0.5714285714285714
SOLVE PRICE
Price Obj :-8.055555555555557 Cost : 16 column index 22
[:>] solve PRICE ("price.mod") =>  called: 23 runtime: 0 acc. time: 1
SOLVE RELAXMASTER
Master Obj : 549.7530864197531 Dummy : 0 EXTRA CALL 23 COLUMNS : 23 non-basis rate : 0.6428571428571429
SOLVE PRICE
Price Obj :-11.14814814814815 Cost : 22 column index 23
[:>] solve PRICE ("price.mod") =>  called: 24 runtime: 0 acc. time: 1
SOLVE RELAXMASTER
Master Obj : 549.3473684210526 Dummy : 0 EXTRA CALL 24 COLUMNS : 24 non-basis rate : 0.7142857142857143
SOLVE PRICE
Price Obj :-11.12631578947368 Cost : 18 column index 24
[:>] solve PRICE ("price.mod") =>  called: 25 runtime: 0 acc. time: 1
SOLVE RELAXMASTER
Master Obj : 548.4429400386847 Dummy : 0 EXTRA CALL 25 COLUMNS : 25 non-basis rate : 0.5625
SOLVE PRICE
Price Obj :-7.272727272727266 Cost : 25 column index 25
[:>] solve PRICE ("price.mod") =>  called: 26 runtime: 0 acc. time: 1
SOLVE RELAXMASTER
Master Obj : 548.0615384615385 Dummy : 0 EXTRA CALL 26 COLUMNS : 26 non-basis rate : 0.625
SOLVE PRICE
Price Obj :-8.969230769230784 Cost : 26 column index 26
[:>] solve PRICE ("price.mod") =>  called: 27 runtime: 0 acc. time: 1
SOLVE RELAXMASTER
Master Obj : 545.5905511811023 Dummy : 0 EXTRA CALL 27 COLUMNS : 27 non-basis rate : 0.5882352941176471
SOLVE PRICE
Price Obj :-9.645669291338583 Cost : 20 column index 27
[:>] solve PRICE ("price.mod") =>  called: 28 runtime: 0 acc. time: 1
SOLVE RELAXMASTER
Master Obj : 542.5844370860927 Dummy : 0 EXTRA CALL 28 COLUMNS : 28 non-basis rate : 0.6470588235294118
SOLVE PRICE
Price Obj :-8.493377483443705 Cost : 23 column index 28
[:>] solve PRICE ("price.mod") =>  called: 29 runtime: 0 acc. time: 1
SOLVE RELAXMASTER
Master Obj : 541.25 Dummy : 0 EXTRA CALL 29 COLUMNS : 29 non-basis rate : 0.5263157894736842
SOLVE PRICE
Price Obj :-7.928571428571416 Cost : 22 column index 29
[:>] solve PRICE ("price.mod") =>  called: 30 runtime: 0 acc. time: 1
SOLVE RELAXMASTER
Master Obj : 538.9964788732394 Dummy : 0 EXTRA CALL 30 COLUMNS : 30 non-basis rate : 0.6666666666666666
SOLVE PRICE
Price Obj :-6.954225352112687 Cost : 24 column index 30
[:>] solve PRICE ("price.mod") =>  called: 31 runtime: 0 acc. time: 1
SOLVE RELAXMASTER
Master Obj : 538.8212906784336 Dummy : 0 EXTRA CALL 31 COLUMNS : 31 non-basis rate : 0.631578947368421
SOLVE PRICE
Price Obj :-7.752344180915614 Cost : 26 column index 31
[:>] solve PRICE ("price.mod") =>  called: 32 runtime: 0 acc. time: 1
SOLVE RELAXMASTER
Master Obj : 538.4574789915966 Dummy : 0 EXTRA CALL 32 COLUMNS : 32 non-basis rate : 0.6842105263157895
SOLVE PRICE
Price Obj :-4.309243697478987 Cost : 25 column index 32
[:>] solve PRICE ("price.mod") =>  called: 33 runtime: 0 acc. time: 1
SOLVE RELAXMASTER
Master Obj : 538.3598412577272 Dummy : 0 EXTRA CALL 33 COLUMNS : 33 non-basis rate : 0.65
SOLVE PRICE
Price Obj :-1.46332900862398 Cost : 23 column index 33
[:>] solve PRICE ("price.mod") =>  called: 34 runtime: 0 acc. time: 1
SOLVE RELAXMASTER
Master Obj : 538.3307149514047 Dummy : 0 EXTRA CALL 34 COLUMNS : 34 non-basis rate : 0.6190476190476191
SOLVE PRICE
Price Obj :-3.986419917454402 Cost : 28 column index 34
[:>] solve PRICE ("price.mod") =>  called: 35 runtime: 1 acc. time: 2
SOLVE RELAXMASTER
Master Obj : 538.1973365617433 Dummy : 0 EXTRA CALL 35 COLUMNS : 35 non-basis rate : 0.6666666666666666
SOLVE PRICE
Price Obj :-4.832929782082324 Cost : 22 column index 35
[:>] solve PRICE ("price.mod") =>  called: 36 runtime: 0 acc. time: 2
SOLVE RELAXMASTER
Master Obj : 538.093137254902 Dummy : 0 EXTRA CALL 36 COLUMNS : 36 non-basis rate : 0.7142857142857143
SOLVE PRICE
Price Obj :-4.926470588235306 Cost : 27 column index 36
[:>] solve PRICE ("price.mod") =>  called: 37 runtime: 1 acc. time: 3
SOLVE RELAXMASTER
Master Obj : 537.9759450171821 Dummy : 0 EXTRA CALL 37 COLUMNS : 37 non-basis rate : 0.7619047619047619
SOLVE PRICE
Price Obj :-5.818806622930328 Cost : 26 column index 37
[:>] solve PRICE ("price.mod") =>  called: 38 runtime: 1 acc. time: 4
SOLVE RELAXMASTER
Master Obj : 537.6820161347897 Dummy : 0 EXTRA CALL 38 COLUMNS : 38 non-basis rate : 0.8095238095238095
SOLVE PRICE
Price Obj :-2.667737559791533 Cost : 26 column index 38
[:>] solve PRICE ("price.mod") =>  called: 39 runtime: 0 acc. time: 4
SOLVE RELAXMASTER
Master Obj : 537.452451394759 Dummy : 0 EXTRA CALL 39 COLUMNS : 39 non-basis rate : 0.7727272727272727
SOLVE PRICE
Price Obj :-5.113693998309373 Cost : 24 column index 39
[:>] solve PRICE ("price.mod") =>  called: 40 runtime: 1 acc. time: 5
SOLVE RELAXMASTER
Master Obj : 537.096488723951 Dummy : 0 EXTRA CALL 40 COLUMNS : 40 non-basis rate : 0.9047619047619048
SOLVE PRICE
Price Obj :-5.838424207821866 Cost : 24 column index 40
[:>] solve PRICE ("price.mod") =>  called: 41 runtime: 0 acc. time: 5
SOLVE RELAXMASTER
Master Obj : 536.4792434685046 Dummy : 0 EXTRA CALL 41 COLUMNS : 41 non-basis rate : 0.8636363636363636
SOLVE PRICE
Price Obj :-4.87265587433884 Cost : 16 column index 41
[:>] solve PRICE ("price.mod") =>  called: 42 runtime: 0 acc. time: 5
SOLVE RELAXMASTER
Master Obj : 535.9417520969245 Dummy : 0 EXTRA CALL 42 COLUMNS : 42 non-basis rate : 0.9090909090909091
SOLVE PRICE
Price Obj :-4.544437854782668 Cost : 27 column index 42
[:>] solve PRICE ("price.mod") =>  called: 43 runtime: 0 acc. time: 5
SOLVE RELAXMASTER
Master Obj : 535.6801458593225 Dummy : 0 EXTRA CALL 43 COLUMNS : 43 non-basis rate : 0.8695652173913043
SOLVE PRICE
Price Obj :-3.197197965646293 Cost : 26 column index 43
[:>] solve PRICE ("price.mod") =>  called: 44 runtime: 1 acc. time: 6
SOLVE RELAXMASTER
Master Obj : 535.3756981397599 Dummy : 0 EXTRA CALL 44 COLUMNS : 44 non-basis rate : 0.9130434782608695
SOLVE PRICE
Price Obj :-4.423479484585954 Cost : 24 column index 44
[:>] solve PRICE ("price.mod") =>  called: 45 runtime: 0 acc. time: 6
SOLVE RELAXMASTER
Master Obj : 534.7659920491507 Dummy : 0 EXTRA CALL 45 COLUMNS : 45 non-basis rate : 0.875
SOLVE PRICE
Price Obj :-2.886158294181413 Cost : 30 column index 45
[:>] solve PRICE ("price.mod") =>  called: 46 runtime: 1 acc. time: 7
SOLVE RELAXMASTER
Master Obj : 534.505207158433 Dummy : 0 EXTRA CALL 46 COLUMNS : 46 non-basis rate : 0.9166666666666666
SOLVE PRICE
Price Obj :-3.355158282577647 Cost : 25 column index 46
[:>] solve PRICE ("price.mod") =>  called: 47 runtime: 0 acc. time: 7
SOLVE RELAXMASTER
Master Obj : 534.3363867344211 Dummy : 0 EXTRA CALL 47 COLUMNS : 47 non-basis rate : 1.043478260869565
SOLVE PRICE
Price Obj :-3.13934207007221 Cost : 29 column index 47
[:>] solve PRICE ("price.mod") =>  called: 48 runtime: 1 acc. time: 8
SOLVE RELAXMASTER
Master Obj : 534.1514242140995 Dummy : 0 EXTRA CALL 48 COLUMNS : 48 non-basis rate : 1
SOLVE PRICE
Price Obj :-3.267378363752652 Cost : 21 column index 48
[:>] solve PRICE ("price.mod") =>  called: 49 runtime: 0 acc. time: 8
SOLVE RELAXMASTER
Master Obj : 533.9300319726374 Dummy : 0 EXTRA CALL 49 COLUMNS : 49 non-basis rate : 1.130434782608696
SOLVE PRICE
Price Obj :-1.863670161350292 Cost : 26 column index 49
[:>] solve PRICE ("price.mod") =>  called: 50 runtime: 1 acc. time: 9
SOLVE RELAXMASTER
Master Obj : 533.3769284712483 Dummy : 0 EXTRA CALL 50 COLUMNS : 50 non-basis rate : 1.173913043478261
SOLVE PRICE
Price Obj :-2.73667601683028 Cost : 24 column index 50
[:>] solve PRICE ("price.mod") =>  called: 51 runtime: 0 acc. time: 9
SOLVE RELAXMASTER
Master Obj : 533.226473629783 Dummy : 0 EXTRA CALL 51 COLUMNS : 51 non-basis rate : 1.125
SOLVE PRICE
Price Obj :-1.762150982419858 Cost : 23 column index 51
[:>] solve PRICE ("price.mod") =>  called: 52 runtime: 0 acc. time: 9
SOLVE RELAXMASTER
Master Obj : 533.1118834822905 Dummy : 0 EXTRA CALL 52 COLUMNS : 52 non-basis rate : 1.166666666666667
SOLVE PRICE
Price Obj :-1.482278372380986 Cost : 27 column index 52
[:>] solve PRICE ("price.mod") =>  called: 53 runtime: 0 acc. time: 9
SOLVE RELAXMASTER
Master Obj : 532.9254174397033 Dummy : 0 EXTRA CALL 53 COLUMNS : 53 non-basis rate : 1.208333333333333
trim down non-basis columns to 1
need to delete 5 nonbasic column
SOLVE RELAXMASTER
Master Obj : 532.9254174397033 Dummy : 0 EXTRA CALL 54 COLUMNS : 48 non-basis rate : 1
SOLVE PRICE
Price Obj :-2.304267161410024 Cost : 20 column index 53
[:>] solve PRICE ("price.mod") =>  called: 54 runtime: 0 acc. time: 9
SOLVE RELAXMASTER
Master Obj : 532.8972001671543 Dummy : 0 EXTRA CALL 55 COLUMNS : 49 non-basis rate : 1.041666666666667
SOLVE PRICE
Price Obj :-2.079607187630593 Cost : 26 column index 54
[:>] solve PRICE ("price.mod") =>  called: 55 runtime: 0 acc. time: 9
SOLVE RELAXMASTER
Master Obj : 532.6610818573479 Dummy : 0 EXTRA CALL 56 COLUMNS : 50 non-basis rate : 1.083333333333333
SOLVE PRICE
Price Obj :-0.5102920057443789 Cost : 20 column index 55
[:>] solve PRICE ("price.mod") =>  called: 56 runtime: 0 acc. time: 9
SOLVE RELAXMASTER
Master Obj : 532.5958965209635 Dummy : 0 EXTRA CALL 57 COLUMNS : 51 non-basis rate : 1.125
SOLVE PRICE
Price Obj :-1.433095450490633 Cost : 22 column index 56
[:>] solve PRICE ("price.mod") =>  called: 57 runtime: 0 acc. time: 9
SOLVE RELAXMASTER
Master Obj : 532.1905945721981 Dummy : 0 EXTRA CALL 58 COLUMNS : 52 non-basis rate : 1.166666666666667
SOLVE PRICE
Price Obj :-1.173813963124086 Cost : 26 column index 57
[:>] solve PRICE ("price.mod") =>  called: 58 runtime: 0 acc. time: 9
SOLVE RELAXMASTER
Master Obj : 532.1746031746031 Dummy : 0 EXTRA CALL 59 COLUMNS : 53 non-basis rate : 1.208333333333333
trim down non-basis columns to 1
need to delete 5 nonbasic column
SOLVE RELAXMASTER
Master Obj : 532.1746031746031 Dummy : 0 EXTRA CALL 60 COLUMNS : 48 non-basis rate : 1
SOLVE PRICE
Price Obj :-0.7936507936507957 Cost : 16 column index 58
[:>] solve PRICE ("price.mod") =>  called: 59 runtime: 0 acc. time: 9
SOLVE RELAXMASTER
Master Obj : 532.0916214587102 Dummy : 0 EXTRA CALL 61 COLUMNS : 49 non-basis rate : 1.041666666666667
SOLVE PRICE
Price Obj :-2.168173598553381 Cost : 26 column index 59
[:>] solve PRICE ("price.mod") =>  called: 60 runtime: 1 acc. time: 10
SOLVE RELAXMASTER
Master Obj : 532.072031372549 Dummy : 0 EXTRA CALL 62 COLUMNS : 50 non-basis rate : 1.083333333333333
SOLVE PRICE
Price Obj :-1.102745098039215 Cost : 21 column index 60
[:>] solve PRICE ("price.mod") =>  called: 61 runtime: 0 acc. time: 10
SOLVE RELAXMASTER
Master Obj : 532.048604560839 Dummy : 0 EXTRA CALL 63 COLUMNS : 51 non-basis rate : 1.125
SOLVE PRICE
Price Obj :-1.030405592853578 Cost : 12 column index 61
[:>] solve PRICE ("price.mod") =>  called: 62 runtime: 0 acc. time: 10
SOLVE RELAXMASTER
Master Obj : 531.8567438148442 Dummy : 0 EXTRA CALL 64 COLUMNS : 52 non-basis rate : 1.166666666666667
SOLVE PRICE
Price Obj :-1.302274541101347 Cost : 30 column index 62
[:>] solve PRICE ("price.mod") =>  called: 63 runtime: 1 acc. time: 11
SOLVE RELAXMASTER
Master Obj : 531.5845835488877 Dummy : 0 EXTRA CALL 65 COLUMNS : 53 non-basis rate : 1.208333333333333
trim down non-basis columns to 1
need to delete 5 nonbasic column
SOLVE RELAXMASTER
Master Obj : 531.5845835488877 Dummy : 0 EXTRA CALL 66 COLUMNS : 48 non-basis rate : 1
SOLVE PRICE
Price Obj :-1.428867046042427 Cost : 21 column index 63
[:>] solve PRICE ("price.mod") =>  called: 64 runtime: 0 acc. time: 11
SOLVE RELAXMASTER
Master Obj : 531.4538752023018 Dummy : 0 EXTRA CALL 67 COLUMNS : 49 non-basis rate : 1.041666666666667
SOLVE PRICE
Price Obj :-1.114367919438948 Cost : 27 column index 64
[:>] solve PRICE ("price.mod") =>  called: 65 runtime: 1 acc. time: 12
SOLVE RELAXMASTER
Master Obj : 531.3461538461539 Dummy : 0 EXTRA CALL 68 COLUMNS : 50 non-basis rate : 1.083333333333333
SOLVE PRICE
Price Obj :-1.49230769230769 Cost : 26 column index 65
[:>] solve PRICE ("price.mod") =>  called: 66 runtime: 1 acc. time: 13
SOLVE RELAXMASTER
Master Obj : 531.335652173913 Dummy : 0 EXTRA CALL 69 COLUMNS : 51 non-basis rate : 1.125
SOLVE PRICE
Price Obj :-1.052173913043472 Cost : 25 column index 66
[:>] solve PRICE ("price.mod") =>  called: 67 runtime: 1 acc. time: 14
SOLVE RELAXMASTER
Master Obj : 531.1666666666667 Dummy : 0 EXTRA CALL 70 COLUMNS : 52 non-basis rate : 1.166666666666667
SOLVE PRICE
Price Obj :-1.012820512820529 Cost : 20 column index 67
[:>] solve PRICE ("price.mod") =>  called: 68 runtime: 0 acc. time: 14
SOLVE RELAXMASTER
Master Obj : 531.1666666666666 Dummy : 0 EXTRA CALL 71 COLUMNS : 53 non-basis rate : 1.208333333333333
trim down non-basis columns to 1
need to delete 5 nonbasic column
SOLVE RELAXMASTER
Master Obj : 531.1666666666666 Dummy : 0 EXTRA CALL 72 COLUMNS : 48 non-basis rate : 1
SOLVE PRICE
Price Obj :-0.7307692307692371 Cost : 22 column index 68
[:>] solve PRICE ("price.mod") =>  called: 69 runtime: 0 acc. time: 14
SOLVE RELAXMASTER
Master Obj : 531.1565495207667 Dummy : 0 EXTRA CALL 73 COLUMNS : 49 non-basis rate : 1.041666666666667
SOLVE PRICE
Price Obj :-0.9424920127795531 Cost : 27 column index 69
[:>] solve PRICE ("price.mod") =>  called: 70 runtime: 0 acc. time: 14
SOLVE RELAXMASTER
Master Obj : 531.0000000000001 Dummy : 0 EXTRA CALL 74 COLUMNS : 50 non-basis rate : 1.083333333333333
SOLVE PRICE
[:>] solve PRICE ("price.mod") =>  called: 71 runtime: 0 acc. time: 14
SOLVE FINAL
Master Obj : 536 Dummy : 0 EXTRA CALL 75 COLUMNS : 50
INTOBJ         :536
RELAXOBJ       :531.0000000000001
GAP            :0.9328358191551358
USED WAVE      :19
WORKING COST   :347
PROTECT COST   :189
USED CONFIGS   :11
===================================== PERFORMANCE INFORMATION =====================================

MODEL       CALL TOTAL-TIME MEAN-TIME          RELAX SOURCE     
-----       ---- ---------- ---------          ----- ------     
ROOT        1    0          0                  false prepro.mod 
RELAXMASTER 75   0          0                  true  master.mod 
FINAL       1    0          0                  false master.mod 
PRICE       71   14         0.1971830985915493 false price.mod  

----------------------------------------------------------------------------------------------------
OVERALL-RUNTIME: 27
----------------------------------------------------------------------------------------------------

main returns 0

<<< main


<<< done

----------------------------------------
Begin PBS Epilogue Tue Jan 22 10:47:49 EST 2013 1358869669
Job ID:		753821.egeon2
Username:	hoangha1
Group:		jaumard1
Job Name:	pdh.pbs
Session:	27917
Limits:		neednodes=1:m48G:ppn=4,nodes=1:m48G:ppn=4,walltime=168:00:00
Resources:	cput=00:00:33,mem=49360kb,vmem=530564kb,walltime=00:00:29
Queue:		normale
Account:		
Nodes:	node-e1-63
Killing leftovers...

End PBS Epilogue Tue Jan 22 10:47:49 EST 2013 1358869669
----------------------------------------
