
Log started (V12.2.0.0) Sat Jan  7 12:55:21 2012

File 'maxwave.lp;' not found.
No file read.

Problem 'maxwave.lp' read.
Read time =    1.19 sec.
Infeasible indicator constraint
Presolve time =    0.71 sec.


MIP - Integer infeasible.
Current MIP best bound is infinite.
Solution time =    1.53 sec.  Iterations = 0  Nodes = 0


Log started (V12.2.0.0) Sat Jan  7 13:06:25 2012


Problem '../../maxwave.lp' read.
Read time =    0.01 sec.
Infeasible indicator constraint
Presolve time =    0.00 sec.


MIP - Integer infeasible.
Current MIP best bound is infinite.
Solution time =    0.00 sec.  Iterations = 0  Nodes = 0


Log started (V12.2.0.0) Sat Jan  7 13:10:04 2012


Problem '../../maxwave.lp' read.
Read time =    0.01 sec.
Infeasible indicator constraint
Presolve time =    0.10 sec.


MIP - Integer infeasible.
Current MIP best bound is infinite.
Solution time =    0.10 sec.  Iterations = 0  Nodes = 0

